Log file open, 07/21/18 16:22:09
LogWindows: Failed to load 'aqProf.dll' (GetLastError=126)
LogWindows: File 'aqProf.dll' does not exist
LogWindows: Failed to load 'VtuneApi.dll' (GetLastError=126)
LogWindows: File 'VtuneApi.dll' does not exist
LogWindows: Failed to load 'VtuneApi32e.dll' (GetLastError=126)
LogWindows: File 'VtuneApi32e.dll' does not exist
LogInit: Display: Running engine for game: BuildingEscape
LogPlatformFile: Not using cached read wrapper
LogInit: Display: RandInit(-1067321090) SRandInit(-1067321090).
LogInit: Read version file with build ID '3944462'
LogInit: Overriding engine version to CL 4033788, compatible CL 3944462
LogInit: Registered custom module enumerator with build ID '3944462'
LogTaskGraph: Started task graph with 5 named threads and 23 total threads with 3 sets of task threads.
LogStats: Stats thread started at 0.290159
LogD3D11RHI: Aftermath initialized
LogICUInternationalization: Display: ICU TimeZone Detection - Raw Offset: -6:00, Platform Override: ''
LogPluginManager: Mounting plugin Paper2D
LogPluginManager: Mounting plugin LiveLink
LogPluginManager: Mounting plugin LightPropagationVolume
LogPluginManager: Mounting plugin CLionSourceCodeAccess
LogPluginManager: Mounting plugin CodeLiteSourceCodeAccess
LogPluginManager: Mounting plugin GitSourceControl
LogPluginManager: Mounting plugin KDevelopSourceCodeAccess
LogPluginManager: Mounting plugin NullSourceCodeAccess
LogPluginManager: Mounting plugin PerforceSourceControl
LogPluginManager: Mounting plugin SubversionSourceControl
LogPluginManager: Mounting plugin UObjectPlugin
LogPluginManager: Mounting plugin VisualStudioCodeSourceCodeAccess
LogPluginManager: Mounting plugin VisualStudioSourceCodeAccess
LogPluginManager: Mounting plugin XCodeSourceCodeAccess
LogPluginManager: Mounting plugin AssetManagerEditor
LogPluginManager: Mounting plugin CryptoKeys
LogPluginManager: Mounting plugin DataValidation
LogPluginManager: Mounting plugin FacialAnimation
LogPluginManager: Mounting plugin GameplayTagsEditor
LogPluginManager: Mounting plugin MobileLauncherProfileWizard
LogPluginManager: Mounting plugin PluginBrowser
LogPluginManager: Mounting plugin SpeedTreeImporter
LogPluginManager: Mounting plugin DatasmithContent
LogPluginManager: Mounting plugin AlembicImporter
LogPluginManager: Mounting plugin CharacterAI
LogPluginManager: Mounting plugin HTML5Networking
LogPluginManager: Mounting plugin AndroidMedia
LogPluginManager: Mounting plugin AvfMedia
LogPluginManager: Mounting plugin ImgMedia
LogPluginManager: Mounting plugin LinearTimecode
LogPluginManager: Mounting plugin MediaCompositing
LogPluginManager: Mounting plugin MediaPlayerEditor
LogPluginManager: Mounting plugin WmfMedia
LogPluginManager: Mounting plugin TcpMessaging
LogPluginManager: Mounting plugin UdpMessaging
LogPluginManager: Mounting plugin ActorSequence
LogPluginManager: Mounting plugin LevelSequenceEditor
LogPluginManager: Mounting plugin MatineeToLevelSequence
LogPluginManager: Mounting plugin NetcodeUnitTest
LogPluginManager: Mounting plugin NUTUnrealEngine4
LogPluginManager: Mounting plugin OnlineSubsystemGooglePlay
LogPluginManager: Mounting plugin OnlineSubsystemIOS
LogPluginManager: Mounting plugin OnlineSubsystem
LogPluginManager: Mounting plugin OnlineSubsystemNull
LogPluginManager: Mounting plugin OnlineSubsystemUtils
LogPluginManager: Mounting plugin AndroidDeviceProfileSelector
LogPluginManager: Mounting plugin AndroidMoviePlayer
LogPluginManager: Mounting plugin AndroidPermission
LogPluginManager: Mounting plugin AppleARKit
LogPluginManager: Mounting plugin AppleMoviePlayer
LogPluginManager: Mounting plugin ArchVisCharacter
LogPluginManager: Mounting plugin AudioCapture
LogPluginManager: Mounting plugin CableComponent
LogPluginManager: Mounting plugin CustomMeshComponent
LogPluginManager: Mounting plugin ExampleDeviceProfileSelector
LogPluginManager: Mounting plugin GoogleCloudMessaging
LogPluginManager: Mounting plugin ImmediatePhysics
LogPluginManager: Mounting plugin IOSDeviceProfileSelector
LogPluginManager: Mounting plugin LinuxDeviceProfileSelector
LogPluginManager: Mounting plugin LocationServicesBPLibrary
LogPluginManager: Mounting plugin MobilePatchingUtils
LogPluginManager: Mounting plugin OculusVR
LogPluginManager: Plugin shader directory ../../../Engine/Plugins/Runtime/Oculus/OculusVR/Shaders found
LogPluginManager: Mapping shader source directory ../../../Engine/Plugins/Runtime/Oculus/OculusVR/Shaders to virtual directory /Plugin/OculusVR
LogPluginManager: Mounting plugin PhysXVehicles
LogPluginManager: Mounting plugin ProceduralMeshComponent
LogPluginManager: Mounting plugin RuntimePhysXCooking
LogPluginManager: Mounting plugin SteamVR
LogPluginManager: Mounting plugin WindowsMoviePlayer
LogStreaming: Display: Took  0.165s to configure plugins.
LogModuleManager: Display: Found up-to-date module file ../../../../../../2018_Class_Content/Unreal_And_C++/Section_03/UE4_Building-Escape/BuildingEscape/Binaries/Win64/UE4Editor-BuildingEscape.dll (API version 3944462).
LogModuleManager: Display: Found up-to-date module file ../../../Engine/Plugins/2D/Paper2D/Binaries/Win64/UE4Editor-Paper2D.dll (API version 3944462).
LogModuleManager: Display: Found up-to-date module file ../../../Engine/Plugins/2D/Paper2D/Binaries/Win64/UE4Editor-Paper2DEditor.dll (API version 3944462).
LogModuleManager: Display: Found up-to-date module file ../../../Engine/Plugins/2D/Paper2D/Binaries/Win64/UE4Editor-PaperSpriteSheetImporter.dll (API version 3944462).
LogModuleManager: Display: Found up-to-date module file ../../../Engine/Plugins/2D/Paper2D/Binaries/Win64/UE4Editor-PaperTiledImporter.dll (API version 3944462).
LogModuleManager: Display: Found up-to-date module file ../../../Engine/Plugins/2D/Paper2D/Binaries/Win64/UE4Editor-SmartSnapping.dll (API version 3944462).
LogModuleManager: Display: Found up-to-date module file ../../../Engine/Plugins/Animation/LiveLink/Binaries/Win64/UE4Editor-LiveLink.dll (API version 3944462).
LogModuleManager: Display: Found up-to-date module file ../../../Engine/Plugins/Animation/LiveLink/Binaries/Win64/UE4Editor-LiveLinkEditor.dll (API version 3944462).
LogModuleManager: Display: Found up-to-date module file ../../../Engine/Plugins/Blendables/LightPropagationVolume/Binaries/Win64/UE4Editor-LightPropagationVolumeRuntime.dll (API version 3944462).
LogModuleManager: Display: Found up-to-date module file ../../../Engine/Plugins/Blendables/LightPropagationVolume/Binaries/Win64/UE4Editor-LightPropagationVolumeEditor.dll (API version 3944462).
LogModuleManager: Display: Found up-to-date module file ../../../Engine/Plugins/Developer/CLionSourceCodeAccess/Binaries/Win64/UE4Editor-CLionSourceCodeAccess.dll (API version 3944462).
LogModuleManager: Display: Found up-to-date module file ../../../Engine/Plugins/Developer/GitSourceControl/Binaries/Win64/UE4Editor-GitSourceControl.dll (API version 3944462).
LogModuleManager: Display: Found up-to-date module file ../../../Engine/Plugins/Developer/PerforceSourceControl/Binaries/Win64/UE4Editor-PerforceSourceControl.dll (API version 3944462).
LogModuleManager: Display: Found up-to-date module file ../../../Engine/Plugins/Developer/SubversionSourceControl/Binaries/Win64/UE4Editor-SubversionSourceControl.dll (API version 3944462).
LogModuleManager: Display: Found up-to-date module file ../../../Engine/Plugins/Developer/UObjectPlugin/Binaries/Win64/UE4Editor-UObjectPlugin.dll (API version 3944462).
LogModuleManager: Display: Found up-to-date module file ../../../Engine/Plugins/Developer/VisualStudioCodeSourceCodeAccess/Binaries/Win64/UE4Editor-VisualStudioCodeSourceCodeAccess.dll (API version 3944462).
LogModuleManager: Display: Found up-to-date module file ../../../Engine/Plugins/Developer/VisualStudioSourceCodeAccess/Binaries/Win64/UE4Editor-VisualStudioSourceCodeAccess.dll (API version 3944462).
LogModuleManager: Display: Found up-to-date module file ../../../Engine/Plugins/Editor/AssetManagerEditor/Binaries/Win64/UE4Editor-AssetManagerEditor.dll (API version 3944462).
LogModuleManager: Display: Found up-to-date module file ../../../Engine/Plugins/Editor/CryptoKeys/Binaries/Win64/UE4Editor-CryptoKeys.dll (API version 3944462).
LogModuleManager: Display: Found up-to-date module file ../../../Engine/Plugins/Editor/CryptoKeys/Binaries/Win64/UE4Editor-CryptoKeysOpenSSL.dll (API version 3944462).
LogModuleManager: Display: Found up-to-date module file ../../../Engine/Plugins/Editor/DataValidation/Binaries/Win64/UE4Editor-DataValidation.dll (API version 3944462).
LogModuleManager: Display: Found up-to-date module file ../../../Engine/Plugins/Editor/FacialAnimation/Binaries/Win64/UE4Editor-FacialAnimation.dll (API version 3944462).
LogModuleManager: Display: Found up-to-date module file ../../../Engine/Plugins/Editor/FacialAnimation/Binaries/Win64/UE4Editor-FacialAnimationEditor.dll (API version 3944462).
LogModuleManager: Display: Found up-to-date module file ../../../Engine/Plugins/Editor/GameplayTagsEditor/Binaries/Win64/UE4Editor-GameplayTagsEditor.dll (API version 3944462).
LogModuleManager: Display: Found up-to-date module file ../../../Engine/Plugins/Editor/MobileLauncherProfileWizard/Binaries/Win64/UE4Editor-MobileLauncherProfileWizard.dll (API version 3944462).
LogModuleManager: Display: Found up-to-date module file ../../../Engine/Plugins/Editor/PluginBrowser/Binaries/Win64/UE4Editor-PluginBrowser.dll (API version 3944462).
LogModuleManager: Display: Found up-to-date module file ../../../Engine/Plugins/Editor/SpeedTreeImporter/Binaries/Win64/UE4Editor-SpeedTreeImporter.dll (API version 3944462).
LogModuleManager: Display: Found up-to-date module file ../../../Engine/Plugins/Enterprise/DatasmithContent/Binaries/Win64/UE4Editor-DatasmithContent.dll (API version 3944462).
LogModuleManager: Display: Found up-to-date module file ../../../Engine/Plugins/Experimental/AlembicImporter/Binaries/Win64/UE4Editor-AlembicImporter.dll (API version 3944462).
LogModuleManager: Display: Found up-to-date module file ../../../Engine/Plugins/Experimental/AlembicImporter/Binaries/Win64/UE4Editor-AlembicLibrary.dll (API version 3944462).
LogModuleManager: Display: Found up-to-date module file ../../../Engine/Plugins/Experimental/CharacterAI/Binaries/Win64/UE4Editor-CharacterAI.dll (API version 3944462).
LogModuleManager: Display: Found up-to-date module file ../../../Engine/Plugins/Experimental/HTML5Networking/Binaries/Win64/UE4Editor-HTML5Networking.dll (API version 3944462).
LogModuleManager: Display: Found up-to-date module file ../../../Engine/Plugins/Media/AndroidMedia/Binaries/Win64/UE4Editor-AndroidMediaEditor.dll (API version 3944462).
LogModuleManager: Display: Found up-to-date module file ../../../Engine/Plugins/Media/AndroidMedia/Binaries/Win64/UE4Editor-AndroidMediaFactory.dll (API version 3944462).
LogModuleManager: Display: Found up-to-date module file ../../../Engine/Plugins/Media/AvfMedia/Binaries/Win64/UE4Editor-AvfMediaEditor.dll (API version 3944462).
LogModuleManager: Display: Found up-to-date module file ../../../Engine/Plugins/Media/AvfMedia/Binaries/Win64/UE4Editor-AvfMediaFactory.dll (API version 3944462).
LogModuleManager: Display: Found up-to-date module file ../../../Engine/Plugins/Media/AvfMedia/Binaries/Win64/UE4Editor-AvfMediaFactory.dll (API version 3944462).
LogModuleManager: Display: Found up-to-date module file ../../../Engine/Plugins/Media/ImgMedia/Binaries/Win64/UE4Editor-ImgMedia.dll (API version 3944462).
LogModuleManager: Display: Found up-to-date module file ../../../Engine/Plugins/Media/ImgMedia/Binaries/Win64/UE4Editor-ImgMediaEditor.dll (API version 3944462).
LogModuleManager: Display: Found up-to-date module file ../../../Engine/Plugins/Media/ImgMedia/Binaries/Win64/UE4Editor-ImgMediaFactory.dll (API version 3944462).
LogModuleManager: Display: Found up-to-date module file ../../../Engine/Plugins/Media/ImgMedia/Binaries/Win64/UE4Editor-ImgMediaFactory.dll (API version 3944462).
LogModuleManager: Display: Found up-to-date module file ../../../Engine/Plugins/Media/ImgMedia/Binaries/Win64/UE4Editor-OpenExrWrapper.dll (API version 3944462).
LogModuleManager: Display: Found up-to-date module file ../../../Engine/Plugins/Media/LinearTimecode/Binaries/Win64/UE4Editor-LinearTimecode.dll (API version 3944462).
LogModuleManager: Display: Found up-to-date module file ../../../Engine/Plugins/Media/MediaCompositing/Binaries/Win64/UE4Editor-MediaCompositing.dll (API version 3944462).
LogModuleManager: Display: Found up-to-date module file ../../../Engine/Plugins/Media/MediaCompositing/Binaries/Win64/UE4Editor-MediaCompositingEditor.dll (API version 3944462).
LogModuleManager: Display: Found up-to-date module file ../../../Engine/Plugins/Media/MediaPlayerEditor/Binaries/Win64/UE4Editor-MediaPlayerEditor.dll (API version 3944462).
LogModuleManager: Display: Found up-to-date module file ../../../Engine/Plugins/Media/WmfMedia/Binaries/Win64/UE4Editor-WmfMedia.dll (API version 3944462).
LogModuleManager: Display: Found up-to-date module file ../../../Engine/Plugins/Media/WmfMedia/Binaries/Win64/UE4Editor-WmfMediaEditor.dll (API version 3944462).
LogModuleManager: Display: Found up-to-date module file ../../../Engine/Plugins/Media/WmfMedia/Binaries/Win64/UE4Editor-WmfMediaFactory.dll (API version 3944462).
LogModuleManager: Display: Found up-to-date module file ../../../Engine/Plugins/Media/WmfMedia/Binaries/Win64/UE4Editor-WmfMediaFactory.dll (API version 3944462).
LogModuleManager: Display: Found up-to-date module file ../../../Engine/Plugins/Messaging/TcpMessaging/Binaries/Win64/UE4Editor-TcpMessaging.dll (API version 3944462).
LogModuleManager: Display: Found up-to-date module file ../../../Engine/Plugins/Messaging/UdpMessaging/Binaries/Win64/UE4Editor-UdpMessaging.dll (API version 3944462).
LogModuleManager: Display: Found up-to-date module file ../../../Engine/Plugins/MovieScene/ActorSequence/Binaries/Win64/UE4Editor-ActorSequence.dll (API version 3944462).
LogModuleManager: Display: Found up-to-date module file ../../../Engine/Plugins/MovieScene/LevelSequenceEditor/Binaries/Win64/UE4Editor-LevelSequenceEditor.dll (API version 3944462).
LogModuleManager: Display: Found up-to-date module file ../../../Engine/Plugins/MovieScene/MatineeToLevelSequence/Binaries/Win64/UE4Editor-MatineeToLevelSequence.dll (API version 3944462).
LogModuleManager: Display: Found up-to-date module file ../../../Engine/Plugins/NetcodeUnitTest/NetcodeUnitTest/Binaries/Win64/UE4Editor-NetcodeUnitTest.dll (API version 3944462).
LogModuleManager: Display: Found up-to-date module file ../../../Engine/Plugins/NetcodeUnitTest/NUTUnrealEngine4/Binaries/Win64/UE4Editor-NUTUnrealEngine4.dll (API version 3944462).
LogModuleManager: Display: Found up-to-date module file ../../../Engine/Plugins/Online/OnlineSubsystem/Binaries/Win64/UE4Editor-OnlineSubsystem.dll (API version 3944462).
LogModuleManager: Display: Found up-to-date module file ../../../Engine/Plugins/Online/OnlineSubsystemNull/Binaries/Win64/UE4Editor-OnlineSubsystemNull.dll (API version 3944462).
LogModuleManager: Display: Found up-to-date module file ../../../Engine/Plugins/Online/OnlineSubsystemUtils/Binaries/Win64/UE4Editor-OnlineSubsystemUtils.dll (API version 3944462).
LogModuleManager: Display: Found up-to-date module file ../../../Engine/Plugins/Online/OnlineSubsystemUtils/Binaries/Win64/UE4Editor-OnlineBlueprintSupport.dll (API version 3944462).
LogModuleManager: Display: Found up-to-date module file ../../../Engine/Plugins/Runtime/AndroidDeviceProfileSelector/Binaries/Win64/UE4Editor-AndroidDeviceProfileSelector.dll (API version 3944462).
LogModuleManager: Display: Found up-to-date module file ../../../Engine/Plugins/Runtime/AndroidPermission/Binaries/Win64/UE4Editor-AndroidPermission.dll (API version 3944462).
LogModuleManager: Display: Found up-to-date module file ../../../Engine/Plugins/Runtime/AppleARKit/Binaries/Win64/UE4Editor-AppleARKit.dll (API version 3944462).
LogModuleManager: Display: Found up-to-date module file ../../../Engine/Plugins/Runtime/ArchVisCharacter/Binaries/Win64/UE4Editor-ArchVisCharacter.dll (API version 3944462).
LogModuleManager: Display: Found up-to-date module file ../../../Engine/Plugins/Runtime/AudioCapture/Binaries/Win64/UE4Editor-AudioCapture.dll (API version 3944462).
LogModuleManager: Display: Found up-to-date module file ../../../Engine/Plugins/Runtime/AudioCapture/Binaries/Win64/UE4Editor-AudioCaptureEditor.dll (API version 3944462).
LogModuleManager: Display: Found up-to-date module file ../../../Engine/Plugins/Runtime/CableComponent/Binaries/Win64/UE4Editor-CableComponent.dll (API version 3944462).
LogModuleManager: Display: Found up-to-date module file ../../../Engine/Plugins/Runtime/CustomMeshComponent/Binaries/Win64/UE4Editor-CustomMeshComponent.dll (API version 3944462).
LogModuleManager: Display: Found up-to-date module file ../../../Engine/Plugins/Runtime/ExampleDeviceProfileSelector/Binaries/Win64/UE4Editor-ExampleDeviceProfileSelector.dll (API version 3944462).
LogModuleManager: Display: Found up-to-date module file ../../../Engine/Plugins/Runtime/ImmediatePhysics/Binaries/Win64/UE4Editor-ImmediatePhysics.dll (API version 3944462).
LogModuleManager: Display: Found up-to-date module file ../../../Engine/Plugins/Runtime/ImmediatePhysics/Binaries/Win64/UE4Editor-ImmediatePhysicsEditor.dll (API version 3944462).
LogModuleManager: Display: Found up-to-date module file ../../../Engine/Plugins/Runtime/LocationServicesBPLibrary/Binaries/Win64/UE4Editor-LocationServicesBPLibrary.dll (API version 3944462).
LogModuleManager: Display: Found up-to-date module file ../../../Engine/Plugins/Runtime/MobilePatchingUtils/Binaries/Win64/UE4Editor-MobilePatchingUtils.dll (API version 3944462).
LogModuleManager: Display: Found up-to-date module file ../../../Engine/Plugins/Runtime/Oculus/OculusVR/Binaries/Win64/UE4Editor-OculusHMD.dll (API version 3944462).
LogModuleManager: Display: Found up-to-date module file ../../../Engine/Plugins/Runtime/Oculus/OculusVR/Binaries/Win64/UE4Editor-OculusInput.dll (API version 3944462).
LogModuleManager: Display: Found up-to-date module file ../../../Engine/Plugins/Runtime/Oculus/OculusVR/Binaries/Win64/UE4Editor-OculusEditor.dll (API version 3944462).
LogModuleManager: Display: Found up-to-date module file ../../../Engine/Plugins/Runtime/PhysXVehicles/Binaries/Win64/UE4Editor-PhysXVehicles.dll (API version 3944462).
LogModuleManager: Display: Found up-to-date module file ../../../Engine/Plugins/Runtime/PhysXVehicles/Binaries/Win64/UE4Editor-PhysXVehiclesEditor.dll (API version 3944462).
LogModuleManager: Display: Found up-to-date module file ../../../Engine/Plugins/Runtime/ProceduralMeshComponent/Binaries/Win64/UE4Editor-ProceduralMeshComponent.dll (API version 3944462).
LogModuleManager: Display: Found up-to-date module file ../../../Engine/Plugins/Runtime/ProceduralMeshComponent/Binaries/Win64/UE4Editor-ProceduralMeshComponentEditor.dll (API version 3944462).
LogModuleManager: Display: Found up-to-date module file ../../../Engine/Plugins/Runtime/RuntimePhysXCooking/Binaries/Win64/UE4Editor-RuntimePhysXCooking.dll (API version 3944462).
LogModuleManager: Display: Found up-to-date module file ../../../Engine/Plugins/Runtime/Steam/SteamVR/Binaries/Win64/UE4Editor-SteamVR.dll (API version 3944462).
LogModuleManager: Display: Found up-to-date module file ../../../Engine/Plugins/Runtime/Steam/SteamVR/Binaries/Win64/UE4Editor-SteamVRController.dll (API version 3944462).
LogModuleManager: Display: Found up-to-date module file ../../../Engine/Plugins/Runtime/WindowsMoviePlayer/Binaries/Win64/UE4Editor-WindowsMoviePlayer.dll (API version 3944462).
LogInit: Using libcurl 7.47.1
LogInit:  - built for x86_64-pc-win32
LogInit:  - supports SSL with OpenSSL/1.0.2g
LogInit:  - supports HTTP deflate (compression) using libz 1.2.8
LogInit:  - other features:
LogInit:      CURL_VERSION_SSL
LogInit:      CURL_VERSION_LIBZ
LogInit:      CURL_VERSION_IPV6
LogInit:      CURL_VERSION_ASYNCHDNS
LogInit:      CURL_VERSION_LARGEFILE
LogInit:      CURL_VERSION_IDN
LogInit:  CurlRequestOptions (configurable via config and command line):
LogInit:  - bVerifyPeer = false  - Libcurl will NOT verify peer certificate
LogInit:  - bUseHttpProxy = false  - Libcurl will NOT use HTTP proxy
LogInit:  - bDontReuseConnections = false  - Libcurl will reuse connections
LogInit:  - CertBundlePath = nullptr  - Libcurl will use whatever was configured at build time.
LogInit:  - MaxHostConnections = 16  - Libcurl will limit the number of connections to a host
LogInit:  - LocalHostAddr = Default
LogInit: WinSock: version 1.1 (2.2), MaxSocks=32767, MaxUdp=65467
LogInit: WinSock: I am DESKTOP-72G2J6N (192.168.1.20:0)
LogInit: Build: ++UE4+Release-4.19-CL-4033788
LogInit: Engine Version: 4.19.2-4033788+++UE4+Release-4.19
LogInit: Compatible Engine Version: 4.19.0-3944462+++UE4+Release-4.19
LogInit: Net CL: 3944462
LogDevObjectVersion: Number of dev versions registered: 18
LogDevObjectVersion:   Dev-Blueprints (B0D832E4-1F89-4F0D-ACCF-7EB736FD4AA2): 10
LogDevObjectVersion:   Dev-Build (E1C64328-A22C-4D53-A36C-8E866417BD8C): 0
LogDevObjectVersion:   Dev-Core (375EC13C-06E4-48FB-B500-84F0262A717E): 2
LogDevObjectVersion:   Dev-Editor (E4B068ED-F494-42E9-A231-DA0B2E46BB41): 23
LogDevObjectVersion:   Dev-Framework (CFFC743F-43B0-4480-9391-14DF171D2073): 33
LogDevObjectVersion:   Dev-Mobile (B02B49B5-BB20-44E9-A304-32B752E40360): 2
LogDevObjectVersion:   Dev-Networking (A4E4105C-59A1-49B5-A7C5-40C4547EDFEE): 0
LogDevObjectVersion:   Dev-Online (39C831C9-5AE6-47DC-9A44-9C173E1C8E7C): 0
LogDevObjectVersion:   Dev-Physics (78F01B33-EBEA-4F98-B9B4-84EACCB95AA2): 0
LogDevObjectVersion:   Dev-Platform (6631380F-2D4D-43E0-8009-CF276956A95A): 0
LogDevObjectVersion:   Dev-Rendering (12F88B9F-8875-4AFC-A67C-D90C383ABD29): 25
LogDevObjectVersion:   Dev-Sequencer (7B5AE74C-D270-4C10-A958-57980B212A5A): 6
LogDevObjectVersion:   Dev-VR (D7296918-1DD6-4BDD-9DE2-64A83CC13884): 1
LogDevObjectVersion:   Dev-LoadTimes (C2A15278-BFE7-4AFE-6C17-90FF531DF755): 1
LogDevObjectVersion:   Private-Geometry (6EACA3D4-40EC-4CC1-B786-8BED09428FC5): 2
LogDevObjectVersion:   Dev-AnimPhys (29E575DD-E0A3-4627-9D10-D276232CDCEA): 16
LogDevObjectVersion:   Dev-ReflectionCapture (6B266CEC-1EC7-4B8F-A30B-E4D90942FC07): 1
LogDevObjectVersion:   Dev-Automation (0DF73D61-A23F-47EA-B727-89E90C41499A): 1
LogInit: Compiled (64-bit): Apr 27 2018 02:06:57
LogInit: Compiled with Visual C++: 19.00.24215.01
LogInit: Build Configuration: Development
LogInit: Branch Name: ++UE4+Release-4.19
LogInit: Command Line: 
LogInit: Base Directory: D:/Epic Games/Unreal Engine/UE_4.19/Engine/Binaries/Win64/
LogInit: Installed Engine Build: 1
LogStreaming: Display: Took  0.000s to delete old logs.
LogInit: Presizing for max 8388607 objects, including 0 objects not considered by GC, pre-allocating 0 bytes for permanent pool.
LogInit: Object subsystem initialized
[2018.07.21-21.22.12:139][  0]LogInit: Selected Device Profile: [Windows]
[2018.07.21-21.22.12:139][  0]LogInit: Applying CVar settings loaded from the selected device profile: [Windows]
[2018.07.21-21.22.12:148][  0]LogInit: Computer: DESKTOP-72G2J6N
[2018.07.21-21.22.12:148][  0]LogInit: User: CaleCurry
[2018.07.21-21.22.12:148][  0]LogInit: CPU Page size=4096, Cores=4
[2018.07.21-21.22.12:148][  0]LogInit: High frequency timer resolution =2.835939 MHz
[2018.07.21-21.22.12:148][  0]LogMemory: Memory total: Physical=31.9GB (32GB approx)
[2018.07.21-21.22.12:148][  0]LogMemory: Platform Memory Stats for Windows
[2018.07.21-21.22.12:148][  0]LogMemory: Process Physical Memory: 274.56 MB used, 274.56 MB peak
[2018.07.21-21.22.12:148][  0]LogMemory: Process Virtual Memory: 264.79 MB used, 264.79 MB peak
[2018.07.21-21.22.12:148][  0]LogMemory: Physical Memory: 7825.91 MB used,  24811.56 MB free, 32637.47 MB total
[2018.07.21-21.22.12:148][  0]LogMemory: Virtual Memory: 4775.13 MB used,  24811.56 MB free, 134217728.00 MB total
[2018.07.21-21.22.12:176][  0]LogInit: Using OS detected language (en-US).
[2018.07.21-21.22.12:177][  0]LogInit: Using OS detected locale (en-US).
[2018.07.21-21.22.12:180][  0]LogTextLocalizationManager: No specific localization for 'en-US' exists, so the 'en' localization will be used.
[2018.07.21-21.22.12:597][  0]LogStreaming: Display: Took  0.421s to EndInitTextLocalization.
[2018.07.21-21.22.12:597][  0]LogInit: Setting process to per monitor DPI aware
[2018.07.21-21.22.12:639][  0]LogSlate: New Slate User Created.  User Index 0, Is Virtual User: 0
[2018.07.21-21.22.12:639][  0]LogSlate: Slate User Registered.  User Index 0, Is Virtual User: 0
[2018.07.21-21.22.12:898][  0]LogD3D11RHI: D3D11 adapters:
[2018.07.21-21.22.13:011][  0]LogD3D11RHI:    0. 'NVIDIA GeForce GTX 1080' (Feature Level 11_0)
[2018.07.21-21.22.13:011][  0]LogD3D11RHI:       8079/0/16318 MB DedicatedVideo/DedicatedSystem/SharedSystem, Outputs:1, VendorId:0x10de
[2018.07.21-21.22.13:023][  0]LogD3D11RHI:    1. 'Intel(R) HD Graphics 630' (Feature Level 11_0)
[2018.07.21-21.22.13:023][  0]LogD3D11RHI:       128/0/16318 MB DedicatedVideo/DedicatedSystem/SharedSystem, Outputs:0, VendorId:0x8086
[2018.07.21-21.22.13:026][  0]LogD3D11RHI:    2. 'Microsoft Basic Render Driver' (Feature Level 11_0)
[2018.07.21-21.22.13:026][  0]LogD3D11RHI:       0/0/16318 MB DedicatedVideo/DedicatedSystem/SharedSystem, Outputs:0, VendorId:0x1414
[2018.07.21-21.22.13:026][  0]LogD3D11RHI: Chosen D3D11 Adapter: 0
[2018.07.21-21.22.13:058][  0]LogD3D11RHI: Creating new Direct3DDevice
[2018.07.21-21.22.13:058][  0]LogD3D11RHI:     GPU DeviceId: 0x1ba0 (for the marketing name, search the web for "GPU Device Id")
[2018.07.21-21.22.13:058][  0]LogWindows: EnumDisplayDevices:
[2018.07.21-21.22.13:058][  0]LogWindows:    0. 'Intel(R) HD Graphics 630' (P:1 D:1)
[2018.07.21-21.22.13:059][  0]LogWindows:    1. 'Intel(R) HD Graphics 630' (P:0 D:0)
[2018.07.21-21.22.13:059][  0]LogWindows:    2. 'Intel(R) HD Graphics 630' (P:0 D:0)
[2018.07.21-21.22.13:059][  0]LogWindows:    3. 'NVIDIA GeForce GTX 1080' (P:0 D:0)
[2018.07.21-21.22.13:059][  0]LogWindows:    4. 'NVIDIA GeForce GTX 1080' (P:0 D:0)
[2018.07.21-21.22.13:059][  0]LogWindows:    5. 'NVIDIA GeForce GTX 1080' (P:0 D:0)
[2018.07.21-21.22.13:060][  0]LogWindows:    6. 'NVIDIA GeForce GTX 1080' (P:0 D:0)
[2018.07.21-21.22.13:060][  0]LogWindows: DebugString: GetVideoDriverDetailsInvalid PrimaryIsNotTheChoosenAdapter GetVideoDriverDetailsInvalid PrimaryIsNotTheChoosenAdapter GetVideoDriverDetailsInvalid PrimaryIsNotTheChoosenAdapter GetVideoDriverDetailsInvalid PrimaryIsNotTheChoosenAdapter GetVideoDriverDetailsInvalid PrimaryIsNotTheChoosenAdapter GetVideoDriverDetailsInvalid PrimaryIsNotTheChoosenAdapter GetVideoDriverDetailsInvalid PrimaryIsNotTheChoosenAdapter FoundDriverCount:0 
[2018.07.21-21.22.13:060][  0]LogD3D11RHI:     Adapter Name: NVIDIA GeForce GTX 1080
[2018.07.21-21.22.13:060][  0]LogD3D11RHI:   Driver Version: Unknown (internal:Unknown, unified:Unknown)
[2018.07.21-21.22.13:060][  0]LogD3D11RHI:      Driver Date: Unknown
[2018.07.21-21.22.13:060][  0]LogRHI: Texture pool is 5655 MB (70% of 8079 MB)
[2018.07.21-21.22.13:107][  0]LogD3D11RHI: [Aftermath] Aftermath enabled and primed
[2018.07.21-21.22.13:107][  0]LogD3D11RHI: [Aftermath] Aftermath enabled and primed
[2018.07.21-21.22.13:107][  0]LogD3D11RHI: Async texture creation enabled
[2018.07.21-21.22.13:125][  0]LogD3D11RHI: GPU Timing Frequency: 1000.000000 (Debug: 2 2)
[2018.07.21-21.22.13:126][  0]LogShaderCompilers: Guid format shader working directory is -47 characters bigger than the processId version (../../../../../../2018_Class_Content/Unreal_And_C++/Section_03/UE4_Building-Escape/BuildingEscape/Intermediate/Shaders/WorkingDirectory/40520/).
[2018.07.21-21.22.13:126][  0]LogShaderCompilers: Cleaned the shader compiler working directory 'C:/Users/Cale Curry/AppData/Local/Temp/UnrealShaderWorkingDir/FE92C4944AA8E208B1475AB4F1E97F4F/'.
[2018.07.21-21.22.13:386][  0]LogTemp: Display: Loaded TP AllDesktopTargetPlatform
[2018.07.21-21.22.13:400][  0]LogTemp: Display: Loaded TP MacClientTargetPlatform
[2018.07.21-21.22.13:412][  0]LogTemp: Display: Loaded TP MacNoEditorTargetPlatform
[2018.07.21-21.22.13:426][  0]LogTemp: Display: Loaded TP MacServerTargetPlatform
[2018.07.21-21.22.13:438][  0]LogTemp: Display: Loaded TP MacTargetPlatform
[2018.07.21-21.22.13:451][  0]LogTemp: Display: Loaded TP WindowsClientTargetPlatform
[2018.07.21-21.22.13:466][  0]LogTemp: Display: Loaded TP WindowsNoEditorTargetPlatform
[2018.07.21-21.22.13:479][  0]LogTemp: Display: Loaded TP WindowsServerTargetPlatform
[2018.07.21-21.22.13:486][  0]LogTemp: Display: Loaded TP WindowsTargetPlatform
[2018.07.21-21.22.13:498][  0]LogTemp: Display: Loaded TP Android_ASTCTargetPlatform
[2018.07.21-21.22.13:512][  0]LogTemp: Display: Loaded TP Android_ATCTargetPlatform
[2018.07.21-21.22.13:524][  0]LogTemp: Display: Loaded TP Android_DXTTargetPlatform
[2018.07.21-21.22.13:535][  0]LogTemp: Display: Loaded TP Android_ETC1aTargetPlatform
[2018.07.21-21.22.13:545][  0]LogTemp: Display: Loaded TP Android_ETC1TargetPlatform
[2018.07.21-21.22.13:556][  0]LogTemp: Display: Loaded TP Android_ETC2TargetPlatform
[2018.07.21-21.22.13:582][  0]LogTemp: Display: Loaded TP Android_MultiTargetPlatform
[2018.07.21-21.22.13:582][  0]LogTemp: Display: Loaded TP Android_PVRTCTargetPlatform
[2018.07.21-21.22.13:594][  0]LogTemp: Display: Loaded TP AndroidTargetPlatform
[2018.07.21-21.22.13:596][  0]LogTemp: Display: Loaded TP HTML5TargetPlatform
[2018.07.21-21.22.13:632][  0]LogTemp: Display: Loaded TP IOSTargetPlatform
[2018.07.21-21.22.13:645][  0]LogTemp: Display: Loaded TP TVOSTargetPlatform
[2018.07.21-21.22.13:656][  0]LogTemp: Display: Loaded TP LinuxClientTargetPlatform
[2018.07.21-21.22.13:668][  0]LogTemp: Display: Loaded TP LinuxNoEditorTargetPlatform
[2018.07.21-21.22.13:678][  0]LogTemp: Display: Loaded TP LinuxServerTargetPlatform
[2018.07.21-21.22.13:690][  0]LogTemp: Display: Loaded TP LinuxTargetPlatform
[2018.07.21-21.22.13:690][  0]LogTargetPlatformManager: Display: Building Assets For Windows
[2018.07.21-21.22.13:806][  0]LogXGEController: Cannot use XGE Controller as Incredibuild is not installed on this machine.
[2018.07.21-21.22.13:806][  0]LogShaderCompilers: Cannot use XGE Shader Compiler as Incredibuild is not installed on this machine.
[2018.07.21-21.22.13:806][  0]LogShaderCompilers: Display: Using Local Shader Compiler.
[2018.07.21-21.22.14:414][  0]LogDerivedDataCache: Display: Max Cache Size: 512 MB
[2018.07.21-21.22.14:476][  0]LogDerivedDataCache: Loaded boot cache 0.06s 74MB C:/Users/Cale Curry/AppData/Local/UnrealEngine/4.19/DerivedDataCache/Boot.ddc.
[2018.07.21-21.22.14:477][  0]LogDerivedDataCache: Display: Loaded Boot cache: C:/Users/Cale Curry/AppData/Local/UnrealEngine/4.19/DerivedDataCache/Boot.ddc
[2018.07.21-21.22.14:477][  0]LogDerivedDataCache: FDerivedDataBackendGraph:  Pak pak cache file ../../../../../../2018_Class_Content/Unreal_And_C++/Section_03/UE4_Building-Escape/BuildingEscape/DerivedDataCache/DDC.ddp not found, will not use a pak cache.
[2018.07.21-21.22.14:477][  0]LogDerivedDataCache: Unable to find inner node Pak for hierarchical cache Hierarchy.
[2018.07.21-21.22.14:477][  0]LogDerivedDataCache: FDerivedDataBackendGraph:  CompressedPak pak cache file ../../../../../../2018_Class_Content/Unreal_And_C++/Section_03/UE4_Building-Escape/BuildingEscape/DerivedDataCache/Compressed.ddp not found, will not use a pak cache.
[2018.07.21-21.22.14:477][  0]LogDerivedDataCache: Unable to find inner node CompressedPak for hierarchical cache Hierarchy.
[2018.07.21-21.22.14:491][  0]LogDerivedDataCache: Display: Pak cache opened for reading ../../../Engine/DerivedDataCache/Compressed.ddp.
[2018.07.21-21.22.14:504][  0]LogDerivedDataCache: Using Local data cache path C:/Users/Cale Curry/AppData/Local/UnrealEngine/Common/DerivedDataCache: Writable
[2018.07.21-21.22.14:504][  0]LogDerivedDataCache: Shared data cache path not found in *engine.ini, will not use an Shared cache.
[2018.07.21-21.22.14:504][  0]LogDerivedDataCache: Unable to find inner node Shared for hierarchical cache Hierarchy.
[2018.07.21-21.22.14:514][  0]LogMaterial: Verifying Global Shaders for PCD3D_SM5
[2018.07.21-21.22.14:514][  0]LogSlate: Using Freetype 2.6.0
[2018.07.21-21.22.14:515][  0]LogSlate: SlateFontCache - WITH_FREETYPE: 1, WITH_HARFBUZZ: 1
[2018.07.21-21.22.14:515][  0]LogSlate: SlateFontCache - WITH_FREETYPE: 1, WITH_HARFBUZZ: 1
[2018.07.21-21.22.14:645][  0]LogAssetRegistry: FAssetRegistry took 0.0261 seconds to start up
[2018.07.21-21.22.14:914][  0]LogInit: Selected Device Profile: [Windows]
[2018.07.21-21.22.15:064][  0]LogSimplygon: Simplygon DLL not present - disabling.
[2018.07.21-21.22.15:066][  0]LogMeshReduction: Using SimplygonSwarm for distributed automatic mesh merging
[2018.07.21-21.22.15:066][  0]LogMeshReduction: Using QuadricMeshReduction for automatic static mesh reduction
[2018.07.21-21.22.15:066][  0]LogMeshReduction: No automatic skeletal mesh reduction module available
[2018.07.21-21.22.15:066][  0]LogMeshReduction: No automatic mesh merging module available
[2018.07.21-21.22.15:066][  0]LogMeshMerging: No automatic mesh merging module available
[2018.07.21-21.22.15:101][  0]LogNetVersion: BuildingEscape , NetCL: 3944462, EngineNetVer: 2, GameNetVer: 0 (Checksum: 4285820645)
[2018.07.21-21.22.15:530][  0]LogPackageLocalizationCache: Processed 9 localized package path(s) for 2 prioritized culture(s) in 0.079640 seconds
[2018.07.21-21.22.15:535][  0]LogUObjectArray: 36728 objects as part of root set at end of initial load.
[2018.07.21-21.22.15:535][  0]LogUObjectAllocator: 7314304 out of 0 bytes used by permanent object pool.
[2018.07.21-21.22.15:535][  0]LogUObjectArray: CloseDisregardForGC: 0/0 objects in disregard for GC pool
[2018.07.21-21.22.17:247][  0]LogTcpMessaging: Initializing TcpMessaging bridge
[2018.07.21-21.22.17:281][  0]LogUdpMessaging: Initializing bridge on interface 0.0.0.0:0 to multicast group 230.0.0.1:6666.
[2018.07.21-21.22.17:728][  0]SourceControl: Source control is disabled
[2018.07.21-21.22.17:728][  0]SourceControl: Source control is disabled
[2018.07.21-21.22.17:749][  0]SourceControl: Source control is disabled
[2018.07.21-21.22.17:770][  0]SourceControl: Source control is disabled
[2018.07.21-21.22.18:338][  0]LogAndroidPermission: UAndroidPermissionCallbackProxy::GetInstance
[2018.07.21-21.22.18:510][  0]LogOcInput: OculusInput pre-init called
[2018.07.21-21.22.18:622][  0]LogEngine: Initializing Engine...
[2018.07.21-21.22.18:624][  0]LogHMD: Failed to initialize OpenVR with code 110
[2018.07.21-21.22.18:625][  0]LogStats: UGameplayTagsManager::ConstructGameplayTagTree: Construct from data asset -  0.000 s
[2018.07.21-21.22.18:625][  0]LogStats: UGameplayTagsManager::ConstructGameplayTagTree: GameplayTagTreeChangedEvent.Broadcast -  0.000 s
[2018.07.21-21.22.18:830][  0]LogAIModule: Creating AISystem for world Untitled
[2018.07.21-21.22.18:838][  0]LogInit: XAudio2 using 'Speakers / Headphones (Realtek Audio)' : 2 channels at 48 kHz using 32 bits per sample (channel mask 0x3)
[2018.07.21-21.22.19:869][  0]LogInit: FAudioDevice initialized.
[2018.07.21-21.22.19:923][  0]LogDerivedDataCache: Saved boot cache 0.05s 74MB C:/Users/Cale Curry/AppData/Local/UnrealEngine/4.19/DerivedDataCache/Boot.ddc.
[2018.07.21-21.22.19:934][  0]LogInit: Texture streaming: Enabled
[2018.07.21-21.22.19:950][  0]LogEngineSessionManager: EngineSessionManager initialized
[2018.07.21-21.22.19:966][  0]LogInit: Transaction tracking system initialized
[2018.07.21-21.22.19:996][  0]BlueprintLog: New page: Editor Load
[2018.07.21-21.22.20:066][  0]LocalizationService: Localization service is disabled
[2018.07.21-21.22.20:163][  0]LogConsoleResponse: Display: 
[2018.07.21-21.22.20:313][  0]LogCook: Display: Max memory allowance for cook 16384mb min free memory 0mb
[2018.07.21-21.22.20:313][  0]LogCook: Display: Mobile HDR setting 1
[2018.07.21-21.22.20:313][  0]LogGameplayTags: Display: UGameplayTagsManager::DoneAddingNativeTags. DelegateIsBound: 0
[2018.07.21-21.22.20:313][  0]LogStats: UGameplayTagsManager::ConstructGameplayTagTree: Construct from data asset -  0.000 s
[2018.07.21-21.22.20:313][  0]LogStats: UGameplayTagsManager::ConstructGameplayTagTree: GameplayTagTreeChangedEvent.Broadcast -  0.000 s
[2018.07.21-21.22.20:734][  0]LogFileCache: Scanning file cache for directory 'D:/2018_Class_Content/Unreal_And_C++/Section_03/UE4_Building-Escape/BuildingEscape/Content/' took 0.01s
[2018.07.21-21.22.20:734][  0]SourceControl: Source control is disabled
[2018.07.21-21.22.20:734][  0]LightingResults: New page: Lighting Build
[2018.07.21-21.22.20:737][  0]MapCheck: New page: Map Check
[2018.07.21-21.22.20:737][  0]LightingResults: New page: Lighting Build
[2018.07.21-21.22.21:035][  0]LogAIModule: Creating AISystem for world Minimal_Default
[2018.07.21-21.22.21:044][  0]LogEditorServer: Finished looking for orphan Actors (0.000 secs)
[2018.07.21-21.22.21:055][  0]Cmd: MAP CHECKDEP NOCLEARLOG
[2018.07.21-21.22.21:113][  0]MapCheck: Map check complete: 0 Error(s), 0 Warning(s), took 57.639ms to complete.
[2018.07.21-21.22.21:113][  0]LogFileHelpers: Loading map 'Minimal_Default' took 0.379
[2018.07.21-21.22.21:249][  0]LogCollectionManager: Loaded 0 collections in 0.001550 seconds
[2018.07.21-21.22.21:293][  0]LogFileCache: Scanning file cache for directory 'D:/2018_Class_Content/Unreal_And_C++/Section_03/UE4_Building-Escape/BuildingEscape/Saved/Collections/' took 0.01s
[2018.07.21-21.22.21:293][  0]LogFileCache: Scanning file cache for directory 'D:/2018_Class_Content/Unreal_And_C++/Section_03/UE4_Building-Escape/BuildingEscape/Content/Developers/CaleCurry/Collections/' took 0.01s
[2018.07.21-21.22.21:293][  0]LogFileCache: Scanning file cache for directory 'D:/2018_Class_Content/Unreal_And_C++/Section_03/UE4_Building-Escape/BuildingEscape/Content/Collections/' took 0.01s
[2018.07.21-21.22.21:293][  0]LogCollectionManager: Rebuilt the GUID cache for 0 collections in 0.000000 seconds
[2018.07.21-21.22.21:302][  0]LogContentBrowser: Native class hierarchy populated in 0.0088 seconds. Added 2453 classes and 560 folders.
[2018.07.21-21.22.21:309][  0]LogContentBrowser: Native class hierarchy updated for 'WidgetCarousel' in 0.0008 seconds. Added 0 classes and 0 folders.
[2018.07.21-21.22.21:364][  0]LogContentBrowser: Native class hierarchy updated for 'AddContentDialog' in 0.0007 seconds. Added 0 classes and 0 folders.
[2018.07.21-21.22.21:368][  0]LogContentBrowser: Native class hierarchy updated for 'SceneOutliner' in 0.0007 seconds. Added 1 classes and 2 folders.
[2018.07.21-21.22.21:417][  0]LogContentBrowser: Native class hierarchy updated for 'HierarchicalLODOutliner' in 0.0008 seconds. Added 0 classes and 0 folders.
[2018.07.21-21.22.21:417][  0]LogLoad: (Engine Initialization) Total time: 12.92 seconds
[2018.07.21-21.22.21:417][  0]LogLoad: (Engine Initialization) Total Blueprint compile time: 0.00 seconds
[2018.07.21-21.22.21:436][  0]LogWindowsTextInputMethodSystem: Display: IME system now deactivated.
[2018.07.21-21.22.21:458][  0]LogContentStreaming: Texture pool size now 1000 MB
[2018.07.21-21.22.21:459][  0]LogSlate: Took 0.000232 seconds to synchronously load lazily loaded font '../../../Engine/Content/Slate/Fonts/Roboto-Regular.ttf' (155K)
[2018.07.21-21.22.21:461][  0]LogSlate: Took 0.000224 seconds to synchronously load lazily loaded font '../../../Engine/Content/Slate/Fonts/Roboto-Bold.ttf' (160K)
[2018.07.21-21.22.21:466][  0]LogSlate: Took 0.000192 seconds to synchronously load lazily loaded font '../../../Engine/Content/Editor/Slate/Fonts/FontAwesome.ttf' (139K)
[2018.07.21-21.22.21:551][  0]LogSlate: Took 0.000326 seconds to synchronously load lazily loaded font '../../../Engine/Content/Slate/Fonts/Roboto-Light.ttf' (167K)
[2018.07.21-21.22.21:579][  1]LogAssetRegistry: Asset discovery search completed in 6.9562 seconds
[2018.07.21-21.22.21:580][  1]LogCollectionManager: Rebuilt the object cache for 0 collections in 0.000000 seconds (found 0 objects)
[2018.07.21-21.22.21:580][  1]LogCollectionManager: Fixed up redirectors for 0 collections in 0.000041 seconds (updated 0 objects)
[2018.07.21-21.22.21:604][  2]LogRenderer: Reallocating scene render targets to support 804x360 Format 10 NumSamples 1 (Frame:1).
[2018.07.21-21.22.30:016][469]LogSlate: FSceneViewport::OnFocusLost() reason 0
[2018.07.21-21.31.02:830][572]LogRenderer: Reallocating scene render targets to support 804x384 Format 10 NumSamples 1 (Frame:824).
[2018.07.21-21.31.02:880][572]LogRenderer: Reallocating scene render targets to support 804x404 Format 10 NumSamples 1 (Frame:825).
[2018.07.21-21.31.02:939][572]LogRenderer: Reallocating scene render targets to support 804x412 Format 10 NumSamples 1 (Frame:826).
[2018.07.21-21.31.02:996][572]LogRenderer: Reallocating scene render targets to support 804x432 Format 10 NumSamples 1 (Frame:827).
[2018.07.21-21.31.03:055][572]LogRenderer: Reallocating scene render targets to support 804x440 Format 10 NumSamples 1 (Frame:828).
[2018.07.21-21.31.03:411][572]LogRenderer: Reallocating scene render targets to support 804x464 Format 10 NumSamples 1 (Frame:829).
[2018.07.21-21.31.03:477][572]LogRenderer: Reallocating scene render targets to support 804x472 Format 10 NumSamples 1 (Frame:830).
[2018.07.21-21.31.09:904][710]LogRenderer: Reallocating scene render targets to support 1208x576 Format 10 NumSamples 1 (Frame:976).
[2018.07.21-21.31.34:216][230]LogSlate: Only BGRA pngs, bmps or icos are supported in by External Image Picker
[2018.07.21-21.31.34:405][231]LogTemp: Executing iPhonePackager certificates Engine -bundlename com.YourCompany.BuildingEscape
[2018.07.21-21.31.34:405][231]LogTemp: CWD: D:\Epic Games\Unreal Engine\UE_4.19\Engine\Binaries\DotNET\IOS
[2018.07.21-21.31.34:405][231]LogTemp: Initial Dir: D:\Epic Games\Unreal Engine\UE_4.19
[2018.07.21-21.31.34:405][231]LogTemp: Env CWD: D:\Epic Games\Unreal Engine\UE_4.19\Engine\Binaries\DotNET\IOS
[2018.07.21-21.31.34:405][231]LogTemp: BranchPath = DESKTOP-72G2J6N/D/Epic Games/Unreal Engine/UE_4.19/Engine/Binaries --- GameBranchPath = DESKTOP-72G2J6N/D/Epic Games/Unreal Engine/UE_4.19/Engine/Binaries
[2018.07.21-21.31.34:405][231]LogTemp: IPP ERROR: Could not find provision directory 'C:\Users\Cale Curry\AppData\Local/Apple Computer/MobileDevice/Provisioning Profiles/'.
[2018.07.21-21.31.36:351][336]LogUObjectGlobals: Warning: Failed to find object 'Class /Script/BuildingEscape.BuildingEscapeGameMode'
[2018.07.21-21.31.45:817][900]LogSlate: Window 'Project Settings' being destroyed
[2018.07.21-21.31.45:820][900]LogSlate: Window 'Project Settings' being destroyed
[2018.07.21-21.32.05:551][131]LogEditorViewport: Clicking on Actor (LMB): StaticMeshActor (Chair)
[2018.07.21-21.32.33:080][758]LogSlate: FSceneViewport::OnFocusLost() reason 2
[2018.07.21-21.32.41:380][ 62]LogSlate: Window 'New Level' being destroyed
[2018.07.21-21.32.48:468][ 62]LogSlate: Window 'Save Content' being destroyed
[2018.07.21-21.32.48:473][ 62]Cmd: MAP LOAD FILE="../../../Engine/Content/Maps/Templates/Template_Default.umap" TEMPLATE=1 SHOWPROGRESS=1 FEATURELEVEL=3
[2018.07.21-21.32.48:478][ 62]LogSlate: Took 0.000278 seconds to synchronously load lazily loaded font '../../../Engine/Content/Slate/Fonts/Roboto-Light.ttf' (167K)
[2018.07.21-21.32.48:497][ 62]LightingResults: New page: Lighting Build
[2018.07.21-21.32.48:498][ 62]LoadErrors: New page: Loading map: Template_Default.umap
[2018.07.21-21.32.48:542][ 62]MapCheck: New page: Map Check
[2018.07.21-21.32.48:542][ 62]LightingResults: New page: Lighting Build
[2018.07.21-21.32.48:581][ 62]LogAIModule: Creating AISystem for world Untitled_1
[2018.07.21-21.32.48:601][ 62]LogEditorServer: Finished looking for orphan Actors (0.000 secs)
[2018.07.21-21.32.48:619][ 62]Cmd: MAP CHECKDEP NOCLEARLOG
[2018.07.21-21.32.48:689][ 62]MapCheck: Map check complete: 0 Error(s), 0 Warning(s), took 69.35ms to complete.
[2018.07.21-21.32.48:689][ 62]LogFileHelpers: Loading map 'Template_Default' took 0.218
[2018.07.21-21.32.52:079][264]LogSlate: FSceneViewport::OnFocusLost() reason 2
[2018.07.21-21.32.57:526][590]LogSlate: FSceneViewport::OnFocusLost() reason 2
[2018.07.21-21.33.02:859][590]LogSlate: Window 'Save Level As' being destroyed
[2018.07.21-21.33.02:979][590]LogSlate: FSceneViewport::OnFocusLost() reason 2
[2018.07.21-21.33.03:043][590]LogSavePackage: Save=25.18ms
[2018.07.21-21.33.03:043][590]LogSavePackage: Moving '../../../../../../2018_Class_Content/Unreal_And_C++/Section_03/UE4_Building-Escape/BuildingEscape/Saved/NewMap68176C2947BCB2E4D80532952AD8A8AF.tmp' to '../../../../../../2018_Class_Content/Unreal_And_C++/Section_03/UE4_Building-Escape/BuildingEscape/Content/NewMap.umap'
[2018.07.21-21.33.03:045][590]LogSavePackage: Display: Finished SavePackage ../../../../../../2018_Class_Content/Unreal_And_C++/Section_03/UE4_Building-Escape/BuildingEscape/Content/NewMap.umap
[2018.07.21-21.33.03:094][590]Cmd: OBJ SAVEPACKAGE PACKAGE="/Game/NewMap_BuiltData" FILE="../../../../../../2018_Class_Content/Unreal_And_C++/Section_03/UE4_Building-Escape/BuildingEscape/Content/NewMap_BuiltData.uasset" SILENT=true
[2018.07.21-21.33.03:109][590]LogSavePackage: Save=12.23ms
[2018.07.21-21.33.03:109][590]LogSavePackage: Moving '../../../../../../2018_Class_Content/Unreal_And_C++/Section_03/UE4_Building-Escape/BuildingEscape/Saved/NewMap_BuiltDataBDFE072D4507F3FEA92A8AAC09F74C01.tmp' to '../../../../../../2018_Class_Content/Unreal_And_C++/Section_03/UE4_Building-Escape/BuildingEscape/Content/NewMap_BuiltData.uasset'
[2018.07.21-21.33.03:111][590]LogSavePackage: Display: Finished SavePackage ../../../../../../2018_Class_Content/Unreal_And_C++/Section_03/UE4_Building-Escape/BuildingEscape/Content/NewMap_BuiltData.uasset
[2018.07.21-21.33.03:116][590]LogFileHelpers: Saving map 'NewMap' took 0.252
[2018.07.21-21.33.03:117][590]Cmd: MAP LOAD FILE="../../../../../../2018_Class_Content/Unreal_And_C++/Section_03/UE4_Building-Escape/BuildingEscape/Content/NewMap.umap" TEMPLATE=0 SHOWPROGRESS=1 FEATURELEVEL=3
[2018.07.21-21.33.03:122][590]LogSlate: FSceneViewport::OnFocusLost() reason 2
[2018.07.21-21.33.03:134][590]LightingResults: New page: Lighting Build
[2018.07.21-21.33.03:135][590]LoadErrors: New page: Loading map: NewMap.umap
[2018.07.21-21.33.03:136][590]MapCheck: New page: Map Check
[2018.07.21-21.33.03:136][590]LightingResults: New page: Lighting Build
[2018.07.21-21.33.03:161][590]LogAIModule: Creating AISystem for world NewMap
[2018.07.21-21.33.03:166][590]LogEditorServer: Finished looking for orphan Actors (0.000 secs)
[2018.07.21-21.33.03:211][590]Cmd: MAP CHECKDEP NOCLEARLOG
[2018.07.21-21.33.03:279][590]MapCheck: Map check complete: 0 Error(s), 0 Warning(s), took 67.217ms to complete.
[2018.07.21-21.33.03:279][590]LogFileHelpers: Loading map 'NewMap' took 0.162
[2018.07.21-21.33.03:279][590]LoadErrors: Error: /Game/NewMap : Failed import for MapBuildDataRegistry /Game/NewMap_BuiltData.NewMap_BuiltData Referenced by export Level /Game/NewMap.NewMap:PersistentLevel
[2018.07.21-21.33.10:000][983]LogSlate: FSceneViewport::OnFocusLost() reason 2
[2018.07.21-21.33.12:999][161]LogSlate: FSceneViewport::OnFocusLost() reason 2
[2018.07.21-21.33.14:529][253]LogSlate: FSceneViewport::OnFocusLost() reason 2
[2018.07.21-21.33.15:502][253]LogSlate: Only BGRA pngs, bmps or icos are supported in by External Image Picker
[2018.07.21-21.33.15:688][254]LogTemp: Executing iPhonePackager certificates Engine -bundlename com.YourCompany.BuildingEscape
[2018.07.21-21.33.15:688][254]LogTemp: CWD: D:\Epic Games\Unreal Engine\UE_4.19\Engine\Binaries\DotNET\IOS
[2018.07.21-21.33.15:688][254]LogTemp: Initial Dir: D:\Epic Games\Unreal Engine\UE_4.19
[2018.07.21-21.33.15:688][254]LogTemp: Env CWD: D:\Epic Games\Unreal Engine\UE_4.19\Engine\Binaries\DotNET\IOS
[2018.07.21-21.33.15:688][254]LogTemp: BranchPath = DESKTOP-72G2J6N/D/Epic Games/Unreal Engine/UE_4.19/Engine/Binaries --- GameBranchPath = DESKTOP-72G2J6N/D/Epic Games/Unreal Engine/UE_4.19/Engine/Binaries
[2018.07.21-21.33.15:688][254]LogTemp: IPP ERROR: Could not find provision directory 'C:\Users\Cale Curry\AppData\Local/Apple Computer/MobileDevice/Provisioning Profiles/'.
[2018.07.21-21.33.25:676][828]LogSlate: Window 'Project Settings' being destroyed
[2018.07.21-21.33.25:679][828]LogSlate: Window 'Project Settings' being destroyed
[2018.07.21-21.33.58:087][127]LogSlate: FSceneViewport::OnFocusLost() reason 0
[2018.07.21-21.34.05:840][248]LogWindows: LaunchURL http://docs.unrealengine.com/latest/INT/Engine/UI/LevelEditor/Viewports/ViewportControls/index.html
[2018.07.21-21.34.05:844][248]LogSlate: FSceneViewport::OnFocusLost() reason 0
[2018.07.21-21.35.00:611][ 90]LogSlate: FSceneViewport::OnFocusLost() reason 0
[2018.07.21-21.35.05:574][369]LogActorFactory: Actor Factory created SM_Chair
[2018.07.21-21.35.06:684][433]LogActorFactory: Actor Factory created SM_Chair
[2018.07.21-21.35.22:601][168]Cmd: CAMERA ALIGN ACTIVEVIEWPORTONLY
[2018.07.21-21.35.44:301][468]LogEditorViewport: Clicking on Actor (LMB): StaticMeshActor (Floor)
[2018.07.21-21.35.45:093][513]Cmd: CAMERA ALIGN ACTIVEVIEWPORTONLY
[2018.07.21-21.35.46:843][618]Cmd: CAMERA ALIGN ACTIVEVIEWPORTONLY
[2018.07.21-21.35.51:797][913]Cmd: CAMERA ALIGN ACTIVEVIEWPORTONLY
[2018.07.21-21.35.52:233][939]LogEditorViewport: Clicking on Actor (LMB): StaticMeshActor (Floor)
[2018.07.21-21.36.05:800][751]LogSlate: FSceneViewport::OnFocusLost() reason 0
[2018.07.21-21.36.06:036][758]LogActorFactory: Actor Factory created SM_MatPreviewMesh_02
[2018.07.21-21.36.09:197][947]LogActorFactory: Actor Factory created SM_MatPreviewMesh_02
[2018.07.21-21.36.17:804][459]LogSlate: FSceneViewport::OnFocusLost() reason 0
[2018.07.21-21.36.18:072][475]LogActorFactory: Actor Factory created SM_TableRound
[2018.07.21-21.36.19:160][540]LogActorFactory: Actor Factory created SM_TableRound
[2018.07.21-21.36.30:072][191]LogSlate: FSceneViewport::OnFocusLost() reason 0
[2018.07.21-21.36.33:323][383]LogActorFactory: Actor Factory created SM_Couch
[2018.07.21-21.36.36:748][588]LogActorFactory: Actor Factory created SM_Couch
[2018.07.21-21.36.38:439][687]LogSlate: FSceneViewport::OnFocusLost() reason 0
[2018.07.21-21.36.38:607][693]LogActorFactory: Actor Factory created SM_Lamp_Ceiling
[2018.07.21-21.36.39:912][771]LogActorFactory: Actor Factory created SM_Lamp_Ceiling
[2018.07.21-21.36.43:095][962]LogActorFactory: Actor Factory created SM_Lamp_Ceiling
[2018.07.21-21.36.44:591][ 49]Cmd: DELETE
[2018.07.21-21.36.44:591][ 49]Cmd: ACTOR DELETE
[2018.07.21-21.36.44:702][ 49]LogEditorActor: Deleted Actor: StaticMeshActor
[2018.07.21-21.36.44:714][ 49]LogEditorActor: Deleted 1 Actors (0.042 secs)
[2018.07.21-21.36.47:209][199]LogEditorViewport: Clicking on Actor (LMB): StaticMeshActor (SM_MatPreviewMesh_02)
[2018.07.21-21.37.31:169][140]Cmd: CAMERA ALIGN ACTIVEVIEWPORTONLY
[2018.07.21-21.38.53:317][379]LogSlate: FSceneViewport::OnFocusLost() reason 2
[2018.07.21-21.39.00:444][801]LogEditorViewport: Clicking on Actor (LMB): StaticMeshActor (SM_Chair)
[2018.07.21-21.39.09:730][351]LogSlate: FSceneViewport::OnFocusLost() reason 2
[2018.07.21-21.39.09:823][351]LogSavePackage: Save=63.67ms
[2018.07.21-21.39.09:823][351]LogSavePackage: Moving '../../../../../../2018_Class_Content/Unreal_And_C++/Section_03/UE4_Building-Escape/BuildingEscape/Saved/NewMap640ADE214414EFB42A86208463560264.tmp' to '../../../../../../2018_Class_Content/Unreal_And_C++/Section_03/UE4_Building-Escape/BuildingEscape/Content/NewMap.umap'
[2018.07.21-21.39.09:828][351]LogSavePackage: Display: Finished SavePackage ../../../../../../2018_Class_Content/Unreal_And_C++/Section_03/UE4_Building-Escape/BuildingEscape/Content/NewMap.umap
[2018.07.21-22.06.05:539][823]LogSlate: FSceneViewport::OnFocusLost() reason 2
[2018.07.21-22.06.09:409][ 53]LogSlate: FSceneViewport::OnFocusLost() reason 2
[2018.07.21-22.06.09:513][ 53]LogSlate: FSceneViewport::OnFocusLost() reason 2
[2018.07.21-22.07.27:682][632]LogSlate: Window 'Class Viewer' being destroyed
[2018.07.21-22.07.27:686][632]LogSlate: Window 'Class Viewer' being destroyed
[2018.07.21-22.07.39:939][367]LogEditorViewport: Clicking on Actor (LMB): StaticMeshActor (SM_Couch)
[2018.07.21-22.07.57:313][283]LogSlate: Took 0.019620 seconds to synchronously load lazily loaded font '../../../Engine/Content/Slate/Fonts/Roboto-Italic.ttf' (157K)
[2018.07.21-22.08.01:476][533]LogSlate: FSceneViewport::OnFocusLost() reason 0
[2018.07.21-22.08.10:805][ 77]LogSlate: Took 0.014566 seconds to synchronously load lazily loaded font '../../../Engine/Content/Slate/Fonts/Roboto-BoldCondensed.ttf' (158K)
[2018.07.21-22.08.40:009][ 77]Running D:/Epic Games/Unreal Engine/UE_4.19/Engine/Binaries/DotNET/UnrealBuildTool.exe BuildingEscape Win64 Development -editorrecompile "D:/2018_Class_Content/Unreal_And_C++/Section_03/UE4_Building-Escape/BuildingEscape/BuildingEscape.uproject" -invalidatemakefilesonly
[2018.07.21-22.08.40:315][ 77]Invalidating makefiles only in this run.
[2018.07.21-22.08.40:458][ 77]Candidate modules for hot reload:
[2018.07.21-22.08.40:458][ 77]  BuildingEscape
[2018.07.21-22.08.40:458][ 77]Launching UnrealBuildTool... [D:/Epic Games/Unreal Engine/UE_4.19/Engine/Binaries/DotNET/UnrealBuildTool.exe BuildingEscape -ModuleWithSuffix=BuildingEscape,6984 Win64 Development -editorrecompile -canskiplink "D:/2018_Class_Content/Unreal_And_C++/Section_03/UE4_Building-Escape/BuildingEscape/BuildingEscape.uproject" ]
[2018.07.21-22.08.58:144][ 77]CompilerResultsLog: New page: Compilation - Jul 21, 2018, 12:08:58 PM
[2018.07.21-22.08.58:144][ 77]CompilerResultsLog: Performing full C++ include scan (hot reloading a new target)
[2018.07.21-22.08.58:144][ 77]CompilerResultsLog: Using 'git status' to determine working set for adaptive non-unity build.
[2018.07.21-22.08.58:144][ 77]CompilerResultsLog: Creating makefile for hot reloading BuildingEscape (no existing makefile)
[2018.07.21-22.08.58:144][ 77]CompilerResultsLog: Compiling game modules for hot reload
[2018.07.21-22.08.58:144][ 77]CompilerResultsLog: Parsing headers for BuildingEscapeEditor
[2018.07.21-22.08.58:144][ 77]CompilerResultsLog:   Running UnrealHeaderTool "D:\2018_Class_Content\Unreal_And_C++\Section_03\UE4_Building-Escape\BuildingEscape\BuildingEscape.uproject" "D:\2018_Class_Content\Unreal_And_C++\Section_03\UE4_Building-Escape\BuildingEscape\Intermediate\Build\Win64\BuildingEscapeEditor\Development\BuildingEscapeEditor.uhtmanifest" -LogCmds="loginit warning, logexit warning, logdatabase error" -Unattended -WarningsAsErrors -installed
[2018.07.21-22.08.58:144][ 77]CompilerResultsLog: Reflection code generated for BuildingEscapeEditor in 9.718271 seconds
[2018.07.21-22.08.58:144][ 77]CompilerResultsLog: Performing 5 actions (4 in parallel)
[2018.07.21-22.08.58:144][ 77]CompilerResultsLog: BuildingEscape.init.gen.cpp
[2018.07.21-22.08.58:144][ 77]CompilerResultsLog: PositionReport.gen.cpp
[2018.07.21-22.08.58:144][ 77]CompilerResultsLog: PositionReport.cpp
[2018.07.21-22.08.58:144][ 77]CompilerResultsLog: [4/5] Link UE4Editor-BuildingEscape-6984.dll
[2018.07.21-22.08.58:144][ 77]CompilerResultsLog: [5/5] Link UE4Editor-BuildingEscape-6984.lib
[2018.07.21-22.08.58:144][ 77]CompilerResultsLog:    Creating library D:\2018_Class_Content\Unreal_And_C++\Section_03\UE4_Building-Escape\BuildingEscape\Intermediate\Build\Win64\UE4Editor\Development\UE4Editor-BuildingEscape-6984.lib and object D:\2018_Class_Content\Unreal_And_C++\Section_03\UE4_Building-Escape\BuildingEscape\Intermediate\Build\Win64\UE4Editor\Development\UE4Editor-BuildingEscape-6984.exp
[2018.07.21-22.08.58:144][ 77]CompilerResultsLog:    Creating library D:\2018_Class_Content\Unreal_And_C++\Section_03\UE4_Building-Escape\BuildingEscape\Intermediate\Build\Win64\UE4Editor\Development\UE4Editor-BuildingEscape-6984.suppressed.lib and object D:\2018_Class_Content\Unreal_And_C++\Section_03\UE4_Building-Escape\BuildingEscape\Intermediate\Build\Win64\UE4Editor\Development\UE4Editor-BuildingEscape-6984.suppressed.exp
[2018.07.21-22.08.58:145][ 77]CompilerResultsLog: Total build time: 17.44 seconds (Local executor: 1.83 seconds)
[2018.07.21-22.08.58:145][ 77]LogMainFrame: MainFrame: Module compiling took 17.713 seconds
[2018.07.21-22.08.58:167][ 77]LogClass: Could not find existing class PositionReport in package /Script/BuildingEscape for HotReload, assuming new class
[2018.07.21-22.08.58:170][ 77]LogContentBrowser: Native class hierarchy updated for 'BuildingEscape' in 0.0011 seconds. Added 2 classes and 2 folders.
[2018.07.21-22.08.58:173][ 77]Display: HotReload successful (0 functions remapped  0 scriptstructs remapped)
[2018.07.21-22.08.58:358][ 77]LogContentBrowser: Native class hierarchy populated in 0.0117 seconds. Added 2455 classes and 562 folders.
[2018.07.21-22.08.58:368][ 77]Display: HotReload took 17.9s.
[2018.07.21-22.08.58:370][ 77]Warning: HotReload operation took 17.9s.
[2018.07.21-22.08.59:133][ 77]LogSlate: Window 'Add C++ Component' being destroyed
[2018.07.21-22.08.59:225][ 77]LogHotReload: New module detected: UE4Editor-BuildingEscape-6984.dll
[2018.07.21-22.08.59:327][ 78]LogHotReload: Starting Hot-Reload from IDE
[2018.07.21-22.08.59:396][ 78]LogContentBrowser: Native class hierarchy updated for 'BuildingEscape' in 0.0009 seconds. Added 2 classes and 2 folders.
[2018.07.21-22.08.59:397][ 78]Display: HotReload successful (0 functions remapped  0 scriptstructs remapped)
[2018.07.21-22.08.59:420][ 78]LogContentBrowser: Native class hierarchy populated in 0.0128 seconds. Added 2455 classes and 562 folders.
[2018.07.21-22.08.59:428][ 78]Display: HotReload took  0.1s.
[2018.07.21-22.09.26:499][323]LogSavePackage: Save=25.26ms
[2018.07.21-22.09.26:499][323]LogSavePackage: Moving '../../../../../../2018_Class_Content/Unreal_And_C++/Section_03/UE4_Building-Escape/BuildingEscape/Saved/NewMap_Auto10EB0721C425BDAF90747F68D30530CF9.tmp' to '../../../../../../2018_Class_Content/Unreal_And_C++/Section_03/UE4_Building-Escape/BuildingEscape/Saved/Autosaves/Game/NewMap_Auto1.umap'
[2018.07.21-22.09.26:502][323]LogSavePackage: Display: Finished SavePackage ../../../../../../2018_Class_Content/Unreal_And_C++/Section_03/UE4_Building-Escape/BuildingEscape/Saved/Autosaves/Game/NewMap_Auto1.umap
[2018.07.21-22.09.26:505][323]LogFileHelpers: Editor autosave (incl. sublevels) for '/Game/NewMap' took 0.090
[2018.07.21-22.09.26:506][323]LogFileHelpers: Editor autosave (incl. sublevels) for all levels took 0.090
[2018.07.21-22.13.06:767][237]LogSlate: Only BGRA pngs, bmps or icos are supported in by External Image Picker
[2018.07.21-22.13.06:908][238]LogTemp: Executing iPhonePackager certificates Engine -bundlename com.YourCompany.BuildingEscape
[2018.07.21-22.13.06:908][238]LogTemp: CWD: D:\Epic Games\Unreal Engine\UE_4.19\Engine\Binaries\DotNET\IOS
[2018.07.21-22.13.06:909][238]LogTemp: Initial Dir: D:\Epic Games\Unreal Engine\UE_4.19
[2018.07.21-22.13.06:909][238]LogTemp: Env CWD: D:\Epic Games\Unreal Engine\UE_4.19\Engine\Binaries\DotNET\IOS
[2018.07.21-22.13.06:909][238]LogTemp: BranchPath = DESKTOP-72G2J6N/D/Epic Games/Unreal Engine/UE_4.19/Engine/Binaries --- GameBranchPath = DESKTOP-72G2J6N/D/Epic Games/Unreal Engine/UE_4.19/Engine/Binaries
[2018.07.21-22.13.06:909][238]LogTemp: IPP ERROR: Could not find provision directory 'C:\Users\Cale Curry\AppData\Local/Apple Computer/MobileDevice/Provisioning Profiles/'.
[2018.07.21-22.15.45:840][651]LogSlate: Window 'Project Settings' being destroyed
[2018.07.21-22.15.45:845][651]LogSlate: Window 'Project Settings' being destroyed
[2018.07.21-22.15.47:762][744]LogSavePackage: Save=24.30ms
[2018.07.21-22.15.47:762][744]LogSavePackage: Moving '../../../../../../2018_Class_Content/Unreal_And_C++/Section_03/UE4_Building-Escape/BuildingEscape/Saved/NewMap73A1C9E440486BEFC8E8ACA6FFB97C4C.tmp' to '../../../../../../2018_Class_Content/Unreal_And_C++/Section_03/UE4_Building-Escape/BuildingEscape/Content/NewMap.umap'
[2018.07.21-22.15.47:766][744]LogSavePackage: Display: Finished SavePackage ../../../../../../2018_Class_Content/Unreal_And_C++/Section_03/UE4_Building-Escape/BuildingEscape/Content/NewMap.umap
[2018.07.21-22.15.52:381][ 17]LogSlate: Window 'BuildingEscape - Unreal Editor' being destroyed
[2018.07.21-22.15.52:564][ 18]Cmd: QUIT_EDITOR
[2018.07.21-22.15.52:596][ 18]LogWindowsTextInputMethodSystem: Display: IME system now deactivated.
[2018.07.21-22.15.52:620][ 18]LogSlate: Slate User Destroyed.  User Index 0, Is Virtual User: 0
[2018.07.21-22.15.52:621][ 18]LogExit: Preparing to exit.
[2018.07.21-22.15.52:938][ 18]LogDirectoryWatcher: A directory notification for 'D:/2018_Class_Content/Unreal_And_C++/Section_03/UE4_Building-Escape/BuildingEscape/Content/' was aborted.
[2018.07.21-22.15.52:963][ 18]LogExit: Editor shut down
[2018.07.21-22.15.52:968][ 18]LogExit: Transaction tracking system shut down
[2018.07.21-22.15.53:078][ 18]LogDirectoryWatcher: A directory notification for '../../../Engine/Content/' was aborted.
[2018.07.21-22.15.53:078][ 18]LogDirectoryWatcher: A directory notification for '../../../../../../2018_Class_Content/Unreal_And_C++/Section_03/UE4_Building-Escape/BuildingEscape/Content/' was aborted.
[2018.07.21-22.15.53:078][ 18]LogDirectoryWatcher: A directory notification for '../../Plugins/2D/Paper2D/Content/' was aborted.
[2018.07.21-22.15.53:078][ 18]LogDirectoryWatcher: A directory notification for '../../Plugins/Enterprise/DatasmithContent/Content/' was aborted.
[2018.07.21-22.15.53:078][ 18]LogDirectoryWatcher: A directory notification for '../../Plugins/Media/MediaCompositing/Content/' was aborted.
[2018.07.21-22.15.53:078][ 18]LogDirectoryWatcher: A directory notification for '../../Plugins/Runtime/AppleARKit/Content/' was aborted.
[2018.07.21-22.15.53:078][ 18]LogDirectoryWatcher: A directory notification for '../../Plugins/Runtime/Oculus/OculusVR/Content/' was aborted.
[2018.07.21-22.15.53:078][ 18]LogDirectoryWatcher: A directory notification for '../../Plugins/Runtime/Steam/SteamVR/Content/' was aborted.
[2018.07.21-22.15.53:138][ 18]LogExit: Object subsystem successfully closed.
[2018.07.21-22.15.53:160][ 18]LogShaderCompilers: Display: Shaders left to compile 0
[2018.07.21-22.15.53:163][ 18]LogD3D11RHI: Shutdown
[2018.07.21-22.15.53:163][ 18]LogD3D11RHI: CleanupD3DDevice
[2018.07.21-22.15.53:166][ 18]LogD3D11RHI: ~FD3D11DynamicRHI
[2018.07.21-22.15.53:178][ 18]LogModuleManager: Shutting down and abandoning module BuildingEscape (584)
[2018.07.21-22.15.53:178][ 18]LogModuleManager: Shutting down and abandoning module HierarchicalLODUtilities (582)
[2018.07.21-22.15.53:178][ 18]LogModuleManager: Shutting down and abandoning module NewLevelDialog (580)
[2018.07.21-22.15.53:178][ 18]LogModuleManager: Shutting down and abandoning module ExternalImagePicker (578)
[2018.07.21-22.15.53:178][ 18]LogModuleManager: Shutting down and abandoning module HierarchicalLODOutliner (576)
[2018.07.21-22.15.53:178][ 18]LogModuleManager: Shutting down and abandoning module DesktopPlatform (574)
[2018.07.21-22.15.53:178][ 18]LogModuleManager: Shutting down and abandoning module SceneOutliner (572)
[2018.07.21-22.15.53:178][ 18]LogModuleManager: Shutting down and abandoning module AddContentDialog (570)
[2018.07.21-22.15.53:178][ 18]LogDirectoryWatcher: A directory notification for 'D:/Epic Games/Unreal Engine/UE_4.19/FeaturePacks/' was aborted.
[2018.07.21-22.15.53:179][ 18]LogModuleManager: Shutting down and abandoning module WidgetCarousel (569)
[2018.07.21-22.15.53:179][ 18]LogModuleManager: Shutting down and abandoning module EditorWidgets (566)
[2018.07.21-22.15.53:179][ 18]LogModuleManager: Shutting down and abandoning module CollectionManager (564)
[2018.07.21-22.15.53:179][ 18]LogDirectoryWatcher: A directory notification for 'D:/2018_Class_Content/Unreal_And_C++/Section_03/UE4_Building-Escape/BuildingEscape/Content/Collections/' was aborted.
[2018.07.21-22.15.53:179][ 18]LogDirectoryWatcher: A directory notification for 'D:/2018_Class_Content/Unreal_And_C++/Section_03/UE4_Building-Escape/BuildingEscape/Content/Developers/CaleCurry/Collections/' was aborted.
[2018.07.21-22.15.53:179][ 18]LogDirectoryWatcher: A directory notification for 'D:/2018_Class_Content/Unreal_And_C++/Section_03/UE4_Building-Escape/BuildingEscape/Saved/Collections/' was aborted.
[2018.07.21-22.15.53:179][ 18]LogModuleManager: Shutting down and abandoning module StatsViewer (562)
[2018.07.21-22.15.53:180][ 18]LogModuleManager: Shutting down and abandoning module FoliageEdit (560)
[2018.07.21-22.15.53:180][ 18]LogModuleManager: Shutting down and abandoning module LandscapeEditor (558)
[2018.07.21-22.15.53:180][ 18]LogModuleManager: Shutting down and abandoning module MeshPaintMode (556)
[2018.07.21-22.15.53:180][ 18]LogModuleManager: Shutting down and abandoning module SceneDepthPickerMode (554)
[2018.07.21-22.15.53:180][ 18]LogModuleManager: Shutting down and abandoning module ActorPickerMode (552)
[2018.07.21-22.15.53:180][ 18]LogModuleManager: Shutting down and abandoning module GeometryMode (550)
[2018.07.21-22.15.53:180][ 18]LogModuleManager: Shutting down and abandoning module TextureAlignMode (548)
[2018.07.21-22.15.53:180][ 18]LogModuleManager: Shutting down and abandoning module BspMode (546)
[2018.07.21-22.15.53:180][ 18]LogModuleManager: Shutting down and abandoning module PIEPreviewDeviceProfileSelector (544)
[2018.07.21-22.15.53:180][ 18]LogModuleManager: Shutting down and abandoning module HardwareSurvey (542)
[2018.07.21-22.15.53:180][ 18]LogModuleManager: Shutting down and abandoning module SequenceRecorderSections (540)
[2018.07.21-22.15.53:180][ 18]LogModuleManager: Shutting down and abandoning module AutomationWorker (538)
[2018.07.21-22.15.53:180][ 18]LogModuleManager: Shutting down and abandoning module AudioCaptureEditor (536)
[2018.07.21-22.15.53:180][ 18]LogModuleManager: Shutting down and abandoning module SequenceRecorder (535)
[2018.07.21-22.15.53:180][ 18]LogModuleManager: Shutting down and abandoning module MatineeToLevelSequence (532)
[2018.07.21-22.15.53:180][ 18]LogModuleManager: Shutting down and abandoning module LevelSequenceEditor (530)
[2018.07.21-22.15.53:180][ 18]LogModuleManager: Shutting down and abandoning module PlacementMode (529)
[2018.07.21-22.15.53:180][ 18]LogModuleManager: Shutting down and abandoning module MaterialEditor (528)
[2018.07.21-22.15.53:180][ 18]LogModuleManager: Shutting down and abandoning module WmfMediaFactory (524)
[2018.07.21-22.15.53:180][ 18]LogModuleManager: Shutting down and abandoning module WmfMediaEditor (522)
[2018.07.21-22.15.53:180][ 18]LogModuleManager: Shutting down and abandoning module MediaPlayerEditor (520)
[2018.07.21-22.15.53:180][ 18]LogModuleManager: Shutting down and abandoning module OpenExrWrapper (518)
[2018.07.21-22.15.53:180][ 18]LogModuleManager: Shutting down and abandoning module ImgMediaFactory (516)
[2018.07.21-22.15.53:180][ 18]LogModuleManager: Shutting down and abandoning module ImgMediaEditor (514)
[2018.07.21-22.15.53:180][ 18]LogModuleManager: Shutting down and abandoning module AvfMediaFactory (512)
[2018.07.21-22.15.53:180][ 18]LogModuleManager: Shutting down and abandoning module AvfMediaEditor (510)
[2018.07.21-22.15.53:180][ 18]LogModuleManager: Shutting down and abandoning module AndroidMediaFactory (508)
[2018.07.21-22.15.53:180][ 18]LogModuleManager: Shutting down and abandoning module AndroidMediaEditor (506)
[2018.07.21-22.15.53:180][ 18]LogModuleManager: Shutting down and abandoning module CharacterAI (504)
[2018.07.21-22.15.53:180][ 18]LogModuleManager: Shutting down and abandoning module SmartSnapping (502)
[2018.07.21-22.15.53:180][ 18]LogModuleManager: Shutting down and abandoning module SessionServices (500)
[2018.07.21-22.15.53:180][ 18]LogModuleManager: Shutting down and abandoning module ViewportSnapping (498)
[2018.07.21-22.15.53:180][ 18]LogModuleManager: Shutting down and abandoning module ViewportInteraction (496)
[2018.07.21-22.15.53:180][ 18]LogModuleManager: Shutting down and abandoning module ClothPainter (494)
[2018.07.21-22.15.53:180][ 18]LogModuleManager: Shutting down and abandoning module SkeletalMeshEditor (493)
[2018.07.21-22.15.53:180][ 18]LogModuleManager: Shutting down and abandoning module LogVisualizer (490)
[2018.07.21-22.15.53:181][ 18]LogModuleManager: Shutting down and abandoning module IntroTutorials (488)
[2018.07.21-22.15.53:181][ 18]LogModuleManager: Shutting down and abandoning module GameProjectGeneration (487)
[2018.07.21-22.15.53:181][ 18]LogModuleManager: Shutting down and abandoning module IOSPlatformEditor (484)
[2018.07.21-22.15.53:181][ 18]LogModuleManager: Shutting down and abandoning module HTML5PlatformEditor (482)
[2018.07.21-22.15.53:181][ 18]LogModuleManager: Shutting down and abandoning module AndroidPlatformEditor (480)
[2018.07.21-22.15.53:181][ 18]LogModuleManager: Shutting down and abandoning module AndroidDeviceDetection (479)
[2018.07.21-22.15.53:852][ 18]LogModuleManager: Shutting down and abandoning module WindowsPlatformEditor (476)
[2018.07.21-22.15.53:852][ 18]LogModuleManager: Shutting down and abandoning module IOSRuntimeSettings (474)
[2018.07.21-22.15.53:852][ 18]LogModuleManager: Shutting down and abandoning module AndroidRuntimeSettings (472)
[2018.07.21-22.15.53:852][ 18]LogModuleManager: Shutting down and abandoning module InputBindingEditor (470)
[2018.07.21-22.15.53:852][ 18]LogModuleManager: Shutting down and abandoning module MergeActors (468)
[2018.07.21-22.15.53:852][ 18]LogModuleManager: Shutting down and abandoning module LocalizationDashboard (466)
[2018.07.21-22.15.53:852][ 18]LogModuleManager: Shutting down and abandoning module LocalizationService (465)
[2018.07.21-22.15.53:852][ 18]LogModuleManager: Shutting down and abandoning module HardwareTargeting (462)
[2018.07.21-22.15.53:852][ 18]LogModuleManager: Shutting down and abandoning module DeviceProfileEditor (460)
[2018.07.21-22.15.53:852][ 18]LogModuleManager: Shutting down and abandoning module UndoHistory (458)
[2018.07.21-22.15.53:853][ 18]LogModuleManager: Shutting down and abandoning module XmlParser (456)
[2018.07.21-22.15.53:853][ 18]LogModuleManager: Shutting down and abandoning module Blutility (454)
[2018.07.21-22.15.53:853][ 18]LogModuleManager: Shutting down and abandoning module ProjectSettingsViewer (452)
[2018.07.21-22.15.53:853][ 18]LogModuleManager: Shutting down and abandoning module ProjectTargetPlatformEditor (451)
[2018.07.21-22.15.53:853][ 18]LogModuleManager: Shutting down and abandoning module EditorSettingsViewer (448)
[2018.07.21-22.15.53:853][ 18]LogModuleManager: Shutting down and abandoning module SettingsEditor (446)
[2018.07.21-22.15.53:853][ 18]LogModuleManager: Shutting down and abandoning module ProjectLauncher (444)
[2018.07.21-22.15.53:853][ 18]LogModuleManager: Shutting down and abandoning module SessionFrontend (442)
[2018.07.21-22.15.53:853][ 18]LogModuleManager: Shutting down and abandoning module ProfilerClient (440)
[2018.07.21-22.15.53:853][ 18]LogModuleManager: Shutting down and abandoning module DeviceManager (438)
[2018.07.21-22.15.53:853][ 18]LogModuleManager: Shutting down and abandoning module TargetDeviceServices (437)
[2018.07.21-22.15.53:907][ 18]LogModuleManager: Shutting down and abandoning module AutomationController (434)
[2018.07.21-22.15.53:907][ 18]LogModuleManager: Shutting down and abandoning module AutomationWindow (432)
[2018.07.21-22.15.53:907][ 18]LogModuleManager: Shutting down and abandoning module Layers (430)
[2018.07.21-22.15.53:907][ 18]LogModuleManager: Shutting down and abandoning module ComponentVisualizers (428)
[2018.07.21-22.15.53:907][ 18]LogModuleManager: Shutting down and abandoning module DetailCustomizations (426)
[2018.07.21-22.15.53:907][ 18]LogModuleManager: Shutting down and abandoning module PackagesDialog (424)
[2018.07.21-22.15.53:907][ 18]LogModuleManager: Shutting down and abandoning module Persona (422)
[2018.07.21-22.15.53:907][ 18]LogModuleManager: Shutting down and abandoning module AdvancedPreviewScene (421)
[2018.07.21-22.15.53:907][ 18]LogModuleManager: Shutting down and abandoning module AnimGraph (419)
[2018.07.21-22.15.53:907][ 18]LogModuleManager: Shutting down and abandoning module Kismet (416)
[2018.07.21-22.15.53:907][ 18]LogModuleManager: Shutting down and abandoning module GraphEditor (414)
[2018.07.21-22.15.53:907][ 18]LogModuleManager: Shutting down and abandoning module ClassViewer (412)
[2018.07.21-22.15.53:909][ 18]LogModuleManager: Shutting down and abandoning module Toolbox (410)
[2018.07.21-22.15.53:909][ 18]LogModuleManager: Shutting down and abandoning module ModuleUI (408)
[2018.07.21-22.15.53:909][ 18]LogModuleManager: Shutting down and abandoning module MovieSceneTools (406)
[2018.07.21-22.15.53:909][ 18]LogModuleManager: Shutting down and abandoning module OutputLog (404)
[2018.07.21-22.15.53:909][ 18]LogModuleManager: Shutting down and abandoning module GammaUI (402)
[2018.07.21-22.15.53:909][ 18]LogModuleManager: Shutting down and abandoning module Documentation (400)
[2018.07.21-22.15.53:909][ 18]LogModuleManager: Shutting down and abandoning module MovieSceneTracks (398)
[2018.07.21-22.15.53:909][ 18]LogModuleManager: Shutting down and abandoning module MovieScene (396)
[2018.07.21-22.15.53:909][ 18]LogModuleManager: Shutting down and abandoning module StreamingPauseRendering (394)
[2018.07.21-22.15.53:909][ 18]LogModuleManager: Shutting down and abandoning module LauncherPlatform (392)
[2018.07.21-22.15.53:909][ 18]LogModuleManager: Shutting down and abandoning module AnalyticsET (390)
[2018.07.21-22.15.53:909][ 18]LogModuleManager: Shutting down and abandoning module PortalServices (388)
[2018.07.21-22.15.53:909][ 18]LogModuleManager: Shutting down and abandoning module PortalRpc (386)
[2018.07.21-22.15.53:909][ 18]LogModuleManager: Shutting down and abandoning module MessagingRpc (384)
[2018.07.21-22.15.53:909][ 18]LogModuleManager: Shutting down and abandoning module AIModule (382)
[2018.07.21-22.15.53:909][ 18]LogModuleManager: Shutting down and abandoning module GameplayDebugger (381)
[2018.07.21-22.15.53:909][ 18]LogModuleManager: Shutting down and abandoning module AITestSuite (379)
[2018.07.21-22.15.53:909][ 18]LogModuleManager: Shutting down and abandoning module ProfilerService (376)
[2018.07.21-22.15.54:129][ 18]LogModuleManager: Shutting down and abandoning module TaskGraph (374)
[2018.07.21-22.15.54:129][ 18]LogModuleManager: Shutting down and abandoning module SteamVRController (372)
[2018.07.21-22.15.54:129][ 18]LogModuleManager: Shutting down and abandoning module ProceduralMeshComponentEditor (370)
[2018.07.21-22.15.54:129][ 18]LogModuleManager: Shutting down and abandoning module ProceduralMeshComponent (368)
[2018.07.21-22.15.54:129][ 18]LogModuleManager: Shutting down and abandoning module OculusInput (366)
[2018.07.21-22.15.54:129][ 18]LogModuleManager: Shutting down and abandoning module MobilePatchingUtils (364)
[2018.07.21-22.15.54:129][ 18]LogModuleManager: Shutting down and abandoning module CustomMeshComponent (362)
[2018.07.21-22.15.54:129][ 18]LogModuleManager: Shutting down and abandoning module CableComponent (360)
[2018.07.21-22.15.54:129][ 18]LogModuleManager: Shutting down and abandoning module AudioCapture (358)
[2018.07.21-22.15.54:129][ 18]LogModuleManager: Shutting down and abandoning module ArchVisCharacter (356)
[2018.07.21-22.15.54:129][ 18]LogModuleManager: Shutting down and abandoning module AndroidPermission (354)
[2018.07.21-22.15.54:129][ 18]LogModuleManager: Shutting down and abandoning module NUTUnrealEngine4 (350)
[2018.07.21-22.15.54:129][ 18]LogModuleManager: Shutting down and abandoning module NetcodeUnitTest (348)
[2018.07.21-22.15.54:129][ 18]LogModuleManager: Shutting down and abandoning module MediaCompositingEditor (346)
[2018.07.21-22.15.54:130][ 18]LogModuleManager: Shutting down and abandoning module MediaCompositing (344)
[2018.07.21-22.15.54:130][ 18]LogModuleManager: Shutting down and abandoning module LinearTimecode (342)
[2018.07.21-22.15.54:130][ 18]LogModuleManager: Shutting down and abandoning module ImgMedia (340)
[2018.07.21-22.15.54:137][ 18]LogModuleManager: Shutting down and abandoning module HTML5Networking (338)
[2018.07.21-22.15.54:138][ 18]LogModuleManager: Shutting down and abandoning module AlembicImporter (336)
[2018.07.21-22.15.54:138][ 18]LogModuleManager: Shutting down and abandoning module AlembicLibrary (335)
[2018.07.21-22.15.54:138][ 18]LogModuleManager: Shutting down and abandoning module GeometryCache (334)
[2018.07.21-22.15.54:138][ 18]LogModuleManager: Shutting down and abandoning module GeometryCacheEd (333)
[2018.07.21-22.15.54:138][ 18]LogModuleManager: Shutting down and abandoning module DatasmithContent (328)
[2018.07.21-22.15.54:138][ 18]LogModuleManager: Shutting down and abandoning module SpeedTreeImporter (326)
[2018.07.21-22.15.54:138][ 18]LogModuleManager: Shutting down and abandoning module PluginBrowser (324)
[2018.07.21-22.15.54:138][ 18]LogModuleManager: Shutting down and abandoning module MobileLauncherProfileWizard (322)
[2018.07.21-22.15.54:138][ 18]LogModuleManager: Shutting down and abandoning module CryptoKeysOpenSSL (320)
[2018.07.21-22.15.54:138][ 18]LogModuleManager: Shutting down and abandoning module CryptoKeys (318)
[2018.07.21-22.15.54:138][ 18]LogModuleManager: Shutting down and abandoning module VisualStudioSourceCodeAccess (316)
[2018.07.21-22.15.54:138][ 18]LogModuleManager: Shutting down and abandoning module VisualStudioCodeSourceCodeAccess (314)
[2018.07.21-22.15.54:138][ 18]LogModuleManager: Shutting down and abandoning module UObjectPlugin (312)
[2018.07.21-22.15.54:138][ 18]LogModuleManager: Shutting down and abandoning module SubversionSourceControl (310)
[2018.07.21-22.15.54:138][ 18]LogModuleManager: Shutting down and abandoning module PerforceSourceControl (308)
[2018.07.21-22.15.54:138][ 18]LogModuleManager: Shutting down and abandoning module GitSourceControl (306)
[2018.07.21-22.15.54:138][ 18]LogModuleManager: Shutting down and abandoning module SourceControl (305)
[2018.07.21-22.15.54:139][ 18]LogModuleManager: Shutting down and abandoning module CLionSourceCodeAccess (302)
[2018.07.21-22.15.54:139][ 18]LogModuleManager: Shutting down and abandoning module LightPropagationVolumeEditor (300)
[2018.07.21-22.15.54:139][ 18]LogModuleManager: Shutting down and abandoning module PaperTiledImporter (298)
[2018.07.21-22.15.54:139][ 18]LogModuleManager: Shutting down and abandoning module PaperSpriteSheetImporter (296)
[2018.07.21-22.15.54:139][ 18]LogModuleManager: Shutting down and abandoning module Paper2DEditor (294)
[2018.07.21-22.15.54:139][ 18]LogModuleManager: Shutting down and abandoning module MeshPaint (293)
[2018.07.21-22.15.54:139][ 18]LogModuleManager: Shutting down and abandoning module RuntimePhysXCooking (288)
[2018.07.21-22.15.54:139][ 18]LogModuleManager: Shutting down and abandoning module PhysXVehiclesEditor (286)
[2018.07.21-22.15.54:139][ 18]LogModuleManager: Shutting down and abandoning module PhysXVehicles (284)
[2018.07.21-22.15.54:139][ 18]LogModuleManager: Shutting down and abandoning module OculusEditor (282)
[2018.07.21-22.15.54:139][ 18]LogModuleManager: Shutting down and abandoning module LocationServicesBPLibrary (280)
[2018.07.21-22.15.54:139][ 18]LogModuleManager: Shutting down and abandoning module ImmediatePhysicsEditor (278)
[2018.07.21-22.15.54:139][ 18]LogModuleManager: Shutting down and abandoning module ImmediatePhysics (276)
[2018.07.21-22.15.54:139][ 18]LogModuleManager: Shutting down and abandoning module ActorSequence (274)
[2018.07.21-22.15.54:139][ 18]LogModuleManager: Shutting down and abandoning module UdpMessaging (272)
[2018.07.21-22.15.54:240][ 18]LogModuleManager: Shutting down and abandoning module TcpMessaging (270)
[2018.07.21-22.15.54:341][ 18]LogModuleManager: Shutting down and abandoning module GameplayTagsEditor (268)
[2018.07.21-22.15.54:341][ 18]LogModuleManager: Shutting down and abandoning module FacialAnimationEditor (266)
[2018.07.21-22.15.54:341][ 18]LogModuleManager: Shutting down and abandoning module FacialAnimation (264)
[2018.07.21-22.15.54:341][ 18]LogModuleManager: Shutting down and abandoning module DataValidation (262)
[2018.07.21-22.15.54:341][ 18]LogModuleManager: Shutting down and abandoning module AssetManagerEditor (260)
[2018.07.21-22.15.54:341][ 18]LogModuleManager: Shutting down and abandoning module LevelEditor (259)
[2018.07.21-22.15.54:343][ 18]LogModuleManager: Shutting down and abandoning module PixelInspectorModule (258)
[2018.07.21-22.15.54:344][ 18]LogModuleManager: Shutting down and abandoning module CommonMenuExtensions (256)
[2018.07.21-22.15.54:344][ 18]LogModuleManager: Shutting down and abandoning module MainFrame (254)
[2018.07.21-22.15.54:344][ 18]LogModuleManager: Shutting down and abandoning module HotReload (253)
[2018.07.21-22.15.54:344][ 18]LogDirectoryWatcher: A directory notification for 'D:/2018_Class_Content/Unreal_And_C++/Section_03/UE4_Building-Escape/BuildingEscape/Binaries/Win64' was aborted.
[2018.07.21-22.15.54:345][ 18]LogModuleManager: Shutting down and abandoning module ContentBrowser (249)
[2018.07.21-22.15.54:348][ 18]LogModuleManager: Shutting down and abandoning module TreeMap (247)
[2018.07.21-22.15.54:348][ 18]LogModuleManager: Shutting down and abandoning module LightPropagationVolumeRuntime (244)
[2018.07.21-22.15.54:348][ 18]LogModuleManager: Shutting down and abandoning module LiveLinkEditor (242)
[2018.07.21-22.15.54:348][ 18]LogModuleManager: Shutting down and abandoning module LiveLink (240)
[2018.07.21-22.15.54:663][ 18]LogModuleManager: Shutting down and abandoning module Paper2D (238)
[2018.07.21-22.15.54:663][ 18]LogModuleManager: Shutting down and abandoning module WindowsMoviePlayer (236)
[2018.07.21-22.15.54:663][ 18]LogModuleManager: Shutting down and abandoning module WmfMedia (234)
[2018.07.21-22.15.54:664][ 18]LogModuleManager: Shutting down and abandoning module Media (233)
[2018.07.21-22.15.54:670][ 18]LogModuleManager: Shutting down and abandoning module PacketHandler (230)
[2018.07.21-22.15.54:670][ 18]LogModuleManager: Shutting down and abandoning module ClothingSystemEditor (228)
[2018.07.21-22.15.54:670][ 18]LogModuleManager: Shutting down and abandoning module ClothingSystemRuntime (226)
[2018.07.21-22.15.54:670][ 18]LogModuleManager: Shutting down and abandoning module MediaAssets (224)
[2018.07.21-22.15.54:670][ 18]LogModuleManager: Shutting down and abandoning module Overlay (222)
[2018.07.21-22.15.54:670][ 18]LogModuleManager: Shutting down and abandoning module OverlayEditor (221)
[2018.07.21-22.15.54:670][ 18]LogModuleManager: Shutting down and abandoning module VREditor (218)
[2018.07.21-22.15.54:670][ 18]LogModuleManager: Shutting down and abandoning module StringTableEditor (216)
[2018.07.21-22.15.54:670][ 18]LogModuleManager: Shutting down and abandoning module GameplayTasksEditor (214)
[2018.07.21-22.15.54:670][ 18]LogModuleManager: Shutting down and abandoning module BehaviorTreeEditor (212)
[2018.07.21-22.15.54:670][ 18]LogModuleManager: Shutting down and abandoning module FunctionalTesting (210)
[2018.07.21-22.15.54:671][ 18]LogModuleManager: Shutting down and abandoning module CollisionAnalyzer (208)
[2018.07.21-22.15.54:671][ 18]LogModuleManager: Shutting down and abandoning module WorkspaceMenuStructure (207)
[2018.07.21-22.15.54:671][ 18]LogModuleManager: Shutting down and abandoning module UMG (204)
[2018.07.21-22.15.54:671][ 18]LogModuleManager: Shutting down and abandoning module UMGEditor (203)
[2018.07.21-22.15.54:671][ 18]LogModuleManager: Shutting down and abandoning module Sequencer (202)
[2018.07.21-22.15.54:671][ 18]LogModuleManager: Shutting down and abandoning module MessageLog (199)
[2018.07.21-22.15.54:671][ 18]LogModuleManager: Shutting down and abandoning module SlateReflector (194)
[2018.07.21-22.15.54:671][ 18]LogModuleManager: Shutting down and abandoning module Slate (192)
[2018.07.21-22.15.54:671][ 18]LogModuleManager: Shutting down and abandoning module EditorStyle (190)
[2018.07.21-22.15.54:672][ 18]LogModuleManager: Shutting down and abandoning module MRMesh (188)
[2018.07.21-22.15.54:672][ 18]LogModuleManager: Shutting down and abandoning module SourceCodeAccess (186)
[2018.07.21-22.15.54:672][ 18]LogModuleManager: Shutting down and abandoning module HeadMountedDisplay (184)
[2018.07.21-22.15.54:672][ 18]LogModuleManager: Shutting down and abandoning module XAudio2 (182)
[2018.07.21-22.15.54:672][ 18]LogModuleManager: Shutting down and abandoning module Networking (180)
[2018.07.21-22.15.54:672][ 18]LogModuleManager: Shutting down and abandoning module Core (178)
[2018.07.21-22.15.54:672][ 18]LogModuleManager: Shutting down and abandoning module LevelSequence (176)
[2018.07.21-22.15.54:672][ 18]LogModuleManager: Shutting down and abandoning module KismetCompiler (174)
[2018.07.21-22.15.54:672][ 18]LogModuleManager: Shutting down and abandoning module MeshUtilities (172)
[2018.07.21-22.15.54:672][ 18]LogModuleManager: Shutting down and abandoning module MeshMergeUtilities (171)
[2018.07.21-22.15.54:673][ 18]LogModuleManager: Shutting down and abandoning module MeshReductionInterface (170)
[2018.07.21-22.15.54:673][ 18]LogModuleManager: Shutting down and abandoning module SimplygonSwarm (169)
[2018.07.21-22.15.54:673][ 18]LogModuleManager: Shutting down and abandoning module SimplygonMeshReduction (167)
[2018.07.21-22.15.54:673][ 18]LogModuleManager: Shutting down and abandoning module QuadricMeshReduction (165)
[2018.07.21-22.15.54:673][ 18]LogModuleManager: Shutting down and abandoning module MaterialBaking (161)
[2018.07.21-22.15.54:673][ 18]LogModuleManager: Shutting down and abandoning module DirectoryWatcher (157)
[2018.07.21-22.15.54:673][ 18]LogModuleManager: Shutting down and abandoning module DerivedDataCache (154)
[2018.07.21-22.15.54:718][ 18]LogDerivedDataCache: Shutdown
[2018.07.21-22.15.54:718][ 18]LogModuleManager: Shutting down and abandoning module XGEController (152)
[2018.07.21-22.15.54:718][ 18]LogModuleManager: Shutting down and abandoning module TargetPlatform (150)
[2018.07.21-22.15.54:718][ 18]LogModuleManager: Shutting down and abandoning module VulkanShaderFormat (149)
[2018.07.21-22.15.54:718][ 18]LogModuleManager: Shutting down and abandoning module ShaderFormatVectorVM (147)
[2018.07.21-22.15.54:718][ 18]LogModuleManager: Shutting down and abandoning module ShaderFormatOpenGL (145)
[2018.07.21-22.15.54:718][ 18]LogModuleManager: Shutting down and abandoning module ShaderFormatD3D (143)
[2018.07.21-22.15.54:718][ 18]LogModuleManager: Shutting down and abandoning module MetalShaderFormat (141)
[2018.07.21-22.15.54:718][ 18]LogModuleManager: Shutting down and abandoning module TextureFormatUncompressed (139)
[2018.07.21-22.15.54:718][ 18]LogModuleManager: Shutting down and abandoning module TextureFormatPVR (137)
[2018.07.21-22.15.54:718][ 18]LogModuleManager: Shutting down and abandoning module TextureFormatDXT (135)
[2018.07.21-22.15.54:719][ 18]LogModuleManager: Shutting down and abandoning module TextureFormatIntelISPCTexComp (133)
[2018.07.21-22.15.54:719][ 18]LogModuleManager: Shutting down and abandoning module TextureFormatASTC (131)
[2018.07.21-22.15.54:719][ 18]LogModuleManager: Shutting down and abandoning module ImageWrapper (130)
[2018.07.21-22.15.54:719][ 18]LogModuleManager: Shutting down and abandoning module TextureFormatAndroid (127)
[2018.07.21-22.15.54:719][ 18]LogModuleManager: Shutting down and abandoning module AudioFormatOpus (125)
[2018.07.21-22.15.54:719][ 18]LogModuleManager: Shutting down and abandoning module AudioFormatOgg (123)
[2018.07.21-22.15.54:719][ 18]LogModuleManager: Shutting down and abandoning module AudioFormatADPCM (121)
[2018.07.21-22.15.54:719][ 18]LogModuleManager: Shutting down and abandoning module LinuxTargetPlatform (119)
[2018.07.21-22.15.54:719][ 18]LogModuleManager: Shutting down and abandoning module LinuxServerTargetPlatform (117)
[2018.07.21-22.15.54:719][ 18]LogModuleManager: Shutting down and abandoning module LinuxNoEditorTargetPlatform (115)
[2018.07.21-22.15.54:719][ 18]LogModuleManager: Shutting down and abandoning module LinuxClientTargetPlatform (113)
[2018.07.21-22.15.54:719][ 18]LogModuleManager: Shutting down and abandoning module TVOSTargetPlatform (111)
[2018.07.21-22.15.54:719][ 18]LogModuleManager: Shutting down and abandoning module Messaging (109)
[2018.07.21-22.15.54:719][ 18]LogModuleManager: Shutting down and abandoning module IOSTargetPlatform (107)
[2018.07.21-22.15.54:719][ 18]LogModuleManager: Shutting down and abandoning module HTML5TargetPlatform (105)
[2018.07.21-22.15.54:719][ 18]LogModuleManager: Shutting down and abandoning module AndroidTargetPlatform (103)
[2018.07.21-22.15.54:719][ 18]LogModuleManager: Shutting down and abandoning module Android_PVRTCTargetPlatform (101)
[2018.07.21-22.15.54:719][ 18]LogModuleManager: Shutting down and abandoning module Android_MultiTargetPlatform (99)
[2018.07.21-22.15.54:719][ 18]LogModuleManager: Shutting down and abandoning module Android_ETC2TargetPlatform (97)
[2018.07.21-22.15.54:719][ 18]LogModuleManager: Shutting down and abandoning module Android_ETC1TargetPlatform (95)
[2018.07.21-22.15.54:719][ 18]LogModuleManager: Shutting down and abandoning module Android_ETC1aTargetPlatform (93)
[2018.07.21-22.15.54:719][ 18]LogModuleManager: Shutting down and abandoning module Android_DXTTargetPlatform (91)
[2018.07.21-22.15.54:719][ 18]LogModuleManager: Shutting down and abandoning module Android_ATCTargetPlatform (89)
[2018.07.21-22.15.54:719][ 18]LogModuleManager: Shutting down and abandoning module Android_ASTCTargetPlatform (87)
[2018.07.21-22.15.54:719][ 18]LogModuleManager: Shutting down and abandoning module WindowsTargetPlatform (85)
[2018.07.21-22.15.54:719][ 18]LogModuleManager: Shutting down and abandoning module WindowsServerTargetPlatform (83)
[2018.07.21-22.15.54:719][ 18]LogModuleManager: Shutting down and abandoning module WindowsNoEditorTargetPlatform (81)
[2018.07.21-22.15.54:719][ 18]LogModuleManager: Shutting down and abandoning module WindowsClientTargetPlatform (79)
[2018.07.21-22.15.54:719][ 18]LogModuleManager: Shutting down and abandoning module MacTargetPlatform (77)
[2018.07.21-22.15.54:719][ 18]LogModuleManager: Shutting down and abandoning module MacServerTargetPlatform (75)
[2018.07.21-22.15.54:719][ 18]LogModuleManager: Shutting down and abandoning module MacNoEditorTargetPlatform (73)
[2018.07.21-22.15.54:719][ 18]LogModuleManager: Shutting down and abandoning module MacClientTargetPlatform (71)
[2018.07.21-22.15.54:719][ 18]LogModuleManager: Shutting down and abandoning module AllDesktopTargetPlatform (69)
[2018.07.21-22.15.54:719][ 18]LogModuleManager: Shutting down and abandoning module InputCore (66)
[2018.07.21-22.15.54:719][ 18]LogModuleManager: Shutting down and abandoning module Settings (64)
[2018.07.21-22.15.54:719][ 18]LogModuleManager: Shutting down and abandoning module PhysXCooking (62)
[2018.07.21-22.15.54:719][ 18]LogModuleManager: Shutting down and abandoning module SteamVR (60)
[2018.07.21-22.15.54:719][ 18]LogModuleManager: Shutting down and abandoning module OculusHMD (58)
[2018.07.21-22.15.54:720][ 18]LogModuleManager: Shutting down and abandoning module ExampleDeviceProfileSelector (56)
[2018.07.21-22.15.54:720][ 18]LogModuleManager: Shutting down and abandoning module AppleARKit (54)
[2018.07.21-22.15.54:720][ 18]LogModuleManager: Shutting down and abandoning module AugmentedReality (51)
[2018.07.21-22.15.54:720][ 18]LogModuleManager: Shutting down and abandoning module OnlineBlueprintSupport (48)
[2018.07.21-22.15.54:720][ 18]LogModuleManager: Shutting down and abandoning module OnlineSubsystem (44)
[2018.07.21-22.15.54:720][ 18]LogModuleManager: Shutting down and abandoning module XMPP (43)
[2018.07.21-22.15.54:720][ 18]LogModuleManager: Shutting down and abandoning module HTTP (41)
[2018.07.21-22.15.54:720][ 18]LogHttp: Display: Http module shutting down, but needs to wait on 1 outstanding Http requests:
[2018.07.21-22.15.54:720][ 18]LogHttp: Display: 	verb=[POST] url=[https://datarouter.ol.epicgames.com/datarouter/api/v1/public/data?SessionID=%7BAA984E62-43E8-DB55-6AD5-EC820F9990A2%7D&AppID=UEEditor.Rocket.Release&AppVersion=4.19.2-4033788%2B%2B%2BUE4%2BRelease-4.19&UserID=859e899045c237c316b423a8195c3c2a%7C14c8e77d1e3f4cb0b2484f12a1d4494e%7Cac9f0639-356d-4501-aa8a-5a3086e8759d&AppEnvironment=datacollector-binary&UploadType=eteventstream] status=Processing
[2018.07.21-22.15.54:746][ 18]LogModuleManager: Shutting down and abandoning module SSL (40)
[2018.07.21-22.15.54:747][ 18]LogModuleManager: Shutting down and abandoning module AnimationModifiers (36)
[2018.07.21-22.15.54:747][ 18]LogModuleManager: Shutting down and abandoning module PropertyEditor (35)
[2018.07.21-22.15.54:747][ 18]LogModuleManager: Shutting down and abandoning module AudioEditor (32)
[2018.07.21-22.15.54:747][ 18]LogModuleManager: Shutting down and abandoning module TextureCompressor (30)
[2018.07.21-22.15.54:747][ 18]LogModuleManager: Shutting down and abandoning module ShaderCore (28)
[2018.07.21-22.15.54:747][ 18]LogModuleManager: Shutting down and abandoning module Landscape (26)
[2018.07.21-22.15.54:747][ 18]LogModuleManager: Shutting down and abandoning module SlateRHIRenderer (24)
[2018.07.21-22.15.54:749][ 18]LogModuleManager: Shutting down and abandoning module OpenGLDrv (22)
[2018.07.21-22.15.54:749][ 18]LogModuleManager: Shutting down and abandoning module D3D11RHI (20)
[2018.07.21-22.15.54:749][ 18]LogModuleManager: Shutting down and abandoning module AnimGraphRuntime (18)
[2018.07.21-22.15.54:749][ 18]LogModuleManager: Shutting down and abandoning module Renderer (16)
[2018.07.21-22.15.54:749][ 18]LogModuleManager: Shutting down and abandoning module Engine (14)
[2018.07.21-22.15.54:749][ 18]LogModuleManager: Shutting down and abandoning module CoreUObject (12)
[2018.07.21-22.15.54:749][ 18]LogModuleManager: Shutting down and abandoning module NetworkFile (10)
[2018.07.21-22.15.54:749][ 18]LogModuleManager: Shutting down and abandoning module CookedIterativeFile (8)
[2018.07.21-22.15.54:749][ 18]LogModuleManager: Shutting down and abandoning module StreamingFile (6)
[2018.07.21-22.15.54:749][ 18]LogModuleManager: Shutting down and abandoning module SandboxFile (4)
[2018.07.21-22.15.54:749][ 18]LogModuleManager: Shutting down and abandoning module PakFile (2)
[2018.07.21-22.15.54:756][ 18]LogExit: Exiting.
[2018.07.21-22.15.54:774][ 18]Log file closed, 07/21/18 17:15:54
