Log file open, 07/31/18 21:01:01
LogWindows: Failed to load 'aqProf.dll' (GetLastError=126)
LogWindows: File 'aqProf.dll' does not exist
LogWindows: Failed to load 'VtuneApi.dll' (GetLastError=126)
LogWindows: File 'VtuneApi.dll' does not exist
LogWindows: Failed to load 'VtuneApi32e.dll' (GetLastError=126)
LogWindows: File 'VtuneApi32e.dll' does not exist
LogInit: Display: Running engine for game: BuildingEscape
LogPlatformFile: Not using cached read wrapper
LogInit: Display: RandInit(-1982778748) SRandInit(-1982778748).
LogInit: Read version file with build ID '3944462'
LogInit: Overriding engine version to CL 4033788, compatible CL 3944462
LogInit: Registered custom module enumerator with build ID '3944462'
LogTaskGraph: Started task graph with 5 named threads and 23 total threads with 3 sets of task threads.
LogStats: Stats thread started at 0.289912
LogD3D11RHI: Aftermath initialized
LogICUInternationalization: Display: ICU TimeZone Detection - Raw Offset: -6:00, Platform Override: ''
LogPluginManager: Mounting plugin Paper2D
LogPluginManager: Mounting plugin LiveLink
LogPluginManager: Mounting plugin LightPropagationVolume
LogPluginManager: Mounting plugin CLionSourceCodeAccess
LogPluginManager: Mounting plugin CodeLiteSourceCodeAccess
LogPluginManager: Mounting plugin GitSourceControl
LogPluginManager: Mounting plugin KDevelopSourceCodeAccess
LogPluginManager: Mounting plugin NullSourceCodeAccess
LogPluginManager: Mounting plugin PerforceSourceControl
LogPluginManager: Mounting plugin SubversionSourceControl
LogPluginManager: Mounting plugin UObjectPlugin
LogPluginManager: Mounting plugin VisualStudioCodeSourceCodeAccess
LogPluginManager: Mounting plugin VisualStudioSourceCodeAccess
LogPluginManager: Mounting plugin XCodeSourceCodeAccess
LogPluginManager: Mounting plugin AssetManagerEditor
LogPluginManager: Mounting plugin CryptoKeys
LogPluginManager: Mounting plugin DataValidation
LogPluginManager: Mounting plugin FacialAnimation
LogPluginManager: Mounting plugin GameplayTagsEditor
LogPluginManager: Mounting plugin MobileLauncherProfileWizard
LogPluginManager: Mounting plugin PluginBrowser
LogPluginManager: Mounting plugin SpeedTreeImporter
LogPluginManager: Mounting plugin DatasmithContent
LogPluginManager: Mounting plugin AlembicImporter
LogPluginManager: Mounting plugin CharacterAI
LogPluginManager: Mounting plugin HTML5Networking
LogPluginManager: Mounting plugin AndroidMedia
LogPluginManager: Mounting plugin AvfMedia
LogPluginManager: Mounting plugin ImgMedia
LogPluginManager: Mounting plugin LinearTimecode
LogPluginManager: Mounting plugin MediaCompositing
LogPluginManager: Mounting plugin MediaPlayerEditor
LogPluginManager: Mounting plugin WmfMedia
LogPluginManager: Mounting plugin TcpMessaging
LogPluginManager: Mounting plugin UdpMessaging
LogPluginManager: Mounting plugin ActorSequence
LogPluginManager: Mounting plugin LevelSequenceEditor
LogPluginManager: Mounting plugin MatineeToLevelSequence
LogPluginManager: Mounting plugin NetcodeUnitTest
LogPluginManager: Mounting plugin NUTUnrealEngine4
LogPluginManager: Mounting plugin OnlineSubsystemGooglePlay
LogPluginManager: Mounting plugin OnlineSubsystemIOS
LogPluginManager: Mounting plugin OnlineSubsystem
LogPluginManager: Mounting plugin OnlineSubsystemNull
LogPluginManager: Mounting plugin OnlineSubsystemUtils
LogPluginManager: Mounting plugin AndroidDeviceProfileSelector
LogPluginManager: Mounting plugin AndroidMoviePlayer
LogPluginManager: Mounting plugin AndroidPermission
LogPluginManager: Mounting plugin AppleARKit
LogPluginManager: Mounting plugin AppleMoviePlayer
LogPluginManager: Mounting plugin ArchVisCharacter
LogPluginManager: Mounting plugin AudioCapture
LogPluginManager: Mounting plugin CableComponent
LogPluginManager: Mounting plugin CustomMeshComponent
LogPluginManager: Mounting plugin ExampleDeviceProfileSelector
LogPluginManager: Mounting plugin GoogleCloudMessaging
LogPluginManager: Mounting plugin ImmediatePhysics
LogPluginManager: Mounting plugin IOSDeviceProfileSelector
LogPluginManager: Mounting plugin LinuxDeviceProfileSelector
LogPluginManager: Mounting plugin LocationServicesBPLibrary
LogPluginManager: Mounting plugin MobilePatchingUtils
LogPluginManager: Mounting plugin OculusVR
LogPluginManager: Plugin shader directory ../../../Engine/Plugins/Runtime/Oculus/OculusVR/Shaders found
LogPluginManager: Mapping shader source directory ../../../Engine/Plugins/Runtime/Oculus/OculusVR/Shaders to virtual directory /Plugin/OculusVR
LogPluginManager: Mounting plugin PhysXVehicles
LogPluginManager: Mounting plugin ProceduralMeshComponent
LogPluginManager: Mounting plugin RuntimePhysXCooking
LogPluginManager: Mounting plugin SteamVR
LogPluginManager: Mounting plugin WindowsMoviePlayer
LogStreaming: Display: Took  0.087s to configure plugins.
LogModuleManager: Display: Found up-to-date module file ../../../../../../2018_Class_Content/Unreal_And_C++/Section_03/UE4_Building-Escape/BuildingEscape/Binaries/Win64/UE4Editor-BuildingEscape-100.dll (API version 3944462).
LogModuleManager: Display: Found up-to-date module file ../../../Engine/Plugins/2D/Paper2D/Binaries/Win64/UE4Editor-Paper2D.dll (API version 3944462).
LogModuleManager: Display: Found up-to-date module file ../../../Engine/Plugins/2D/Paper2D/Binaries/Win64/UE4Editor-Paper2DEditor.dll (API version 3944462).
LogModuleManager: Display: Found up-to-date module file ../../../Engine/Plugins/2D/Paper2D/Binaries/Win64/UE4Editor-PaperSpriteSheetImporter.dll (API version 3944462).
LogModuleManager: Display: Found up-to-date module file ../../../Engine/Plugins/2D/Paper2D/Binaries/Win64/UE4Editor-PaperTiledImporter.dll (API version 3944462).
LogModuleManager: Display: Found up-to-date module file ../../../Engine/Plugins/2D/Paper2D/Binaries/Win64/UE4Editor-SmartSnapping.dll (API version 3944462).
LogModuleManager: Display: Found up-to-date module file ../../../Engine/Plugins/Animation/LiveLink/Binaries/Win64/UE4Editor-LiveLink.dll (API version 3944462).
LogModuleManager: Display: Found up-to-date module file ../../../Engine/Plugins/Animation/LiveLink/Binaries/Win64/UE4Editor-LiveLinkEditor.dll (API version 3944462).
LogModuleManager: Display: Found up-to-date module file ../../../Engine/Plugins/Blendables/LightPropagationVolume/Binaries/Win64/UE4Editor-LightPropagationVolumeRuntime.dll (API version 3944462).
LogModuleManager: Display: Found up-to-date module file ../../../Engine/Plugins/Blendables/LightPropagationVolume/Binaries/Win64/UE4Editor-LightPropagationVolumeEditor.dll (API version 3944462).
LogModuleManager: Display: Found up-to-date module file ../../../Engine/Plugins/Developer/CLionSourceCodeAccess/Binaries/Win64/UE4Editor-CLionSourceCodeAccess.dll (API version 3944462).
LogModuleManager: Display: Found up-to-date module file ../../../Engine/Plugins/Developer/GitSourceControl/Binaries/Win64/UE4Editor-GitSourceControl.dll (API version 3944462).
LogModuleManager: Display: Found up-to-date module file ../../../Engine/Plugins/Developer/PerforceSourceControl/Binaries/Win64/UE4Editor-PerforceSourceControl.dll (API version 3944462).
LogModuleManager: Display: Found up-to-date module file ../../../Engine/Plugins/Developer/SubversionSourceControl/Binaries/Win64/UE4Editor-SubversionSourceControl.dll (API version 3944462).
LogModuleManager: Display: Found up-to-date module file ../../../Engine/Plugins/Developer/UObjectPlugin/Binaries/Win64/UE4Editor-UObjectPlugin.dll (API version 3944462).
LogModuleManager: Display: Found up-to-date module file ../../../Engine/Plugins/Developer/VisualStudioCodeSourceCodeAccess/Binaries/Win64/UE4Editor-VisualStudioCodeSourceCodeAccess.dll (API version 3944462).
LogModuleManager: Display: Found up-to-date module file ../../../Engine/Plugins/Developer/VisualStudioSourceCodeAccess/Binaries/Win64/UE4Editor-VisualStudioSourceCodeAccess.dll (API version 3944462).
LogModuleManager: Display: Found up-to-date module file ../../../Engine/Plugins/Editor/AssetManagerEditor/Binaries/Win64/UE4Editor-AssetManagerEditor.dll (API version 3944462).
LogModuleManager: Display: Found up-to-date module file ../../../Engine/Plugins/Editor/CryptoKeys/Binaries/Win64/UE4Editor-CryptoKeys.dll (API version 3944462).
LogModuleManager: Display: Found up-to-date module file ../../../Engine/Plugins/Editor/CryptoKeys/Binaries/Win64/UE4Editor-CryptoKeysOpenSSL.dll (API version 3944462).
LogModuleManager: Display: Found up-to-date module file ../../../Engine/Plugins/Editor/DataValidation/Binaries/Win64/UE4Editor-DataValidation.dll (API version 3944462).
LogModuleManager: Display: Found up-to-date module file ../../../Engine/Plugins/Editor/FacialAnimation/Binaries/Win64/UE4Editor-FacialAnimation.dll (API version 3944462).
LogModuleManager: Display: Found up-to-date module file ../../../Engine/Plugins/Editor/FacialAnimation/Binaries/Win64/UE4Editor-FacialAnimationEditor.dll (API version 3944462).
LogModuleManager: Display: Found up-to-date module file ../../../Engine/Plugins/Editor/GameplayTagsEditor/Binaries/Win64/UE4Editor-GameplayTagsEditor.dll (API version 3944462).
LogModuleManager: Display: Found up-to-date module file ../../../Engine/Plugins/Editor/MobileLauncherProfileWizard/Binaries/Win64/UE4Editor-MobileLauncherProfileWizard.dll (API version 3944462).
LogModuleManager: Display: Found up-to-date module file ../../../Engine/Plugins/Editor/PluginBrowser/Binaries/Win64/UE4Editor-PluginBrowser.dll (API version 3944462).
LogModuleManager: Display: Found up-to-date module file ../../../Engine/Plugins/Editor/SpeedTreeImporter/Binaries/Win64/UE4Editor-SpeedTreeImporter.dll (API version 3944462).
LogModuleManager: Display: Found up-to-date module file ../../../Engine/Plugins/Enterprise/DatasmithContent/Binaries/Win64/UE4Editor-DatasmithContent.dll (API version 3944462).
LogModuleManager: Display: Found up-to-date module file ../../../Engine/Plugins/Experimental/AlembicImporter/Binaries/Win64/UE4Editor-AlembicImporter.dll (API version 3944462).
LogModuleManager: Display: Found up-to-date module file ../../../Engine/Plugins/Experimental/AlembicImporter/Binaries/Win64/UE4Editor-AlembicLibrary.dll (API version 3944462).
LogModuleManager: Display: Found up-to-date module file ../../../Engine/Plugins/Experimental/CharacterAI/Binaries/Win64/UE4Editor-CharacterAI.dll (API version 3944462).
LogModuleManager: Display: Found up-to-date module file ../../../Engine/Plugins/Experimental/HTML5Networking/Binaries/Win64/UE4Editor-HTML5Networking.dll (API version 3944462).
LogModuleManager: Display: Found up-to-date module file ../../../Engine/Plugins/Media/AndroidMedia/Binaries/Win64/UE4Editor-AndroidMediaEditor.dll (API version 3944462).
LogModuleManager: Display: Found up-to-date module file ../../../Engine/Plugins/Media/AndroidMedia/Binaries/Win64/UE4Editor-AndroidMediaFactory.dll (API version 3944462).
LogModuleManager: Display: Found up-to-date module file ../../../Engine/Plugins/Media/AvfMedia/Binaries/Win64/UE4Editor-AvfMediaEditor.dll (API version 3944462).
LogModuleManager: Display: Found up-to-date module file ../../../Engine/Plugins/Media/AvfMedia/Binaries/Win64/UE4Editor-AvfMediaFactory.dll (API version 3944462).
LogModuleManager: Display: Found up-to-date module file ../../../Engine/Plugins/Media/AvfMedia/Binaries/Win64/UE4Editor-AvfMediaFactory.dll (API version 3944462).
LogModuleManager: Display: Found up-to-date module file ../../../Engine/Plugins/Media/ImgMedia/Binaries/Win64/UE4Editor-ImgMedia.dll (API version 3944462).
LogModuleManager: Display: Found up-to-date module file ../../../Engine/Plugins/Media/ImgMedia/Binaries/Win64/UE4Editor-ImgMediaEditor.dll (API version 3944462).
LogModuleManager: Display: Found up-to-date module file ../../../Engine/Plugins/Media/ImgMedia/Binaries/Win64/UE4Editor-ImgMediaFactory.dll (API version 3944462).
LogModuleManager: Display: Found up-to-date module file ../../../Engine/Plugins/Media/ImgMedia/Binaries/Win64/UE4Editor-ImgMediaFactory.dll (API version 3944462).
LogModuleManager: Display: Found up-to-date module file ../../../Engine/Plugins/Media/ImgMedia/Binaries/Win64/UE4Editor-OpenExrWrapper.dll (API version 3944462).
LogModuleManager: Display: Found up-to-date module file ../../../Engine/Plugins/Media/LinearTimecode/Binaries/Win64/UE4Editor-LinearTimecode.dll (API version 3944462).
LogModuleManager: Display: Found up-to-date module file ../../../Engine/Plugins/Media/MediaCompositing/Binaries/Win64/UE4Editor-MediaCompositing.dll (API version 3944462).
LogModuleManager: Display: Found up-to-date module file ../../../Engine/Plugins/Media/MediaCompositing/Binaries/Win64/UE4Editor-MediaCompositingEditor.dll (API version 3944462).
LogModuleManager: Display: Found up-to-date module file ../../../Engine/Plugins/Media/MediaPlayerEditor/Binaries/Win64/UE4Editor-MediaPlayerEditor.dll (API version 3944462).
LogModuleManager: Display: Found up-to-date module file ../../../Engine/Plugins/Media/WmfMedia/Binaries/Win64/UE4Editor-WmfMedia.dll (API version 3944462).
LogModuleManager: Display: Found up-to-date module file ../../../Engine/Plugins/Media/WmfMedia/Binaries/Win64/UE4Editor-WmfMediaEditor.dll (API version 3944462).
LogModuleManager: Display: Found up-to-date module file ../../../Engine/Plugins/Media/WmfMedia/Binaries/Win64/UE4Editor-WmfMediaFactory.dll (API version 3944462).
LogModuleManager: Display: Found up-to-date module file ../../../Engine/Plugins/Media/WmfMedia/Binaries/Win64/UE4Editor-WmfMediaFactory.dll (API version 3944462).
LogModuleManager: Display: Found up-to-date module file ../../../Engine/Plugins/Messaging/TcpMessaging/Binaries/Win64/UE4Editor-TcpMessaging.dll (API version 3944462).
LogModuleManager: Display: Found up-to-date module file ../../../Engine/Plugins/Messaging/UdpMessaging/Binaries/Win64/UE4Editor-UdpMessaging.dll (API version 3944462).
LogModuleManager: Display: Found up-to-date module file ../../../Engine/Plugins/MovieScene/ActorSequence/Binaries/Win64/UE4Editor-ActorSequence.dll (API version 3944462).
LogModuleManager: Display: Found up-to-date module file ../../../Engine/Plugins/MovieScene/LevelSequenceEditor/Binaries/Win64/UE4Editor-LevelSequenceEditor.dll (API version 3944462).
LogModuleManager: Display: Found up-to-date module file ../../../Engine/Plugins/MovieScene/MatineeToLevelSequence/Binaries/Win64/UE4Editor-MatineeToLevelSequence.dll (API version 3944462).
LogModuleManager: Display: Found up-to-date module file ../../../Engine/Plugins/NetcodeUnitTest/NetcodeUnitTest/Binaries/Win64/UE4Editor-NetcodeUnitTest.dll (API version 3944462).
LogModuleManager: Display: Found up-to-date module file ../../../Engine/Plugins/NetcodeUnitTest/NUTUnrealEngine4/Binaries/Win64/UE4Editor-NUTUnrealEngine4.dll (API version 3944462).
LogModuleManager: Display: Found up-to-date module file ../../../Engine/Plugins/Online/OnlineSubsystem/Binaries/Win64/UE4Editor-OnlineSubsystem.dll (API version 3944462).
LogModuleManager: Display: Found up-to-date module file ../../../Engine/Plugins/Online/OnlineSubsystemNull/Binaries/Win64/UE4Editor-OnlineSubsystemNull.dll (API version 3944462).
LogModuleManager: Display: Found up-to-date module file ../../../Engine/Plugins/Online/OnlineSubsystemUtils/Binaries/Win64/UE4Editor-OnlineSubsystemUtils.dll (API version 3944462).
LogModuleManager: Display: Found up-to-date module file ../../../Engine/Plugins/Online/OnlineSubsystemUtils/Binaries/Win64/UE4Editor-OnlineBlueprintSupport.dll (API version 3944462).
LogModuleManager: Display: Found up-to-date module file ../../../Engine/Plugins/Runtime/AndroidDeviceProfileSelector/Binaries/Win64/UE4Editor-AndroidDeviceProfileSelector.dll (API version 3944462).
LogModuleManager: Display: Found up-to-date module file ../../../Engine/Plugins/Runtime/AndroidPermission/Binaries/Win64/UE4Editor-AndroidPermission.dll (API version 3944462).
LogModuleManager: Display: Found up-to-date module file ../../../Engine/Plugins/Runtime/AppleARKit/Binaries/Win64/UE4Editor-AppleARKit.dll (API version 3944462).
LogModuleManager: Display: Found up-to-date module file ../../../Engine/Plugins/Runtime/ArchVisCharacter/Binaries/Win64/UE4Editor-ArchVisCharacter.dll (API version 3944462).
LogModuleManager: Display: Found up-to-date module file ../../../Engine/Plugins/Runtime/AudioCapture/Binaries/Win64/UE4Editor-AudioCapture.dll (API version 3944462).
LogModuleManager: Display: Found up-to-date module file ../../../Engine/Plugins/Runtime/AudioCapture/Binaries/Win64/UE4Editor-AudioCaptureEditor.dll (API version 3944462).
LogModuleManager: Display: Found up-to-date module file ../../../Engine/Plugins/Runtime/CableComponent/Binaries/Win64/UE4Editor-CableComponent.dll (API version 3944462).
LogModuleManager: Display: Found up-to-date module file ../../../Engine/Plugins/Runtime/CustomMeshComponent/Binaries/Win64/UE4Editor-CustomMeshComponent.dll (API version 3944462).
LogModuleManager: Display: Found up-to-date module file ../../../Engine/Plugins/Runtime/ExampleDeviceProfileSelector/Binaries/Win64/UE4Editor-ExampleDeviceProfileSelector.dll (API version 3944462).
LogModuleManager: Display: Found up-to-date module file ../../../Engine/Plugins/Runtime/ImmediatePhysics/Binaries/Win64/UE4Editor-ImmediatePhysics.dll (API version 3944462).
LogModuleManager: Display: Found up-to-date module file ../../../Engine/Plugins/Runtime/ImmediatePhysics/Binaries/Win64/UE4Editor-ImmediatePhysicsEditor.dll (API version 3944462).
LogModuleManager: Display: Found up-to-date module file ../../../Engine/Plugins/Runtime/LocationServicesBPLibrary/Binaries/Win64/UE4Editor-LocationServicesBPLibrary.dll (API version 3944462).
LogModuleManager: Display: Found up-to-date module file ../../../Engine/Plugins/Runtime/MobilePatchingUtils/Binaries/Win64/UE4Editor-MobilePatchingUtils.dll (API version 3944462).
LogModuleManager: Display: Found up-to-date module file ../../../Engine/Plugins/Runtime/Oculus/OculusVR/Binaries/Win64/UE4Editor-OculusHMD.dll (API version 3944462).
LogModuleManager: Display: Found up-to-date module file ../../../Engine/Plugins/Runtime/Oculus/OculusVR/Binaries/Win64/UE4Editor-OculusInput.dll (API version 3944462).
LogModuleManager: Display: Found up-to-date module file ../../../Engine/Plugins/Runtime/Oculus/OculusVR/Binaries/Win64/UE4Editor-OculusEditor.dll (API version 3944462).
LogModuleManager: Display: Found up-to-date module file ../../../Engine/Plugins/Runtime/PhysXVehicles/Binaries/Win64/UE4Editor-PhysXVehicles.dll (API version 3944462).
LogModuleManager: Display: Found up-to-date module file ../../../Engine/Plugins/Runtime/PhysXVehicles/Binaries/Win64/UE4Editor-PhysXVehiclesEditor.dll (API version 3944462).
LogModuleManager: Display: Found up-to-date module file ../../../Engine/Plugins/Runtime/ProceduralMeshComponent/Binaries/Win64/UE4Editor-ProceduralMeshComponent.dll (API version 3944462).
LogModuleManager: Display: Found up-to-date module file ../../../Engine/Plugins/Runtime/ProceduralMeshComponent/Binaries/Win64/UE4Editor-ProceduralMeshComponentEditor.dll (API version 3944462).
LogModuleManager: Display: Found up-to-date module file ../../../Engine/Plugins/Runtime/RuntimePhysXCooking/Binaries/Win64/UE4Editor-RuntimePhysXCooking.dll (API version 3944462).
LogModuleManager: Display: Found up-to-date module file ../../../Engine/Plugins/Runtime/Steam/SteamVR/Binaries/Win64/UE4Editor-SteamVR.dll (API version 3944462).
LogModuleManager: Display: Found up-to-date module file ../../../Engine/Plugins/Runtime/Steam/SteamVR/Binaries/Win64/UE4Editor-SteamVRController.dll (API version 3944462).
LogModuleManager: Display: Found up-to-date module file ../../../Engine/Plugins/Runtime/WindowsMoviePlayer/Binaries/Win64/UE4Editor-WindowsMoviePlayer.dll (API version 3944462).
LogInit: Using libcurl 7.47.1
LogInit:  - built for x86_64-pc-win32
LogInit:  - supports SSL with OpenSSL/1.0.2g
LogInit:  - supports HTTP deflate (compression) using libz 1.2.8
LogInit:  - other features:
LogInit:      CURL_VERSION_SSL
LogInit:      CURL_VERSION_LIBZ
LogInit:      CURL_VERSION_IPV6
LogInit:      CURL_VERSION_ASYNCHDNS
LogInit:      CURL_VERSION_LARGEFILE
LogInit:      CURL_VERSION_IDN
LogInit:  CurlRequestOptions (configurable via config and command line):
LogInit:  - bVerifyPeer = false  - Libcurl will NOT verify peer certificate
LogInit:  - bUseHttpProxy = false  - Libcurl will NOT use HTTP proxy
LogInit:  - bDontReuseConnections = false  - Libcurl will reuse connections
LogInit:  - CertBundlePath = nullptr  - Libcurl will use whatever was configured at build time.
LogInit:  - MaxHostConnections = 16  - Libcurl will limit the number of connections to a host
LogInit:  - LocalHostAddr = Default
LogInit: WinSock: version 1.1 (2.2), MaxSocks=32767, MaxUdp=65467
LogInit: WinSock: I am DESKTOP-72G2J6N (192.168.1.19:0)
LogInit: Build: ++UE4+Release-4.19-CL-4033788
LogInit: Engine Version: 4.19.2-4033788+++UE4+Release-4.19
LogInit: Compatible Engine Version: 4.19.0-3944462+++UE4+Release-4.19
LogInit: Net CL: 3944462
LogDevObjectVersion: Number of dev versions registered: 18
LogDevObjectVersion:   Dev-Blueprints (B0D832E4-1F89-4F0D-ACCF-7EB736FD4AA2): 10
LogDevObjectVersion:   Dev-Build (E1C64328-A22C-4D53-A36C-8E866417BD8C): 0
LogDevObjectVersion:   Dev-Core (375EC13C-06E4-48FB-B500-84F0262A717E): 2
LogDevObjectVersion:   Dev-Editor (E4B068ED-F494-42E9-A231-DA0B2E46BB41): 23
LogDevObjectVersion:   Dev-Framework (CFFC743F-43B0-4480-9391-14DF171D2073): 33
LogDevObjectVersion:   Dev-Mobile (B02B49B5-BB20-44E9-A304-32B752E40360): 2
LogDevObjectVersion:   Dev-Networking (A4E4105C-59A1-49B5-A7C5-40C4547EDFEE): 0
LogDevObjectVersion:   Dev-Online (39C831C9-5AE6-47DC-9A44-9C173E1C8E7C): 0
LogDevObjectVersion:   Dev-Physics (78F01B33-EBEA-4F98-B9B4-84EACCB95AA2): 0
LogDevObjectVersion:   Dev-Platform (6631380F-2D4D-43E0-8009-CF276956A95A): 0
LogDevObjectVersion:   Dev-Rendering (12F88B9F-8875-4AFC-A67C-D90C383ABD29): 25
LogDevObjectVersion:   Dev-Sequencer (7B5AE74C-D270-4C10-A958-57980B212A5A): 6
LogDevObjectVersion:   Dev-VR (D7296918-1DD6-4BDD-9DE2-64A83CC13884): 1
LogDevObjectVersion:   Dev-LoadTimes (C2A15278-BFE7-4AFE-6C17-90FF531DF755): 1
LogDevObjectVersion:   Private-Geometry (6EACA3D4-40EC-4CC1-B786-8BED09428FC5): 2
LogDevObjectVersion:   Dev-AnimPhys (29E575DD-E0A3-4627-9D10-D276232CDCEA): 16
LogDevObjectVersion:   Dev-ReflectionCapture (6B266CEC-1EC7-4B8F-A30B-E4D90942FC07): 1
LogDevObjectVersion:   Dev-Automation (0DF73D61-A23F-47EA-B727-89E90C41499A): 1
LogInit: Compiled (64-bit): Apr 27 2018 02:06:57
LogInit: Compiled with Visual C++: 19.00.24215.01
LogInit: Build Configuration: Development
LogInit: Branch Name: ++UE4+Release-4.19
LogInit: Command Line:  /Game/NewMap -game -PIEVIACONSOLE -ResX=1280 -ResY=720  -Multiprocess -messaging -SessionName="Play in Standalone Game" -windowed 
LogInit: Base Directory: D:/Epic Games/Unreal Engine/UE_4.19/Engine/Binaries/Win64/
LogInit: Installed Engine Build: 1
LogStreaming: Display: Took  0.001s to delete old logs.
LogInit: Presizing for max 8388607 objects, including 0 objects not considered by GC, pre-allocating 0 bytes for permanent pool.
LogInit: Object subsystem initialized
[2018.08.01-02.01.03:967][  0]LogInit: Selected Device Profile: [Windows]
[2018.08.01-02.01.03:967][  0]LogInit: Applying CVar settings loaded from the selected device profile: [Windows]
[2018.08.01-02.01.03:974][  0]LogInit: Computer: DESKTOP-72G2J6N
[2018.08.01-02.01.03:974][  0]LogInit: User: CaleCurry
[2018.08.01-02.01.03:974][  0]LogInit: CPU Page size=4096, Cores=4
[2018.08.01-02.01.03:974][  0]LogInit: High frequency timer resolution =2.835933 MHz
[2018.08.01-02.01.03:975][  0]LogMemory: Memory total: Physical=31.9GB (32GB approx)
[2018.08.01-02.01.03:975][  0]LogMemory: Platform Memory Stats for Windows
[2018.08.01-02.01.03:975][  0]LogMemory: Process Physical Memory: 274.59 MB used, 274.59 MB peak
[2018.08.01-02.01.03:975][  0]LogMemory: Process Virtual Memory: 264.92 MB used, 264.92 MB peak
[2018.08.01-02.01.03:975][  0]LogMemory: Physical Memory: 9555.84 MB used,  23081.63 MB free, 32637.47 MB total
[2018.08.01-02.01.03:975][  0]LogMemory: Virtual Memory: 4775.13 MB used,  23081.63 MB free, 134217728.00 MB total
[2018.08.01-02.01.04:010][  0]LogInit: Using OS detected language (en-US).
[2018.08.01-02.01.04:010][  0]LogInit: Using OS detected locale (en-US).
[2018.08.01-02.01.04:010][  0]LogTextLocalizationManager: No localization for 'en-US' exists, so 'en' will be used for the language.
[2018.08.01-02.01.04:010][  0]LogTextLocalizationManager: No localization for 'en-US' exists, so 'en' will be used for the locale.
[2018.08.01-02.01.04:475][  0]LogStreaming: Display: Took  0.464s to EndInitTextLocalization.
[2018.08.01-02.01.04:495][  0]LogSlate: New Slate User Created.  User Index 0, Is Virtual User: 0
[2018.08.01-02.01.04:495][  0]LogSlate: Slate User Registered.  User Index 0, Is Virtual User: 0
[2018.08.01-02.01.04:533][  0]LogD3D11RHI: D3D11 adapters:
[2018.08.01-02.01.04:622][  0]LogD3D11RHI:    0. 'NVIDIA GeForce GTX 1080' (Feature Level 11_0)
[2018.08.01-02.01.04:622][  0]LogD3D11RHI:       8079/0/16318 MB DedicatedVideo/DedicatedSystem/SharedSystem, Outputs:1, VendorId:0x10de
[2018.08.01-02.01.04:632][  0]LogD3D11RHI:    1. 'Intel(R) HD Graphics 630' (Feature Level 11_0)
[2018.08.01-02.01.04:632][  0]LogD3D11RHI:       128/0/16318 MB DedicatedVideo/DedicatedSystem/SharedSystem, Outputs:0, VendorId:0x8086
[2018.08.01-02.01.04:635][  0]LogD3D11RHI:    2. 'Microsoft Basic Render Driver' (Feature Level 11_0)
[2018.08.01-02.01.04:635][  0]LogD3D11RHI:       0/0/16318 MB DedicatedVideo/DedicatedSystem/SharedSystem, Outputs:0, VendorId:0x1414
[2018.08.01-02.01.04:635][  0]LogD3D11RHI: Chosen D3D11 Adapter: 0
[2018.08.01-02.01.04:664][  0]LogD3D11RHI: Creating new Direct3DDevice
[2018.08.01-02.01.04:664][  0]LogD3D11RHI:     GPU DeviceId: 0x1ba0 (for the marketing name, search the web for "GPU Device Id")
[2018.08.01-02.01.04:664][  0]LogWindows: EnumDisplayDevices:
[2018.08.01-02.01.04:664][  0]LogWindows:    0. 'Intel(R) HD Graphics 630' (P:1 D:1)
[2018.08.01-02.01.04:665][  0]LogWindows:    1. 'Intel(R) HD Graphics 630' (P:0 D:0)
[2018.08.01-02.01.04:665][  0]LogWindows:    2. 'Intel(R) HD Graphics 630' (P:0 D:0)
[2018.08.01-02.01.04:665][  0]LogWindows:    3. 'NVIDIA GeForce GTX 1080' (P:0 D:0)
[2018.08.01-02.01.04:665][  0]LogWindows:    4. 'NVIDIA GeForce GTX 1080' (P:0 D:0)
[2018.08.01-02.01.04:666][  0]LogWindows:    5. 'NVIDIA GeForce GTX 1080' (P:0 D:0)
[2018.08.01-02.01.04:666][  0]LogWindows:    6. 'NVIDIA GeForce GTX 1080' (P:0 D:0)
[2018.08.01-02.01.04:666][  0]LogWindows: DebugString: GetVideoDriverDetailsInvalid PrimaryIsNotTheChoosenAdapter GetVideoDriverDetailsInvalid PrimaryIsNotTheChoosenAdapter GetVideoDriverDetailsInvalid PrimaryIsNotTheChoosenAdapter GetVideoDriverDetailsInvalid PrimaryIsNotTheChoosenAdapter GetVideoDriverDetailsInvalid PrimaryIsNotTheChoosenAdapter GetVideoDriverDetailsInvalid PrimaryIsNotTheChoosenAdapter GetVideoDriverDetailsInvalid PrimaryIsNotTheChoosenAdapter FoundDriverCount:0 
[2018.08.01-02.01.04:666][  0]LogD3D11RHI:     Adapter Name: NVIDIA GeForce GTX 1080
[2018.08.01-02.01.04:666][  0]LogD3D11RHI:   Driver Version: Unknown (internal:Unknown, unified:Unknown)
[2018.08.01-02.01.04:666][  0]LogD3D11RHI:      Driver Date: Unknown
[2018.08.01-02.01.04:666][  0]LogRHI: Texture pool is 5655 MB (70% of 8079 MB)
[2018.08.01-02.01.04:721][  0]LogD3D11RHI: [Aftermath] Aftermath enabled and primed
[2018.08.01-02.01.04:721][  0]LogD3D11RHI: [Aftermath] Aftermath enabled and primed
[2018.08.01-02.01.04:721][  0]LogD3D11RHI: Async texture creation enabled
[2018.08.01-02.01.04:740][  0]LogD3D11RHI: GPU Timing Frequency: 1000.000000 (Debug: 2 2)
[2018.08.01-02.01.04:742][  0]LogShaderCompilers: Guid format shader working directory is -46 characters bigger than the processId version (../../../../../../2018_Class_Content/Unreal_And_C++/Section_03/UE4_Building-Escape/BuildingEscape/Intermediate/Shaders/WorkingDirectory/3288/).
[2018.08.01-02.01.04:742][  0]LogShaderCompilers: Cleaned the shader compiler working directory 'C:/Users/Cale Curry/AppData/Local/Temp/UnrealShaderWorkingDir/D4A9B4BD45F6549A4B631CA66D1BD68A/'.
[2018.08.01-02.01.05:020][  0]LogTemp: Display: Loaded TP WindowsClientTargetPlatform
[2018.08.01-02.01.05:035][  0]LogTemp: Display: Loaded TP WindowsNoEditorTargetPlatform
[2018.08.01-02.01.05:050][  0]LogTemp: Display: Loaded TP WindowsServerTargetPlatform
[2018.08.01-02.01.05:066][  0]LogTemp: Display: Loaded TP WindowsTargetPlatform
[2018.08.01-02.01.05:066][  0]LogTargetPlatformManager: Display: Building Assets For Windows
[2018.08.01-02.01.05:201][  0]LogXGEController: Cannot use XGE Controller as Incredibuild is not installed on this machine.
[2018.08.01-02.01.05:201][  0]LogShaderCompilers: Cannot use XGE Shader Compiler as Incredibuild is not installed on this machine.
[2018.08.01-02.01.05:201][  0]LogShaderCompilers: Display: Using Local Shader Compiler.
[2018.08.01-02.01.05:936][  0]LogDerivedDataCache: Display: Max Cache Size: 512 MB
[2018.08.01-02.01.06:006][  0]LogDerivedDataCache: Loaded boot cache 0.07s 74MB C:/Users/Cale Curry/AppData/Local/UnrealEngine/4.19/DerivedDataCache/Boot.ddc.
[2018.08.01-02.01.06:006][  0]LogDerivedDataCache: Display: Loaded Boot cache: C:/Users/Cale Curry/AppData/Local/UnrealEngine/4.19/DerivedDataCache/Boot.ddc
[2018.08.01-02.01.06:006][  0]LogDerivedDataCache: FDerivedDataBackendGraph:  Pak pak cache file ../../../../../../2018_Class_Content/Unreal_And_C++/Section_03/UE4_Building-Escape/BuildingEscape/DerivedDataCache/DDC.ddp not found, will not use a pak cache.
[2018.08.01-02.01.06:006][  0]LogDerivedDataCache: Unable to find inner node Pak for hierarchical cache Hierarchy.
[2018.08.01-02.01.06:006][  0]LogDerivedDataCache: FDerivedDataBackendGraph:  CompressedPak pak cache file ../../../../../../2018_Class_Content/Unreal_And_C++/Section_03/UE4_Building-Escape/BuildingEscape/DerivedDataCache/Compressed.ddp not found, will not use a pak cache.
[2018.08.01-02.01.06:006][  0]LogDerivedDataCache: Unable to find inner node CompressedPak for hierarchical cache Hierarchy.
[2018.08.01-02.01.06:023][  0]LogDerivedDataCache: Display: Pak cache opened for reading ../../../Engine/DerivedDataCache/Compressed.ddp.
[2018.08.01-02.01.06:036][  0]LogDerivedDataCache: Using Local data cache path C:/Users/Cale Curry/AppData/Local/UnrealEngine/Common/DerivedDataCache: Writable
[2018.08.01-02.01.06:036][  0]LogDerivedDataCache: Shared data cache path not found in *engine.ini, will not use an Shared cache.
[2018.08.01-02.01.06:036][  0]LogDerivedDataCache: Unable to find inner node Shared for hierarchical cache Hierarchy.
[2018.08.01-02.01.06:048][  0]LogMaterial: Verifying Global Shaders for PCD3D_SM5
[2018.08.01-02.01.06:061][  0]LogSlate: Using Freetype 2.6.0
[2018.08.01-02.01.06:062][  0]LogSlate: SlateFontCache - WITH_FREETYPE: 1, WITH_HARFBUZZ: 1
[2018.08.01-02.01.06:062][  0]LogSlate: SlateFontCache - WITH_FREETYPE: 1, WITH_HARFBUZZ: 1
[2018.08.01-02.01.06:190][  0]LogAssetRegistry: FAssetRegistry took 0.0043 seconds to start up
[2018.08.01-02.01.06:407][  0]LogPackageLocalizationCache: Processed 9 localized package path(s) for 1 prioritized culture(s) in 0.012078 seconds
[2018.08.01-02.01.06:529][  0]LogInit: Selected Device Profile: [Windows]
[2018.08.01-02.01.06:690][  0]LogSimplygon: Simplygon DLL not present - disabling.
[2018.08.01-02.01.06:693][  0]LogMeshReduction: Using SimplygonSwarm for distributed automatic mesh merging
[2018.08.01-02.01.06:693][  0]LogMeshReduction: Using QuadricMeshReduction for automatic static mesh reduction
[2018.08.01-02.01.06:693][  0]LogMeshReduction: No automatic skeletal mesh reduction module available
[2018.08.01-02.01.06:693][  0]LogMeshReduction: No automatic mesh merging module available
[2018.08.01-02.01.06:693][  0]LogMeshMerging: No automatic mesh merging module available
[2018.08.01-02.01.06:733][  0]LogNetVersion: BuildingEscape , NetCL: 3944462, EngineNetVer: 2, GameNetVer: 0 (Checksum: 4285820645)
[2018.08.01-02.01.07:428][  0]LogMoviePlayer: Initializing movie player
[2018.08.01-02.01.07:900][  0]LogTcpMessaging: Initializing TcpMessaging bridge
[2018.08.01-02.01.07:934][  0]LogUdpMessaging: Initializing bridge on interface 0.0.0.0:0 to multicast group 230.0.0.1:6666.
[2018.08.01-02.01.08:274][  0]SourceControl: Source control is disabled
[2018.08.01-02.01.08:274][  0]SourceControl: Source control is disabled
[2018.08.01-02.01.08:298][  0]SourceControl: Source control is disabled
[2018.08.01-02.01.08:739][  0]LogAndroidPermission: UAndroidPermissionCallbackProxy::GetInstance
[2018.08.01-02.01.08:931][  0]LogOcInput: OculusInput pre-init called
[2018.08.01-02.01.08:984][  0]LogUObjectArray: 40137 objects as part of root set at end of initial load.
[2018.08.01-02.01.08:984][  0]LogUObjectAllocator: 8369304 out of 0 bytes used by permanent object pool.
[2018.08.01-02.01.08:984][  0]LogUObjectArray: CloseDisregardForGC: 0/0 objects in disregard for GC pool
[2018.08.01-02.01.09:035][  0]LogEngine: Initializing Engine...
[2018.08.01-02.01.09:037][  0]LogHMD: Failed to initialize OpenVR with code 110
[2018.08.01-02.01.09:050][  0]LogStats: UGameplayTagsManager::ConstructGameplayTagTree: Construct from data asset -  0.000 s
[2018.08.01-02.01.09:050][  0]LogStats: UGameplayTagsManager::ConstructGameplayTagTree: GameplayTagTreeChangedEvent.Broadcast -  0.000 s
[2018.08.01-02.01.09:257][  0]LogInit: XAudio2 using 'Speakers / Headphones (Realtek Audio)' : 2 channels at 48 kHz using 32 bits per sample (channel mask 0x3)
[2018.08.01-02.01.09:330][  0]LogInit: FAudioDevice initialized.
[2018.08.01-02.01.09:357][  0]LogInit: Texture streaming: Enabled
[2018.08.01-02.01.09:677][  0]LogInit: Display: Game Engine Initialized.
[2018.08.01-02.01.09:677][  0]LogGameplayTags: Display: UGameplayTagsManager::DoneAddingNativeTags. DelegateIsBound: 0
[2018.08.01-02.01.09:677][  0]LogStats: UGameplayTagsManager::ConstructGameplayTagTree: Construct from data asset -  0.000 s
[2018.08.01-02.01.09:677][  0]LogStats: UGameplayTagsManager::ConstructGameplayTagTree: GameplayTagTreeChangedEvent.Broadcast -  0.000 s
[2018.08.01-02.01.09:818][  0]LogInit: Display: Starting Game.
[2018.08.01-02.01.09:828][  0]LogNet: Browse: /Game/NewMap?Name=Player
[2018.08.01-02.01.09:828][  0]LogLoad: LoadMap: /Game/NewMap?Name=Player
[2018.08.01-02.01.10:442][  0]LogAIModule: Creating AISystem for world NewMap
[2018.08.01-02.01.10:509][  0]LogLoad: Game class is 'BuildingEscapeGameModeBP_C'
[2018.08.01-02.01.10:523][  0]LogWorld: Bringing World /Game/NewMap.NewMap up for play (max tick rate 0) at 2018.07.31-21.01.10
[2018.08.01-02.01.10:548][  0]LogWorld: Bringing up level for play took: 0.028106
[2018.08.01-02.01.10:725][  0]LogLoad: Took 0.897589 seconds to LoadMap(/Game/NewMap)
[2018.08.01-02.01.10:800][  0]LogLoad: (Engine Initialization) Total time: 10.39 seconds
[2018.08.01-02.01.10:800][  0]LogLoad: (Engine Initialization) Total Blueprint compile time: 0.00 seconds
[2018.08.01-02.01.10:849][  0]LogRenderer: Reallocating scene render targets to support 1280x720 Format 10 NumSamples 1 (Frame:1).
[2018.08.01-02.01.10:954][  0]LogContentStreaming: Texture pool size now 1000 MB
[2018.08.01-02.01.20:025][546]LogTemp: Warning: DefaultPawn_BP_C_0
[2018.08.01-02.01.20:027][547]LogTemp: Warning: DefaultPawn_BP_C_0
[2018.08.01-02.01.20:043][548]LogTemp: Warning: DefaultPawn_BP_C_0
[2018.08.01-02.01.20:059][549]LogTemp: Warning: DefaultPawn_BP_C_0
[2018.08.01-02.01.20:075][550]LogTemp: Warning: DefaultPawn_BP_C_0
[2018.08.01-02.01.20:091][551]LogTemp: Warning: DefaultPawn_BP_C_0
[2018.08.01-02.01.20:108][552]LogTemp: Warning: DefaultPawn_BP_C_0
[2018.08.01-02.01.20:124][553]LogTemp: Warning: DefaultPawn_BP_C_0
[2018.08.01-02.01.20:140][554]LogTemp: Warning: DefaultPawn_BP_C_0
[2018.08.01-02.01.20:156][555]LogTemp: Warning: DefaultPawn_BP_C_0
[2018.08.01-02.01.20:173][556]LogTemp: Warning: DefaultPawn_BP_C_0
[2018.08.01-02.01.20:189][557]LogTemp: Warning: DefaultPawn_BP_C_0
[2018.08.01-02.01.20:205][558]LogTemp: Warning: DefaultPawn_BP_C_0
[2018.08.01-02.01.20:220][559]LogTemp: Warning: DefaultPawn_BP_C_0
[2018.08.01-02.01.20:237][560]LogTemp: Warning: DefaultPawn_BP_C_0
[2018.08.01-02.01.20:253][561]LogTemp: Warning: DefaultPawn_BP_C_0
[2018.08.01-02.01.20:270][562]LogTemp: Warning: DefaultPawn_BP_C_0
[2018.08.01-02.01.20:286][563]LogTemp: Warning: DefaultPawn_BP_C_0
[2018.08.01-02.01.20:302][564]LogTemp: Warning: DefaultPawn_BP_C_0
[2018.08.01-02.01.20:318][565]LogTemp: Warning: DefaultPawn_BP_C_0
[2018.08.01-02.01.20:334][566]LogTemp: Warning: DefaultPawn_BP_C_0
[2018.08.01-02.01.20:349][567]LogTemp: Warning: DefaultPawn_BP_C_0
[2018.08.01-02.01.20:366][568]LogTemp: Warning: DefaultPawn_BP_C_0
[2018.08.01-02.01.20:382][569]LogTemp: Warning: DefaultPawn_BP_C_0
[2018.08.01-02.01.20:398][570]LogTemp: Warning: DefaultPawn_BP_C_0
[2018.08.01-02.01.20:414][571]LogTemp: Warning: DefaultPawn_BP_C_0
[2018.08.01-02.01.20:430][572]LogTemp: Warning: DefaultPawn_BP_C_0
[2018.08.01-02.01.20:446][573]LogTemp: Warning: DefaultPawn_BP_C_0
[2018.08.01-02.01.20:463][574]LogTemp: Warning: DefaultPawn_BP_C_0
[2018.08.01-02.01.20:479][575]LogTemp: Warning: DefaultPawn_BP_C_0
[2018.08.01-02.01.20:495][576]LogTemp: Warning: DefaultPawn_BP_C_0
[2018.08.01-02.01.20:511][577]LogTemp: Warning: DefaultPawn_BP_C_0
[2018.08.01-02.01.20:527][578]LogTemp: Warning: DefaultPawn_BP_C_0
[2018.08.01-02.01.20:543][579]LogTemp: Warning: DefaultPawn_BP_C_0
[2018.08.01-02.01.20:560][580]LogTemp: Warning: DefaultPawn_BP_C_0
[2018.08.01-02.01.20:575][581]LogTemp: Warning: DefaultPawn_BP_C_0
[2018.08.01-02.01.20:592][582]LogTemp: Warning: DefaultPawn_BP_C_0
[2018.08.01-02.01.20:608][583]LogTemp: Warning: DefaultPawn_BP_C_0
[2018.08.01-02.01.20:624][584]LogTemp: Warning: DefaultPawn_BP_C_0
[2018.08.01-02.01.20:640][585]LogTemp: Warning: DefaultPawn_BP_C_0
[2018.08.01-02.01.20:657][586]LogTemp: Warning: DefaultPawn_BP_C_0
[2018.08.01-02.01.20:672][587]LogTemp: Warning: DefaultPawn_BP_C_0
[2018.08.01-02.01.20:672][587]LogTemp: Warning: SM_Chair_2
[2018.08.01-02.01.20:689][588]LogTemp: Warning: DefaultPawn_BP_C_0
[2018.08.01-02.01.20:689][588]LogTemp: Warning: SM_Chair_2
[2018.08.01-02.01.20:705][589]LogTemp: Warning: SM_Chair_2
[2018.08.01-02.01.20:721][590]LogTemp: Warning: SM_Chair_2
[2018.08.01-02.01.20:737][591]LogTemp: Warning: SM_Chair_2
[2018.08.01-02.01.20:753][592]LogTemp: Warning: SM_Chair_2
[2018.08.01-02.01.20:769][593]LogTemp: Warning: SM_Chair_2
[2018.08.01-02.01.20:785][594]LogTemp: Warning: SM_Chair_2
[2018.08.01-02.01.20:802][595]LogTemp: Warning: SM_Chair_2
[2018.08.01-02.01.20:818][596]LogTemp: Warning: SM_Chair_2
[2018.08.01-02.01.20:834][597]LogTemp: Warning: SM_Chair_2
[2018.08.01-02.01.20:850][598]LogTemp: Warning: SM_Chair_2
[2018.08.01-02.01.20:866][599]LogTemp: Warning: SM_Chair_2
[2018.08.01-02.01.20:882][600]LogTemp: Warning: SM_Chair_2
[2018.08.01-02.01.20:899][601]LogTemp: Warning: SM_Chair_2
[2018.08.01-02.01.20:915][602]LogTemp: Warning: SM_Chair_2
[2018.08.01-02.01.20:932][603]LogTemp: Warning: SM_Chair_2
[2018.08.01-02.01.20:947][604]LogTemp: Warning: SM_Chair_2
[2018.08.01-02.01.20:964][605]LogTemp: Warning: SM_Chair_2
[2018.08.01-02.01.20:980][606]LogTemp: Warning: SM_Chair_2
[2018.08.01-02.01.20:996][607]LogTemp: Warning: SM_Chair_2
[2018.08.01-02.01.21:013][608]LogTemp: Warning: SM_Chair_2
[2018.08.01-02.01.21:029][609]LogTemp: Warning: SM_Chair_2
[2018.08.01-02.01.21:045][610]LogTemp: Warning: SM_Chair_2
[2018.08.01-02.01.21:061][611]LogTemp: Warning: SM_Chair_2
[2018.08.01-02.01.21:076][612]LogTemp: Warning: SM_Chair_2
[2018.08.01-02.01.21:092][613]LogTemp: Warning: SM_Chair_2
[2018.08.01-02.01.21:108][614]LogTemp: Warning: SM_Chair_2
[2018.08.01-02.01.21:125][615]LogTemp: Warning: SM_Chair_2
[2018.08.01-02.01.21:141][616]LogTemp: Warning: SM_Chair_2
[2018.08.01-02.01.21:157][617]LogTemp: Warning: SM_Chair_2
[2018.08.01-02.01.21:173][618]LogTemp: Warning: SM_Chair_2
[2018.08.01-02.01.21:189][619]LogTemp: Warning: SM_Chair_2
[2018.08.01-02.01.21:206][620]LogTemp: Warning: SM_Chair_2
[2018.08.01-02.01.21:222][621]LogTemp: Warning: SM_Chair_2
[2018.08.01-02.01.21:238][622]LogTemp: Warning: SM_Chair_2
[2018.08.01-02.01.21:254][623]LogTemp: Warning: SM_Chair_2
[2018.08.01-02.01.21:270][624]LogTemp: Warning: SM_Chair_2
[2018.08.01-02.01.21:287][625]LogTemp: Warning: SM_Chair_2
[2018.08.01-02.01.21:302][626]LogTemp: Warning: SM_Chair_2
[2018.08.01-02.01.21:319][627]LogTemp: Warning: SM_Chair_2
[2018.08.01-02.01.21:335][628]LogTemp: Warning: SM_Chair_2
[2018.08.01-02.01.21:352][629]LogTemp: Warning: SM_Chair_2
[2018.08.01-02.01.21:366][630]LogTemp: Warning: SM_Chair_2
[2018.08.01-02.01.21:384][631]LogTemp: Warning: SM_Chair_2
[2018.08.01-02.01.21:399][632]LogTemp: Warning: SM_Chair_2
[2018.08.01-02.01.21:415][633]LogTemp: Warning: SM_Chair_2
[2018.08.01-02.01.21:431][634]LogTemp: Warning: SM_Chair_2
[2018.08.01-02.01.21:448][635]LogTemp: Warning: SM_Chair_2
[2018.08.01-02.01.21:464][636]LogTemp: Warning: SM_Chair_2
[2018.08.01-02.01.21:480][637]LogTemp: Warning: SM_Chair_2
[2018.08.01-02.01.21:496][638]LogTemp: Warning: SM_Chair_2
[2018.08.01-02.01.21:512][639]LogTemp: Warning: SM_Chair_2
[2018.08.01-02.01.21:528][640]LogTemp: Warning: SM_Chair_2
[2018.08.01-02.01.21:544][641]LogTemp: Warning: SM_Chair_2
[2018.08.01-02.01.21:560][642]LogTemp: Warning: SM_Chair_2
[2018.08.01-02.01.21:576][643]LogTemp: Warning: SM_Chair_2
[2018.08.01-02.01.21:593][644]LogTemp: Warning: SM_Chair_2
[2018.08.01-02.01.21:609][645]LogTemp: Warning: SM_Chair_2
[2018.08.01-02.01.21:625][646]LogTemp: Warning: SM_Chair_2
[2018.08.01-02.01.21:641][647]LogTemp: Warning: SM_Chair_2
[2018.08.01-02.01.21:657][648]LogTemp: Warning: SM_Chair_2
[2018.08.01-02.01.21:673][649]LogTemp: Warning: SM_Chair_2
[2018.08.01-02.01.21:689][650]LogTemp: Warning: SM_Chair_2
[2018.08.01-02.01.21:706][651]LogTemp: Warning: SM_Chair_2
[2018.08.01-02.01.21:721][652]LogTemp: Warning: SM_Chair_2
[2018.08.01-02.01.21:738][653]LogTemp: Warning: SM_Chair_2
[2018.08.01-02.01.21:754][654]LogTemp: Warning: SM_Chair_2
[2018.08.01-02.01.21:770][655]LogTemp: Warning: SM_Chair_2
[2018.08.01-02.01.21:786][656]LogTemp: Warning: SM_Chair_2
[2018.08.01-02.01.21:802][657]LogTemp: Warning: SM_Chair_2
[2018.08.01-02.01.21:818][658]LogTemp: Warning: SM_Chair_2
[2018.08.01-02.01.21:835][659]LogTemp: Warning: SM_Chair_2
[2018.08.01-02.01.21:850][660]LogTemp: Warning: SM_Chair_2
[2018.08.01-02.01.21:867][661]LogTemp: Warning: SM_Chair_2
[2018.08.01-02.01.21:883][662]LogTemp: Warning: SM_Chair_2
[2018.08.01-02.01.21:899][663]LogTemp: Warning: SM_Chair_2
[2018.08.01-02.01.21:915][664]LogTemp: Warning: SM_Chair_2
[2018.08.01-02.01.21:931][665]LogTemp: Warning: SM_Chair_2
[2018.08.01-02.01.21:948][666]LogTemp: Warning: SM_Chair_2
[2018.08.01-02.01.21:964][667]LogTemp: Warning: SM_Chair_2
[2018.08.01-02.01.21:980][668]LogTemp: Warning: SM_Chair_2
[2018.08.01-02.01.21:996][669]LogTemp: Warning: SM_Chair_2
[2018.08.01-02.01.22:012][670]LogTemp: Warning: SM_Chair_2
[2018.08.01-02.01.22:029][671]LogTemp: Warning: SM_Chair_2
[2018.08.01-02.01.22:045][672]LogTemp: Warning: SM_Chair_2
[2018.08.01-02.01.22:061][673]LogTemp: Warning: SM_Chair_2
[2018.08.01-02.01.22:077][674]LogTemp: Warning: SM_Chair_2
[2018.08.01-02.01.22:093][675]LogTemp: Warning: SM_Chair_2
[2018.08.01-02.01.22:109][676]LogTemp: Warning: SM_Chair_2
[2018.08.01-02.01.22:125][677]LogTemp: Warning: SM_Chair_2
[2018.08.01-02.01.22:142][678]LogTemp: Warning: SM_Chair_2
[2018.08.01-02.01.22:157][679]LogTemp: Warning: SM_Chair_2
[2018.08.01-02.01.22:173][680]LogTemp: Warning: SM_Chair_2
[2018.08.01-02.01.22:189][681]LogTemp: Warning: SM_Chair_2
[2018.08.01-02.01.22:205][682]LogTemp: Warning: SM_Chair_2
[2018.08.01-02.01.22:222][683]LogTemp: Warning: SM_Chair_2
[2018.08.01-02.01.22:238][684]LogTemp: Warning: SM_Chair_2
[2018.08.01-02.01.22:254][685]LogTemp: Warning: SM_Chair_2
[2018.08.01-02.01.22:270][686]LogTemp: Warning: SM_Chair_2
[2018.08.01-02.01.22:286][687]LogTemp: Warning: SM_Chair_2
[2018.08.01-02.01.22:302][688]LogTemp: Warning: SM_Chair_2
[2018.08.01-02.01.22:318][689]LogTemp: Warning: SM_Chair_2
[2018.08.01-02.01.22:334][690]LogTemp: Warning: SM_Chair_2
[2018.08.01-02.01.22:351][691]LogTemp: Warning: SM_Chair_2
[2018.08.01-02.01.22:367][692]LogTemp: Warning: SM_Chair_2
[2018.08.01-02.01.22:383][693]LogTemp: Warning: SM_Chair_2
[2018.08.01-02.01.22:399][694]LogTemp: Warning: SM_Chair_2
[2018.08.01-02.01.22:415][695]LogTemp: Warning: SM_Chair_2
[2018.08.01-02.01.22:431][696]LogTemp: Warning: SM_Chair_2
[2018.08.01-02.01.22:447][697]LogTemp: Warning: SM_Chair_2
[2018.08.01-02.01.22:463][698]LogTemp: Warning: SM_Chair_2
[2018.08.01-02.01.22:480][699]LogTemp: Warning: SM_Chair_2
[2018.08.01-02.01.22:496][700]LogTemp: Warning: SM_Chair_2
[2018.08.01-02.01.22:512][701]LogTemp: Warning: SM_Chair_2
[2018.08.01-02.01.22:528][702]LogTemp: Warning: SM_Chair_2
[2018.08.01-02.01.22:544][703]LogTemp: Warning: SM_Chair_2
[2018.08.01-02.01.22:560][704]LogTemp: Warning: SM_Chair_2
[2018.08.01-02.01.22:576][705]LogTemp: Warning: SM_Chair_2
[2018.08.01-02.01.22:592][706]LogTemp: Warning: SM_Chair_2
[2018.08.01-02.01.22:608][707]LogTemp: Warning: SM_Chair_2
[2018.08.01-02.01.22:624][708]LogTemp: Warning: SM_Chair_2
[2018.08.01-02.01.22:641][709]LogTemp: Warning: SM_Chair_2
[2018.08.01-02.01.22:657][710]LogTemp: Warning: SM_Chair_2
[2018.08.01-02.01.22:673][711]LogTemp: Warning: SM_Chair_2
[2018.08.01-02.01.22:689][712]LogTemp: Warning: SM_Chair_2
[2018.08.01-02.01.22:705][713]LogTemp: Warning: SM_Chair_2
[2018.08.01-02.01.22:721][714]LogTemp: Warning: SM_Chair_2
[2018.08.01-02.01.22:738][715]LogTemp: Warning: SM_Chair_2
[2018.08.01-02.01.22:754][716]LogTemp: Warning: SM_Chair_2
[2018.08.01-02.01.22:769][717]LogTemp: Warning: SM_Chair_2
[2018.08.01-02.01.22:785][718]LogTemp: Warning: SM_Chair_2
[2018.08.01-02.01.22:801][719]LogTemp: Warning: SM_Chair_2
[2018.08.01-02.01.22:818][720]LogTemp: Warning: SM_Chair_2
[2018.08.01-02.01.22:834][721]LogTemp: Warning: SM_Chair_2
[2018.08.01-02.01.22:850][722]LogTemp: Warning: SM_Chair_2
[2018.08.01-02.01.22:866][723]LogTemp: Warning: SM_Chair_2
[2018.08.01-02.01.22:883][724]LogTemp: Warning: SM_Chair_2
[2018.08.01-02.01.22:898][725]LogTemp: Warning: SM_Chair_2
[2018.08.01-02.01.22:914][726]LogTemp: Warning: SM_Chair_2
[2018.08.01-02.01.22:931][727]LogTemp: Warning: SM_Chair_2
[2018.08.01-02.01.22:947][728]LogTemp: Warning: SM_Chair_2
[2018.08.01-02.01.22:964][729]LogTemp: Warning: SM_Chair_2
[2018.08.01-02.01.22:980][730]LogTemp: Warning: SM_Chair_2
[2018.08.01-02.01.22:996][731]LogTemp: Warning: SM_Chair_2
[2018.08.01-02.01.23:013][732]LogTemp: Warning: SM_Chair_2
[2018.08.01-02.01.23:028][733]LogTemp: Warning: SM_Chair_2
[2018.08.01-02.01.23:044][734]LogTemp: Warning: SM_Chair_2
[2018.08.01-02.01.23:060][735]LogTemp: Warning: SM_Chair_2
[2018.08.01-02.01.23:076][736]LogTemp: Warning: SM_Chair_2
[2018.08.01-02.01.23:093][737]LogTemp: Warning: SM_Chair_2
[2018.08.01-02.01.23:110][738]LogTemp: Warning: SM_Chair_2
[2018.08.01-02.01.23:125][739]LogTemp: Warning: SM_Chair_2
[2018.08.01-02.01.23:141][740]LogTemp: Warning: SM_Chair_2
[2018.08.01-02.01.23:158][741]LogTemp: Warning: SM_Chair_2
[2018.08.01-02.01.23:174][742]LogTemp: Warning: SM_Chair_2
[2018.08.01-02.01.23:190][743]LogTemp: Warning: SM_Chair_2
[2018.08.01-02.01.23:207][744]LogTemp: Warning: SM_Chair_2
[2018.08.01-02.01.23:222][745]LogTemp: Warning: SM_Chair_2
[2018.08.01-02.01.23:239][746]LogTemp: Warning: SM_Chair_2
[2018.08.01-02.01.23:255][747]LogTemp: Warning: SM_Chair_2
[2018.08.01-02.01.23:271][748]LogTemp: Warning: SM_Chair_2
[2018.08.01-02.01.23:287][749]LogTemp: Warning: SM_Chair_2
[2018.08.01-02.01.23:303][750]LogTemp: Warning: SM_Chair_2
[2018.08.01-02.01.23:319][751]LogTemp: Warning: SM_Chair_2
[2018.08.01-02.01.23:334][752]LogTemp: Warning: SM_Chair_2
[2018.08.01-02.01.23:351][753]LogTemp: Warning: SM_Chair_2
[2018.08.01-02.01.23:366][754]LogTemp: Warning: SM_Chair_2
[2018.08.01-02.01.23:383][755]LogTemp: Warning: SM_Chair_2
[2018.08.01-02.01.23:399][756]LogTemp: Warning: SM_Chair_2
[2018.08.01-02.01.23:415][757]LogTemp: Warning: SM_Chair_2
[2018.08.01-02.01.23:431][758]LogTemp: Warning: SM_Chair_2
[2018.08.01-02.01.23:447][759]LogTemp: Warning: SM_Chair_2
[2018.08.01-02.01.23:463][760]LogTemp: Warning: SM_Chair_2
[2018.08.01-02.01.23:479][761]LogTemp: Warning: SM_Chair_2
[2018.08.01-02.01.23:495][762]LogTemp: Warning: SM_Chair_2
[2018.08.01-02.01.23:511][763]LogTemp: Warning: SM_Chair_2
[2018.08.01-02.01.23:527][764]LogTemp: Warning: SM_Chair_2
[2018.08.01-02.01.23:543][765]LogTemp: Warning: SM_Chair_2
[2018.08.01-02.01.23:560][766]LogTemp: Warning: SM_Chair_2
[2018.08.01-02.01.23:576][767]LogTemp: Warning: SM_Chair_2
[2018.08.01-02.01.23:592][768]LogTemp: Warning: SM_Chair_2
[2018.08.01-02.01.24:463][822]LogTemp: Warning: SM_Chair_2
[2018.08.01-02.01.25:222][869]LogTemp: Warning: SM_Chair_2
[2018.08.01-02.01.25:238][870]LogTemp: Warning: SM_Chair_2
[2018.08.01-02.01.25:254][871]LogTemp: Warning: SM_Chair_2
[2018.08.01-02.01.25:271][872]LogTemp: Warning: SM_Chair_2
[2018.08.01-02.01.25:287][873]LogTemp: Warning: SM_Chair_2
[2018.08.01-02.01.25:303][874]LogTemp: Warning: SM_Chair_2
[2018.08.01-02.01.25:319][875]LogTemp: Warning: SM_Chair_2
[2018.08.01-02.01.25:335][876]LogTemp: Warning: SM_Chair_2
[2018.08.01-02.01.25:351][877]LogTemp: Warning: SM_Chair_2
[2018.08.01-02.01.25:367][878]LogTemp: Warning: SM_Chair_2
[2018.08.01-02.01.25:383][879]LogTemp: Warning: SM_Chair_2
[2018.08.01-02.01.25:399][880]LogTemp: Warning: SM_Chair_2
[2018.08.01-02.01.25:416][881]LogTemp: Warning: SM_Chair_2
[2018.08.01-02.01.25:431][882]LogTemp: Warning: SM_Chair_2
[2018.08.01-02.01.25:447][883]LogTemp: Warning: SM_Chair_2
[2018.08.01-02.01.25:464][884]LogTemp: Warning: SM_Chair_2
[2018.08.01-02.01.25:480][885]LogTemp: Warning: SM_Chair_2
[2018.08.01-02.01.25:496][886]LogTemp: Warning: SM_Chair_2
[2018.08.01-02.01.25:512][887]LogTemp: Warning: SM_Chair_2
[2018.08.01-02.01.25:528][888]LogTemp: Warning: SM_Chair_2
[2018.08.01-02.01.25:545][889]LogTemp: Warning: SM_Chair_2
[2018.08.01-02.01.25:561][890]LogTemp: Warning: SM_Chair_2
[2018.08.01-02.01.25:577][891]LogTemp: Warning: SM_Chair_2
[2018.08.01-02.01.25:593][892]LogTemp: Warning: SM_Chair_2
[2018.08.01-02.01.25:609][893]LogTemp: Warning: SM_Chair_2
[2018.08.01-02.01.25:625][894]LogTemp: Warning: SM_Chair_2
[2018.08.01-02.01.25:641][895]LogTemp: Warning: SM_Chair_2
[2018.08.01-02.01.25:657][896]LogTemp: Warning: SM_Chair_2
[2018.08.01-02.01.25:673][897]LogTemp: Warning: SM_Chair_2
[2018.08.01-02.01.25:690][898]LogTemp: Warning: SM_Chair_2
[2018.08.01-02.01.25:706][899]LogTemp: Warning: SM_Chair_2
[2018.08.01-02.01.25:722][900]LogTemp: Warning: SM_Chair_2
[2018.08.01-02.01.25:738][901]LogTemp: Warning: SM_Chair_2
[2018.08.01-02.01.25:754][902]LogTemp: Warning: SM_Chair_2
[2018.08.01-02.01.25:770][903]LogTemp: Warning: SM_Chair_2
[2018.08.01-02.01.25:787][904]LogTemp: Warning: SM_Chair_2
[2018.08.01-02.01.25:803][905]LogTemp: Warning: SM_Chair_2
[2018.08.01-02.01.25:819][906]LogTemp: Warning: SM_Chair_2
[2018.08.01-02.01.25:835][907]LogTemp: Warning: SM_Chair_2
[2018.08.01-02.01.25:851][908]LogTemp: Warning: SM_Chair_2
[2018.08.01-02.01.25:867][909]LogTemp: Warning: SM_Chair_2
[2018.08.01-02.01.25:883][910]LogTemp: Warning: SM_Chair_2
[2018.08.01-02.01.25:899][911]LogTemp: Warning: SM_Chair_2
[2018.08.01-02.01.25:916][912]LogTemp: Warning: SM_Chair_2
[2018.08.01-02.01.25:932][913]LogTemp: Warning: SM_Chair_2
[2018.08.01-02.01.25:948][914]LogTemp: Warning: SM_Chair_2
[2018.08.01-02.01.25:964][915]LogTemp: Warning: SM_Chair_2
[2018.08.01-02.01.25:980][916]LogTemp: Warning: SM_Chair_2
[2018.08.01-02.01.25:996][917]LogTemp: Warning: SM_Chair_2
[2018.08.01-02.01.26:012][918]LogTemp: Warning: SM_Chair_2
[2018.08.01-02.01.26:028][919]LogTemp: Warning: SM_Chair_2
[2018.08.01-02.01.26:044][920]LogTemp: Warning: SM_Chair_2
[2018.08.01-02.01.26:061][921]LogTemp: Warning: SM_Chair_2
[2018.08.01-02.01.26:077][922]LogTemp: Warning: SM_Chair_2
[2018.08.01-02.01.26:093][923]LogTemp: Warning: SM_Chair_2
[2018.08.01-02.01.26:109][924]LogTemp: Warning: SM_Chair_2
[2018.08.01-02.01.26:125][925]LogTemp: Warning: SM_Chair_2
[2018.08.01-02.01.26:141][926]LogTemp: Warning: SM_Chair_2
[2018.08.01-02.01.26:158][927]LogTemp: Warning: SM_Chair_2
[2018.08.01-02.01.26:174][928]LogTemp: Warning: SM_Chair_2
[2018.08.01-02.01.26:190][929]LogTemp: Warning: SM_Chair_2
[2018.08.01-02.01.26:206][930]LogTemp: Warning: SM_Chair_2
[2018.08.01-02.01.26:221][931]LogTemp: Warning: SM_Chair_2
[2018.08.01-02.01.26:238][932]LogTemp: Warning: SM_Chair_2
[2018.08.01-02.01.26:254][933]LogTemp: Warning: SM_Chair_2
[2018.08.01-02.01.26:270][934]LogTemp: Warning: SM_Chair_2
[2018.08.01-02.01.26:287][935]LogTemp: Warning: SM_Chair_2
[2018.08.01-02.01.26:303][936]LogTemp: Warning: SM_Chair_2
[2018.08.01-02.01.26:319][937]LogTemp: Warning: SM_Chair_2
[2018.08.01-02.01.26:336][938]LogTemp: Warning: SM_Chair_2
[2018.08.01-02.01.26:351][939]LogTemp: Warning: SM_Chair_2
[2018.08.01-02.01.26:367][940]LogTemp: Warning: SM_Chair_2
[2018.08.01-02.01.26:383][941]LogTemp: Warning: SM_Chair_2
[2018.08.01-02.01.26:399][942]LogTemp: Warning: SM_Chair_2
[2018.08.01-02.01.26:416][943]LogTemp: Warning: SM_Chair_2
[2018.08.01-02.01.26:431][944]LogTemp: Warning: SM_Chair_2
[2018.08.01-02.01.26:448][945]LogTemp: Warning: SM_Chair_2
[2018.08.01-02.01.26:464][946]LogTemp: Warning: SM_Chair_2
[2018.08.01-02.01.26:480][947]LogTemp: Warning: SM_Chair_2
[2018.08.01-02.01.26:496][948]LogTemp: Warning: SM_Chair_2
[2018.08.01-02.01.26:512][949]LogTemp: Warning: SM_Chair_2
[2018.08.01-02.01.26:529][950]LogTemp: Warning: SM_Chair_2
[2018.08.01-02.01.26:545][951]LogTemp: Warning: SM_Chair_2
[2018.08.01-02.01.26:561][952]LogTemp: Warning: SM_Chair_2
[2018.08.01-02.01.26:577][953]LogTemp: Warning: SM_Chair_2
[2018.08.01-02.01.26:593][954]LogTemp: Warning: SM_Chair_2
[2018.08.01-02.01.26:610][955]LogTemp: Warning: SM_Chair_2
[2018.08.01-02.01.26:625][956]LogTemp: Warning: SM_Chair_2
[2018.08.01-02.01.26:642][957]LogTemp: Warning: SM_Chair_2
[2018.08.01-02.01.26:658][958]LogTemp: Warning: SM_Chair_2
[2018.08.01-02.01.26:674][959]LogTemp: Warning: SM_Chair_2
[2018.08.01-02.01.26:690][960]LogTemp: Warning: SM_Chair_2
[2018.08.01-02.01.26:706][961]LogTemp: Warning: SM_Chair_2
[2018.08.01-02.01.26:722][962]LogTemp: Warning: SM_Chair_2
[2018.08.01-02.01.26:738][963]LogTemp: Warning: SM_Chair_2
[2018.08.01-02.01.26:755][964]LogTemp: Warning: SM_Chair_2
[2018.08.01-02.01.26:771][965]LogTemp: Warning: SM_Chair_2
[2018.08.01-02.01.26:787][966]LogTemp: Warning: SM_Chair_2
[2018.08.01-02.01.26:803][967]LogTemp: Warning: SM_Chair_2
[2018.08.01-02.01.26:819][968]LogTemp: Warning: SM_Chair_2
[2018.08.01-02.01.26:835][969]LogTemp: Warning: SM_Chair_2
[2018.08.01-02.01.26:851][970]LogTemp: Warning: SM_Chair_2
[2018.08.01-02.01.26:867][971]LogTemp: Warning: SM_Chair_2
[2018.08.01-02.01.26:883][972]LogTemp: Warning: SM_Chair_2
[2018.08.01-02.01.26:899][973]LogTemp: Warning: SM_Chair_2
[2018.08.01-02.01.26:915][974]LogTemp: Warning: SM_Chair_2
[2018.08.01-02.01.26:931][975]LogTemp: Warning: SM_Chair_2
[2018.08.01-02.01.26:947][976]LogTemp: Warning: SM_Chair_2
[2018.08.01-02.01.26:964][977]LogTemp: Warning: SM_Chair_2
[2018.08.01-02.01.26:980][978]LogTemp: Warning: SM_Chair_2
[2018.08.01-02.01.26:996][979]LogTemp: Warning: SM_Chair_2
[2018.08.01-02.01.27:013][980]LogTemp: Warning: SM_Chair_2
[2018.08.01-02.01.27:028][981]LogTemp: Warning: SM_Chair_2
[2018.08.01-02.01.27:045][982]LogTemp: Warning: SM_Chair_2
[2018.08.01-02.01.27:061][983]LogTemp: Warning: SM_Chair_2
[2018.08.01-02.01.27:077][984]LogTemp: Warning: SM_Chair_2
[2018.08.01-02.01.27:094][985]LogTemp: Warning: SM_Chair_2
[2018.08.01-02.01.27:110][986]LogTemp: Warning: SM_Chair_2
[2018.08.01-02.01.27:125][987]LogTemp: Warning: SM_Chair_2
[2018.08.01-02.01.27:142][988]LogTemp: Warning: SM_Chair_2
[2018.08.01-02.01.27:157][989]LogTemp: Warning: SM_Chair_2
[2018.08.01-02.01.27:174][990]LogTemp: Warning: SM_Chair_2
[2018.08.01-02.01.27:190][991]LogTemp: Warning: SM_Chair_2
[2018.08.01-02.01.27:206][992]LogTemp: Warning: SM_Chair_2
[2018.08.01-02.01.27:222][993]LogTemp: Warning: SM_Chair_2
[2018.08.01-02.01.27:238][994]LogTemp: Warning: SM_Chair_2
[2018.08.01-02.01.27:254][995]LogTemp: Warning: SM_Chair_2
[2018.08.01-02.01.27:270][996]LogTemp: Warning: SM_Chair_2
[2018.08.01-02.01.27:287][997]LogTemp: Warning: SM_Chair_2
[2018.08.01-02.01.27:303][998]LogTemp: Warning: SM_Chair_2
[2018.08.01-02.01.27:319][999]LogTemp: Warning: SM_Chair_2
[2018.08.01-02.01.27:335][  0]LogTemp: Warning: SM_Chair_2
[2018.08.01-02.01.27:351][  1]LogTemp: Warning: SM_Chair_2
[2018.08.01-02.01.27:367][  2]LogTemp: Warning: SM_Chair_2
[2018.08.01-02.01.27:383][  3]LogTemp: Warning: SM_Chair_2
[2018.08.01-02.01.27:399][  4]LogTemp: Warning: SM_Chair_2
[2018.08.01-02.01.27:415][  5]LogTemp: Warning: SM_Chair_2
[2018.08.01-02.01.27:431][  6]LogTemp: Warning: SM_Chair_2
[2018.08.01-02.01.27:447][  7]LogTemp: Warning: SM_Chair_2
[2018.08.01-02.01.27:464][  8]LogTemp: Warning: SM_Chair_2
[2018.08.01-02.01.27:480][  9]LogTemp: Warning: SM_Chair_2
[2018.08.01-02.01.27:496][ 10]LogTemp: Warning: SM_Chair_2
[2018.08.01-02.01.27:512][ 11]LogTemp: Warning: SM_Chair_2
[2018.08.01-02.01.27:528][ 12]LogTemp: Warning: SM_Chair_2
[2018.08.01-02.01.27:544][ 13]LogTemp: Warning: SM_Chair_2
[2018.08.01-02.01.27:560][ 14]LogTemp: Warning: SM_Chair_2
[2018.08.01-02.01.27:577][ 15]LogTemp: Warning: SM_Chair_2
[2018.08.01-02.01.27:593][ 16]LogTemp: Warning: SM_Chair_2
[2018.08.01-02.01.27:609][ 17]LogTemp: Warning: SM_Chair_2
[2018.08.01-02.01.27:625][ 18]LogTemp: Warning: SM_Chair_2
[2018.08.01-02.01.27:642][ 19]LogTemp: Warning: SM_Chair_2
[2018.08.01-02.01.27:658][ 20]LogTemp: Warning: SM_Chair_2
[2018.08.01-02.01.27:674][ 21]LogTemp: Warning: SM_Chair_2
[2018.08.01-02.01.27:690][ 22]LogTemp: Warning: SM_Chair_2
[2018.08.01-02.01.27:706][ 23]LogTemp: Warning: SM_Chair_2
[2018.08.01-02.01.27:722][ 24]LogTemp: Warning: SM_Chair_2
[2018.08.01-02.01.27:738][ 25]LogTemp: Warning: SM_Chair_2
[2018.08.01-02.01.27:755][ 26]LogTemp: Warning: SM_Chair_2
[2018.08.01-02.01.27:771][ 27]LogTemp: Warning: SM_Chair_2
[2018.08.01-02.01.27:787][ 28]LogTemp: Warning: SM_Chair_2
[2018.08.01-02.01.27:803][ 29]LogTemp: Warning: SM_Chair_2
[2018.08.01-02.01.27:820][ 30]LogTemp: Warning: SM_Chair_2
[2018.08.01-02.01.27:835][ 31]LogTemp: Warning: SM_Chair_2
[2018.08.01-02.01.27:851][ 32]LogTemp: Warning: SM_Chair_2
[2018.08.01-02.01.27:867][ 33]LogTemp: Warning: SM_Chair_2
[2018.08.01-02.01.27:883][ 34]LogTemp: Warning: SM_Chair_2
[2018.08.01-02.01.27:901][ 35]LogTemp: Warning: SM_Chair_2
[2018.08.01-02.01.27:916][ 36]LogTemp: Warning: SM_Chair_2
[2018.08.01-02.01.27:933][ 37]LogTemp: Warning: SM_Chair_2
[2018.08.01-02.01.27:949][ 38]LogTemp: Warning: SM_Chair_2
[2018.08.01-02.01.27:966][ 39]LogTemp: Warning: SM_Chair_2
[2018.08.01-02.01.27:980][ 40]LogTemp: Warning: SM_Chair_2
[2018.08.01-02.01.27:997][ 41]LogTemp: Warning: SM_Chair_2
[2018.08.01-02.01.28:012][ 42]LogTemp: Warning: SM_Chair_2
[2018.08.01-02.01.28:029][ 43]LogTemp: Warning: SM_Chair_2
[2018.08.01-02.01.28:045][ 44]LogTemp: Warning: SM_Chair_2
[2018.08.01-02.01.28:061][ 45]LogTemp: Warning: SM_Chair_2
[2018.08.01-02.01.28:077][ 46]LogTemp: Warning: SM_Chair_2
[2018.08.01-02.01.28:093][ 47]LogTemp: Warning: SM_Chair_2
[2018.08.01-02.01.28:109][ 48]LogTemp: Warning: SM_Chair_2
[2018.08.01-02.01.28:126][ 49]LogTemp: Warning: SM_Chair_2
[2018.08.01-02.01.28:142][ 50]LogTemp: Warning: SM_Chair_2
[2018.08.01-02.01.28:158][ 51]LogTemp: Warning: SM_Chair_2
[2018.08.01-02.01.28:174][ 52]LogTemp: Warning: SM_Chair_2
[2018.08.01-02.01.28:190][ 53]LogTemp: Warning: SM_Chair_2
[2018.08.01-02.01.28:207][ 54]LogTemp: Warning: SM_Chair_2
[2018.08.01-02.01.28:224][ 55]LogTemp: Warning: SM_Chair_2
[2018.08.01-02.01.28:239][ 56]LogTemp: Warning: SM_Chair_2
[2018.08.01-02.01.28:255][ 57]LogTemp: Warning: SM_Chair_2
[2018.08.01-02.01.28:271][ 58]LogTemp: Warning: SM_Chair_2
[2018.08.01-02.01.28:287][ 59]LogTemp: Warning: SM_Chair_2
[2018.08.01-02.01.28:303][ 60]LogTemp: Warning: SM_Chair_2
[2018.08.01-02.01.28:319][ 61]LogTemp: Warning: SM_Chair_2
[2018.08.01-02.01.28:336][ 62]LogTemp: Warning: SM_Chair_2
[2018.08.01-02.01.28:352][ 63]LogTemp: Warning: SM_Chair_2
[2018.08.01-02.01.28:367][ 64]LogTemp: Warning: SM_Chair_2
[2018.08.01-02.01.28:384][ 65]LogTemp: Warning: SM_Chair_2
[2018.08.01-02.01.28:400][ 66]LogTemp: Warning: SM_Chair_2
[2018.08.01-02.01.28:416][ 67]LogTemp: Warning: SM_Chair_2
[2018.08.01-02.01.28:432][ 68]LogTemp: Warning: SM_Chair_2
[2018.08.01-02.01.28:448][ 69]LogTemp: Warning: SM_Chair_2
[2018.08.01-02.01.28:464][ 70]LogTemp: Warning: SM_Chair_2
[2018.08.01-02.01.28:480][ 71]LogTemp: Warning: SM_Chair_2
[2018.08.01-02.01.28:496][ 72]LogTemp: Warning: SM_Chair_2
[2018.08.01-02.01.28:513][ 73]LogTemp: Warning: SM_Chair_2
[2018.08.01-02.01.28:529][ 74]LogTemp: Warning: SM_Chair_2
[2018.08.01-02.01.28:545][ 75]LogTemp: Warning: SM_Chair_2
[2018.08.01-02.01.28:561][ 76]LogTemp: Warning: SM_Chair_2
[2018.08.01-02.01.28:578][ 77]LogTemp: Warning: SM_Chair_2
[2018.08.01-02.01.28:594][ 78]LogTemp: Warning: SM_Chair_2
[2018.08.01-02.01.28:610][ 79]LogTemp: Warning: SM_Chair_2
[2018.08.01-02.01.28:625][ 80]LogTemp: Warning: SM_Chair_2
[2018.08.01-02.01.28:642][ 81]LogTemp: Warning: SM_Chair_2
[2018.08.01-02.01.28:658][ 82]LogTemp: Warning: SM_Chair_2
[2018.08.01-02.01.28:674][ 83]LogTemp: Warning: SM_Chair_2
[2018.08.01-02.01.28:690][ 84]LogTemp: Warning: SM_Chair_2
[2018.08.01-02.01.28:706][ 85]LogTemp: Warning: SM_Chair_2
[2018.08.01-02.01.28:722][ 86]LogTemp: Warning: SM_Chair_2
[2018.08.01-02.01.28:738][ 87]LogTemp: Warning: SM_Chair_2
[2018.08.01-02.01.28:754][ 88]LogTemp: Warning: SM_Chair_2
[2018.08.01-02.01.28:771][ 89]LogTemp: Warning: SM_Chair_2
[2018.08.01-02.01.28:787][ 90]LogTemp: Warning: SM_Chair_2
[2018.08.01-02.01.28:803][ 91]LogTemp: Warning: SM_Chair_2
[2018.08.01-02.01.28:819][ 92]LogTemp: Warning: SM_Chair_2
[2018.08.01-02.01.28:835][ 93]LogTemp: Warning: SM_Chair_2
[2018.08.01-02.01.28:851][ 94]LogTemp: Warning: SM_Chair_2
[2018.08.01-02.01.28:868][ 95]LogTemp: Warning: SM_Chair_2
[2018.08.01-02.01.28:884][ 96]LogTemp: Warning: SM_Chair_2
[2018.08.01-02.01.28:900][ 97]LogTemp: Warning: SM_Chair_2
[2018.08.01-02.01.28:916][ 98]LogTemp: Warning: SM_Chair_2
[2018.08.01-02.01.28:933][ 99]LogTemp: Warning: SM_Chair_2
[2018.08.01-02.01.28:949][100]LogTemp: Warning: SM_Chair_2
[2018.08.01-02.01.28:965][101]LogTemp: Warning: SM_Chair_2
[2018.08.01-02.01.28:981][102]LogTemp: Warning: SM_Chair_2
[2018.08.01-02.01.28:997][103]LogTemp: Warning: SM_Chair_2
[2018.08.01-02.01.29:045][104]LogSlate: Window 'BuildingEscape (64-bit, PCD3D_SM5) ' being destroyed
[2018.08.01-02.01.29:047][104]LogWindowsTextInputMethodSystem: Display: IME system now deactivated.
[2018.08.01-02.01.29:097][104]LogEngine: All Windows Closed
[2018.08.01-02.01.29:097][104]LogWindows: FPlatformMisc::RequestExit(0)
[2018.08.01-02.01.30:050][105]LogSlate: Slate User Destroyed.  User Index 0, Is Virtual User: 0
[2018.08.01-02.01.30:050][105]LogExit: Preparing to exit.
[2018.08.01-02.01.30:050][105]LogMoviePlayer: Shutting down movie player
[2018.08.01-02.01.30:977][105]LogExit: Game engine shut down
[2018.08.01-02.01.31:028][105]LogExit: Object subsystem successfully closed.
[2018.08.01-02.01.31:047][105]LogShaderCompilers: Display: Shaders left to compile 0
[2018.08.01-02.01.31:050][105]LogD3D11RHI: Shutdown
[2018.08.01-02.01.31:050][105]LogD3D11RHI: CleanupD3DDevice
[2018.08.01-02.01.31:051][105]LogD3D11RHI: ~FD3D11DynamicRHI
[2018.08.01-02.01.31:057][105]LogModuleManager: Shutting down and abandoning module SequenceRecorderSections (334)
[2018.08.01-02.01.31:057][105]LogModuleManager: Shutting down and abandoning module SequenceRecorder (332)
[2018.08.01-02.01.31:057][105]LogModuleManager: Shutting down and abandoning module AutomationController (330)
[2018.08.01-02.01.31:057][105]LogModuleManager: Shutting down and abandoning module AutomationWorker (328)
[2018.08.01-02.01.31:058][105]LogModuleManager: Shutting down and abandoning module AIModule (326)
[2018.08.01-02.01.31:058][105]LogModuleManager: Shutting down and abandoning module GameplayDebugger (325)
[2018.08.01-02.01.31:101][105]LogModuleManager: Shutting down and abandoning module AITestSuite (323)
[2018.08.01-02.01.31:101][105]LogModuleManager: Shutting down and abandoning module WmfMediaFactory (320)
[2018.08.01-02.01.31:101][105]LogModuleManager: Shutting down and abandoning module OpenExrWrapper (318)
[2018.08.01-02.01.31:101][105]LogModuleManager: Shutting down and abandoning module ImgMediaFactory (316)
[2018.08.01-02.01.31:101][105]LogModuleManager: Shutting down and abandoning module AvfMediaFactory (314)
[2018.08.01-02.01.31:101][105]LogModuleManager: Shutting down and abandoning module CharacterAI (312)
[2018.08.01-02.01.31:101][105]LogModuleManager: Shutting down and abandoning module SessionServices (310)
[2018.08.01-02.01.31:101][105]LogModuleManager: Shutting down and abandoning module MovieSceneCapture (308)
[2018.08.01-02.01.31:101][105]LogModuleManager: Shutting down and abandoning module MovieSceneTracks (306)
[2018.08.01-02.01.31:101][105]LogModuleManager: Shutting down and abandoning module MovieScene (304)
[2018.08.01-02.01.31:101][105]LogModuleManager: Shutting down and abandoning module GeometryCache (302)
[2018.08.01-02.01.31:101][105]LogModuleManager: Shutting down and abandoning module GeometryCacheEd (301)
[2018.08.01-02.01.31:101][105]LogModuleManager: Shutting down and abandoning module StreamingPauseRendering (298)
[2018.08.01-02.01.31:101][105]LogModuleManager: Shutting down and abandoning module PortalServices (296)
[2018.08.01-02.01.31:101][105]LogModuleManager: Shutting down and abandoning module PortalRpc (294)
[2018.08.01-02.01.31:101][105]LogModuleManager: Shutting down and abandoning module MessagingRpc (292)
[2018.08.01-02.01.31:101][105]LogModuleManager: Shutting down and abandoning module ProfilerService (290)
[2018.08.01-02.01.31:289][105]LogModuleManager: Shutting down and abandoning module TaskGraph (288)
[2018.08.01-02.01.31:289][105]LogModuleManager: Shutting down and abandoning module SteamVRController (286)
[2018.08.01-02.01.31:289][105]LogModuleManager: Shutting down and abandoning module ProceduralMeshComponent (284)
[2018.08.01-02.01.31:289][105]LogModuleManager: Shutting down and abandoning module OculusInput (282)
[2018.08.01-02.01.31:289][105]LogModuleManager: Shutting down and abandoning module MobilePatchingUtils (280)
[2018.08.01-02.01.31:289][105]LogModuleManager: Shutting down and abandoning module CustomMeshComponent (278)
[2018.08.01-02.01.31:289][105]LogModuleManager: Shutting down and abandoning module CableComponent (276)
[2018.08.01-02.01.31:289][105]LogModuleManager: Shutting down and abandoning module AudioCapture (274)
[2018.08.01-02.01.31:289][105]LogModuleManager: Shutting down and abandoning module ArchVisCharacter (272)
[2018.08.01-02.01.31:289][105]LogModuleManager: Shutting down and abandoning module AndroidPermission (270)
[2018.08.01-02.01.31:289][105]LogModuleManager: Shutting down and abandoning module NUTUnrealEngine4 (266)
[2018.08.01-02.01.31:289][105]LogModuleManager: Shutting down and abandoning module NetcodeUnitTest (264)
[2018.08.01-02.01.31:289][105]LogModuleManager: Shutting down and abandoning module MediaCompositing (262)
[2018.08.01-02.01.31:289][105]LogModuleManager: Shutting down and abandoning module LinearTimecode (260)
[2018.08.01-02.01.31:289][105]LogModuleManager: Shutting down and abandoning module ImgMedia (258)
[2018.08.01-02.01.31:292][105]LogModuleManager: Shutting down and abandoning module HTML5Networking (256)
[2018.08.01-02.01.31:292][105]LogModuleManager: Shutting down and abandoning module DatasmithContent (254)
[2018.08.01-02.01.31:292][105]LogModuleManager: Shutting down and abandoning module CryptoKeysOpenSSL (252)
[2018.08.01-02.01.31:292][105]LogModuleManager: Shutting down and abandoning module CryptoKeys (250)
[2018.08.01-02.01.31:292][105]LogModuleManager: Shutting down and abandoning module VisualStudioSourceCodeAccess (248)
[2018.08.01-02.01.31:292][105]LogModuleManager: Shutting down and abandoning module HotReload (247)
[2018.08.01-02.01.31:292][105]LogDirectoryWatcher: A directory notification for 'D:/2018_Class_Content/Unreal_And_C++/Section_03/UE4_Building-Escape/BuildingEscape/Binaries/Win64' was aborted.
[2018.08.01-02.01.31:292][105]LogModuleManager: Shutting down and abandoning module DirectoryWatcher (246)
[2018.08.01-02.01.31:292][105]LogModuleManager: Shutting down and abandoning module VisualStudioCodeSourceCodeAccess (242)
[2018.08.01-02.01.31:292][105]LogModuleManager: Shutting down and abandoning module UObjectPlugin (240)
[2018.08.01-02.01.31:292][105]LogModuleManager: Shutting down and abandoning module SubversionSourceControl (238)
[2018.08.01-02.01.31:292][105]LogModuleManager: Shutting down and abandoning module PerforceSourceControl (236)
[2018.08.01-02.01.31:292][105]LogModuleManager: Shutting down and abandoning module SourceControl (235)
[2018.08.01-02.01.31:292][105]LogModuleManager: Shutting down and abandoning module CLionSourceCodeAccess (232)
[2018.08.01-02.01.31:292][105]LogModuleManager: Shutting down and abandoning module BuildingEscape (230)
[2018.08.01-02.01.31:292][105]LogModuleManager: Shutting down and abandoning module RuntimePhysXCooking (228)
[2018.08.01-02.01.31:292][105]LogModuleManager: Shutting down and abandoning module PhysXVehiclesEditor (226)
[2018.08.01-02.01.31:292][105]LogModuleManager: Shutting down and abandoning module PhysXVehicles (224)
[2018.08.01-02.01.31:292][105]LogModuleManager: Shutting down and abandoning module LocationServicesBPLibrary (222)
[2018.08.01-02.01.31:292][105]LogModuleManager: Shutting down and abandoning module ImmediatePhysicsEditor (220)
[2018.08.01-02.01.31:292][105]LogModuleManager: Shutting down and abandoning module ImmediatePhysics (218)
[2018.08.01-02.01.31:292][105]LogModuleManager: Shutting down and abandoning module ActorSequence (216)
[2018.08.01-02.01.31:292][105]LogModuleManager: Shutting down and abandoning module UdpMessaging (214)
[2018.08.01-02.01.31:393][105]LogModuleManager: Shutting down and abandoning module TcpMessaging (212)
[2018.08.01-02.01.31:912][105]LogModuleManager: Shutting down and abandoning module GameplayTagsEditor (210)
[2018.08.01-02.01.31:912][105]LogModuleManager: Shutting down and abandoning module FacialAnimation (208)
[2018.08.01-02.01.31:912][105]LogModuleManager: Shutting down and abandoning module DataValidation (206)
[2018.08.01-02.01.31:912][105]LogModuleManager: Shutting down and abandoning module AssetManagerEditor (204)
[2018.08.01-02.01.31:912][105]LogModuleManager: Shutting down and abandoning module TreeMap (203)
[2018.08.01-02.01.31:912][105]LogModuleManager: Shutting down and abandoning module LightPropagationVolumeRuntime (200)
[2018.08.01-02.01.31:912][105]LogModuleManager: Shutting down and abandoning module LiveLink (198)
[2018.08.01-02.01.32:745][105]LogModuleManager: Shutting down and abandoning module Paper2D (196)
[2018.08.01-02.01.32:745][105]LogModuleManager: Shutting down and abandoning module PIEPreviewDeviceProfileSelector (194)
[2018.08.01-02.01.32:745][105]LogModuleManager: Shutting down and abandoning module WindowsMoviePlayer (192)
[2018.08.01-02.01.32:745][105]LogModuleManager: Shutting down and abandoning module WmfMedia (190)
[2018.08.01-02.01.32:746][105]LogModuleManager: Shutting down and abandoning module Media (189)
[2018.08.01-02.01.32:752][105]LogModuleManager: Shutting down and abandoning module PacketHandler (186)
[2018.08.01-02.01.32:753][105]LogModuleManager: Shutting down and abandoning module ClothingSystemEditor (184)
[2018.08.01-02.01.32:753][105]LogModuleManager: Shutting down and abandoning module ClothingSystemRuntime (182)
[2018.08.01-02.01.32:753][105]LogModuleManager: Shutting down and abandoning module MediaAssets (180)
[2018.08.01-02.01.32:753][105]LogModuleManager: Shutting down and abandoning module Overlay (178)
[2018.08.01-02.01.32:753][105]LogModuleManager: Shutting down and abandoning module OverlayEditor (177)
[2018.08.01-02.01.32:753][105]LogModuleManager: Shutting down and abandoning module VREditor (174)
[2018.08.01-02.01.32:753][105]LogModuleManager: Shutting down and abandoning module StringTableEditor (172)
[2018.08.01-02.01.32:753][105]LogModuleManager: Shutting down and abandoning module GameplayTasksEditor (170)
[2018.08.01-02.01.32:753][105]LogModuleManager: Shutting down and abandoning module BehaviorTreeEditor (168)
[2018.08.01-02.01.32:753][105]LogModuleManager: Shutting down and abandoning module FunctionalTesting (166)
[2018.08.01-02.01.32:753][105]LogModuleManager: Shutting down and abandoning module CollisionAnalyzer (164)
[2018.08.01-02.01.32:753][105]LogModuleManager: Shutting down and abandoning module WorkspaceMenuStructure (163)
[2018.08.01-02.01.32:753][105]LogModuleManager: Shutting down and abandoning module UMG (160)
[2018.08.01-02.01.32:753][105]LogModuleManager: Shutting down and abandoning module UMGEditor (159)
[2018.08.01-02.01.32:753][105]LogModuleManager: Shutting down and abandoning module Sequencer (158)
[2018.08.01-02.01.32:753][105]LogModuleManager: Shutting down and abandoning module MessageLog (155)
[2018.08.01-02.01.32:753][105]LogModuleManager: Shutting down and abandoning module SlateReflector (150)
[2018.08.01-02.01.32:753][105]LogModuleManager: Shutting down and abandoning module Slate (148)
[2018.08.01-02.01.32:753][105]LogModuleManager: Shutting down and abandoning module EditorStyle (146)
[2018.08.01-02.01.32:754][105]LogModuleManager: Shutting down and abandoning module MRMesh (144)
[2018.08.01-02.01.32:754][105]LogModuleManager: Shutting down and abandoning module Messaging (142)
[2018.08.01-02.01.32:754][105]LogModuleManager: Shutting down and abandoning module SourceCodeAccess (140)
[2018.08.01-02.01.32:754][105]LogModuleManager: Shutting down and abandoning module HeadMountedDisplay (138)
[2018.08.01-02.01.32:755][105]LogModuleManager: Shutting down and abandoning module XAudio2 (136)
[2018.08.01-02.01.32:755][105]LogModuleManager: Shutting down and abandoning module Networking (134)
[2018.08.01-02.01.32:755][105]LogModuleManager: Shutting down and abandoning module Core (132)
[2018.08.01-02.01.32:755][105]LogModuleManager: Shutting down and abandoning module LevelSequence (130)
[2018.08.01-02.01.32:755][105]LogModuleManager: Shutting down and abandoning module KismetCompiler (128)
[2018.08.01-02.01.32:755][105]LogModuleManager: Shutting down and abandoning module MeshUtilities (126)
[2018.08.01-02.01.32:755][105]LogModuleManager: Shutting down and abandoning module MeshMergeUtilities (125)
[2018.08.01-02.01.32:755][105]LogModuleManager: Shutting down and abandoning module MeshReductionInterface (124)
[2018.08.01-02.01.32:755][105]LogModuleManager: Shutting down and abandoning module SimplygonSwarm (123)
[2018.08.01-02.01.32:755][105]LogModuleManager: Shutting down and abandoning module SimplygonMeshReduction (121)
[2018.08.01-02.01.32:755][105]LogModuleManager: Shutting down and abandoning module QuadricMeshReduction (119)
[2018.08.01-02.01.32:755][105]LogModuleManager: Shutting down and abandoning module MaterialBaking (115)
[2018.08.01-02.01.32:755][105]LogModuleManager: Shutting down and abandoning module DerivedDataCache (110)
[2018.08.01-02.01.33:056][105]LogDerivedDataCache: Shutdown
[2018.08.01-02.01.33:056][105]LogModuleManager: Shutting down and abandoning module XGEController (108)
[2018.08.01-02.01.33:056][105]LogModuleManager: Shutting down and abandoning module TargetPlatform (106)
[2018.08.01-02.01.33:056][105]LogModuleManager: Shutting down and abandoning module VulkanShaderFormat (105)
[2018.08.01-02.01.33:056][105]LogModuleManager: Shutting down and abandoning module ShaderFormatVectorVM (103)
[2018.08.01-02.01.33:056][105]LogModuleManager: Shutting down and abandoning module ShaderFormatOpenGL (101)
[2018.08.01-02.01.33:056][105]LogModuleManager: Shutting down and abandoning module ShaderFormatD3D (99)
[2018.08.01-02.01.33:056][105]LogModuleManager: Shutting down and abandoning module MetalShaderFormat (97)
[2018.08.01-02.01.33:056][105]LogModuleManager: Shutting down and abandoning module TextureFormatUncompressed (95)
[2018.08.01-02.01.33:056][105]LogModuleManager: Shutting down and abandoning module TextureFormatPVR (93)
[2018.08.01-02.01.33:056][105]LogModuleManager: Shutting down and abandoning module TextureFormatDXT (91)
[2018.08.01-02.01.33:056][105]LogModuleManager: Shutting down and abandoning module TextureFormatIntelISPCTexComp (89)
[2018.08.01-02.01.33:056][105]LogModuleManager: Shutting down and abandoning module TextureFormatASTC (87)
[2018.08.01-02.01.33:056][105]LogModuleManager: Shutting down and abandoning module ImageWrapper (86)
[2018.08.01-02.01.33:056][105]LogModuleManager: Shutting down and abandoning module TextureFormatAndroid (83)
[2018.08.01-02.01.33:056][105]LogModuleManager: Shutting down and abandoning module AudioFormatOpus (81)
[2018.08.01-02.01.33:056][105]LogModuleManager: Shutting down and abandoning module AudioFormatOgg (79)
[2018.08.01-02.01.33:056][105]LogModuleManager: Shutting down and abandoning module AudioFormatADPCM (77)
[2018.08.01-02.01.33:056][105]LogModuleManager: Shutting down and abandoning module WindowsTargetPlatform (75)
[2018.08.01-02.01.33:056][105]LogModuleManager: Shutting down and abandoning module WindowsServerTargetPlatform (73)
[2018.08.01-02.01.33:056][105]LogModuleManager: Shutting down and abandoning module WindowsNoEditorTargetPlatform (71)
[2018.08.01-02.01.33:056][105]LogModuleManager: Shutting down and abandoning module WindowsClientTargetPlatform (69)
[2018.08.01-02.01.33:056][105]LogModuleManager: Shutting down and abandoning module InputCore (66)
[2018.08.01-02.01.33:056][105]LogModuleManager: Shutting down and abandoning module Settings (64)
[2018.08.01-02.01.33:056][105]LogModuleManager: Shutting down and abandoning module PhysXCooking (62)
[2018.08.01-02.01.33:057][105]LogModuleManager: Shutting down and abandoning module SteamVR (60)
[2018.08.01-02.01.33:057][105]LogModuleManager: Shutting down and abandoning module OculusHMD (58)
[2018.08.01-02.01.33:057][105]LogModuleManager: Shutting down and abandoning module ExampleDeviceProfileSelector (56)
[2018.08.01-02.01.33:057][105]LogModuleManager: Shutting down and abandoning module AppleARKit (54)
[2018.08.01-02.01.33:057][105]LogModuleManager: Shutting down and abandoning module AugmentedReality (51)
[2018.08.01-02.01.33:057][105]LogModuleManager: Shutting down and abandoning module OnlineBlueprintSupport (48)
[2018.08.01-02.01.33:057][105]LogModuleManager: Shutting down and abandoning module OnlineSubsystem (44)
[2018.08.01-02.01.33:057][105]LogModuleManager: Shutting down and abandoning module XMPP (43)
[2018.08.01-02.01.33:057][105]LogModuleManager: Shutting down and abandoning module HTTP (41)
[2018.08.01-02.01.33:062][105]LogModuleManager: Shutting down and abandoning module SSL (40)
[2018.08.01-02.01.33:063][105]LogModuleManager: Shutting down and abandoning module AnimationModifiers (36)
[2018.08.01-02.01.33:063][105]LogModuleManager: Shutting down and abandoning module PropertyEditor (35)
[2018.08.01-02.01.33:063][105]LogModuleManager: Shutting down and abandoning module AudioEditor (32)
[2018.08.01-02.01.33:063][105]LogModuleManager: Shutting down and abandoning module TextureCompressor (30)
[2018.08.01-02.01.33:063][105]LogModuleManager: Shutting down and abandoning module ShaderCore (28)
[2018.08.01-02.01.33:063][105]LogModuleManager: Shutting down and abandoning module Landscape (26)
[2018.08.01-02.01.33:063][105]LogModuleManager: Shutting down and abandoning module SlateRHIRenderer (24)
[2018.08.01-02.01.33:064][105]LogModuleManager: Shutting down and abandoning module OpenGLDrv (22)
[2018.08.01-02.01.33:064][105]LogModuleManager: Shutting down and abandoning module D3D11RHI (20)
[2018.08.01-02.01.33:064][105]LogModuleManager: Shutting down and abandoning module AnimGraphRuntime (18)
[2018.08.01-02.01.33:064][105]LogModuleManager: Shutting down and abandoning module Renderer (16)
[2018.08.01-02.01.33:064][105]LogModuleManager: Shutting down and abandoning module Engine (14)
[2018.08.01-02.01.33:064][105]LogModuleManager: Shutting down and abandoning module CoreUObject (12)
[2018.08.01-02.01.33:064][105]LogModuleManager: Shutting down and abandoning module NetworkFile (10)
[2018.08.01-02.01.33:064][105]LogModuleManager: Shutting down and abandoning module CookedIterativeFile (8)
[2018.08.01-02.01.33:064][105]LogModuleManager: Shutting down and abandoning module StreamingFile (6)
[2018.08.01-02.01.33:064][105]LogModuleManager: Shutting down and abandoning module SandboxFile (4)
[2018.08.01-02.01.33:064][105]LogModuleManager: Shutting down and abandoning module PakFile (2)
[2018.08.01-02.01.33:071][105]LogExit: Exiting.
[2018.08.01-02.01.33:073][105]Log file closed, 07/31/18 21:01:33
