Log file open, 07/23/18 14:09:22
LogWindows: Failed to load 'aqProf.dll' (GetLastError=126)
LogWindows: File 'aqProf.dll' does not exist
LogWindows: Failed to load 'VtuneApi.dll' (GetLastError=126)
LogWindows: File 'VtuneApi.dll' does not exist
LogWindows: Failed to load 'VtuneApi32e.dll' (GetLastError=126)
LogWindows: File 'VtuneApi32e.dll' does not exist
LogInit: Display: Running engine for game: BuildingEscape
LogPlatformFile: Not using cached read wrapper
LogInit: Display: RandInit(-1758843786) SRandInit(-1758843786).
LogInit: Read version file with build ID '3944462'
LogInit: Overriding engine version to CL 4033788, compatible CL 3944462
LogInit: Registered custom module enumerator with build ID '3944462'
LogTaskGraph: Started task graph with 5 named threads and 23 total threads with 3 sets of task threads.
LogStats: Stats thread started at 0.273468
LogD3D11RHI: Aftermath initialized
LogICUInternationalization: Display: ICU TimeZone Detection - Raw Offset: -6:00, Platform Override: ''
LogPluginManager: Mounting plugin Paper2D
LogPluginManager: Mounting plugin LiveLink
LogPluginManager: Mounting plugin LightPropagationVolume
LogPluginManager: Mounting plugin CLionSourceCodeAccess
LogPluginManager: Mounting plugin CodeLiteSourceCodeAccess
LogPluginManager: Mounting plugin GitSourceControl
LogPluginManager: Mounting plugin KDevelopSourceCodeAccess
LogPluginManager: Mounting plugin NullSourceCodeAccess
LogPluginManager: Mounting plugin PerforceSourceControl
LogPluginManager: Mounting plugin SubversionSourceControl
LogPluginManager: Mounting plugin UObjectPlugin
LogPluginManager: Mounting plugin VisualStudioCodeSourceCodeAccess
LogPluginManager: Mounting plugin VisualStudioSourceCodeAccess
LogPluginManager: Mounting plugin XCodeSourceCodeAccess
LogPluginManager: Mounting plugin AssetManagerEditor
LogPluginManager: Mounting plugin CryptoKeys
LogPluginManager: Mounting plugin DataValidation
LogPluginManager: Mounting plugin FacialAnimation
LogPluginManager: Mounting plugin GameplayTagsEditor
LogPluginManager: Mounting plugin MobileLauncherProfileWizard
LogPluginManager: Mounting plugin PluginBrowser
LogPluginManager: Mounting plugin SpeedTreeImporter
LogPluginManager: Mounting plugin DatasmithContent
LogPluginManager: Mounting plugin AlembicImporter
LogPluginManager: Mounting plugin CharacterAI
LogPluginManager: Mounting plugin HTML5Networking
LogPluginManager: Mounting plugin AndroidMedia
LogPluginManager: Mounting plugin AvfMedia
LogPluginManager: Mounting plugin ImgMedia
LogPluginManager: Mounting plugin LinearTimecode
LogPluginManager: Mounting plugin MediaCompositing
LogPluginManager: Mounting plugin MediaPlayerEditor
LogPluginManager: Mounting plugin WmfMedia
LogPluginManager: Mounting plugin TcpMessaging
LogPluginManager: Mounting plugin UdpMessaging
LogPluginManager: Mounting plugin ActorSequence
LogPluginManager: Mounting plugin LevelSequenceEditor
LogPluginManager: Mounting plugin MatineeToLevelSequence
LogPluginManager: Mounting plugin NetcodeUnitTest
LogPluginManager: Mounting plugin NUTUnrealEngine4
LogPluginManager: Mounting plugin OnlineSubsystemGooglePlay
LogPluginManager: Mounting plugin OnlineSubsystemIOS
LogPluginManager: Mounting plugin OnlineSubsystem
LogPluginManager: Mounting plugin OnlineSubsystemNull
LogPluginManager: Mounting plugin OnlineSubsystemUtils
LogPluginManager: Mounting plugin AndroidDeviceProfileSelector
LogPluginManager: Mounting plugin AndroidMoviePlayer
LogPluginManager: Mounting plugin AndroidPermission
LogPluginManager: Mounting plugin AppleARKit
LogPluginManager: Mounting plugin AppleMoviePlayer
LogPluginManager: Mounting plugin ArchVisCharacter
LogPluginManager: Mounting plugin AudioCapture
LogPluginManager: Mounting plugin CableComponent
LogPluginManager: Mounting plugin CustomMeshComponent
LogPluginManager: Mounting plugin ExampleDeviceProfileSelector
LogPluginManager: Mounting plugin GoogleCloudMessaging
LogPluginManager: Mounting plugin ImmediatePhysics
LogPluginManager: Mounting plugin IOSDeviceProfileSelector
LogPluginManager: Mounting plugin LinuxDeviceProfileSelector
LogPluginManager: Mounting plugin LocationServicesBPLibrary
LogPluginManager: Mounting plugin MobilePatchingUtils
LogPluginManager: Mounting plugin OculusVR
LogPluginManager: Plugin shader directory ../../../Engine/Plugins/Runtime/Oculus/OculusVR/Shaders found
LogPluginManager: Mapping shader source directory ../../../Engine/Plugins/Runtime/Oculus/OculusVR/Shaders to virtual directory /Plugin/OculusVR
LogPluginManager: Mounting plugin PhysXVehicles
LogPluginManager: Mounting plugin ProceduralMeshComponent
LogPluginManager: Mounting plugin RuntimePhysXCooking
LogPluginManager: Mounting plugin SteamVR
LogPluginManager: Mounting plugin WindowsMoviePlayer
LogStreaming: Display: Took  0.151s to configure plugins.
LogModuleManager: Display: Found up-to-date module file ../../../../../../2018_Class_Content/Unreal_And_C++/Section_03/UE4_Building-Escape/BuildingEscape/Binaries/Win64/UE4Editor-BuildingEscape.dll (API version 3944462).
LogModuleManager: Display: Found up-to-date module file ../../../Engine/Plugins/2D/Paper2D/Binaries/Win64/UE4Editor-Paper2D.dll (API version 3944462).
LogModuleManager: Display: Found up-to-date module file ../../../Engine/Plugins/2D/Paper2D/Binaries/Win64/UE4Editor-Paper2DEditor.dll (API version 3944462).
LogModuleManager: Display: Found up-to-date module file ../../../Engine/Plugins/2D/Paper2D/Binaries/Win64/UE4Editor-PaperSpriteSheetImporter.dll (API version 3944462).
LogModuleManager: Display: Found up-to-date module file ../../../Engine/Plugins/2D/Paper2D/Binaries/Win64/UE4Editor-PaperTiledImporter.dll (API version 3944462).
LogModuleManager: Display: Found up-to-date module file ../../../Engine/Plugins/2D/Paper2D/Binaries/Win64/UE4Editor-SmartSnapping.dll (API version 3944462).
LogModuleManager: Display: Found up-to-date module file ../../../Engine/Plugins/Animation/LiveLink/Binaries/Win64/UE4Editor-LiveLink.dll (API version 3944462).
LogModuleManager: Display: Found up-to-date module file ../../../Engine/Plugins/Animation/LiveLink/Binaries/Win64/UE4Editor-LiveLinkEditor.dll (API version 3944462).
LogModuleManager: Display: Found up-to-date module file ../../../Engine/Plugins/Blendables/LightPropagationVolume/Binaries/Win64/UE4Editor-LightPropagationVolumeRuntime.dll (API version 3944462).
LogModuleManager: Display: Found up-to-date module file ../../../Engine/Plugins/Blendables/LightPropagationVolume/Binaries/Win64/UE4Editor-LightPropagationVolumeEditor.dll (API version 3944462).
LogModuleManager: Display: Found up-to-date module file ../../../Engine/Plugins/Developer/CLionSourceCodeAccess/Binaries/Win64/UE4Editor-CLionSourceCodeAccess.dll (API version 3944462).
LogModuleManager: Display: Found up-to-date module file ../../../Engine/Plugins/Developer/GitSourceControl/Binaries/Win64/UE4Editor-GitSourceControl.dll (API version 3944462).
LogModuleManager: Display: Found up-to-date module file ../../../Engine/Plugins/Developer/PerforceSourceControl/Binaries/Win64/UE4Editor-PerforceSourceControl.dll (API version 3944462).
LogModuleManager: Display: Found up-to-date module file ../../../Engine/Plugins/Developer/SubversionSourceControl/Binaries/Win64/UE4Editor-SubversionSourceControl.dll (API version 3944462).
LogModuleManager: Display: Found up-to-date module file ../../../Engine/Plugins/Developer/UObjectPlugin/Binaries/Win64/UE4Editor-UObjectPlugin.dll (API version 3944462).
LogModuleManager: Display: Found up-to-date module file ../../../Engine/Plugins/Developer/VisualStudioCodeSourceCodeAccess/Binaries/Win64/UE4Editor-VisualStudioCodeSourceCodeAccess.dll (API version 3944462).
LogModuleManager: Display: Found up-to-date module file ../../../Engine/Plugins/Developer/VisualStudioSourceCodeAccess/Binaries/Win64/UE4Editor-VisualStudioSourceCodeAccess.dll (API version 3944462).
LogModuleManager: Display: Found up-to-date module file ../../../Engine/Plugins/Editor/AssetManagerEditor/Binaries/Win64/UE4Editor-AssetManagerEditor.dll (API version 3944462).
LogModuleManager: Display: Found up-to-date module file ../../../Engine/Plugins/Editor/CryptoKeys/Binaries/Win64/UE4Editor-CryptoKeys.dll (API version 3944462).
LogModuleManager: Display: Found up-to-date module file ../../../Engine/Plugins/Editor/CryptoKeys/Binaries/Win64/UE4Editor-CryptoKeysOpenSSL.dll (API version 3944462).
LogModuleManager: Display: Found up-to-date module file ../../../Engine/Plugins/Editor/DataValidation/Binaries/Win64/UE4Editor-DataValidation.dll (API version 3944462).
LogModuleManager: Display: Found up-to-date module file ../../../Engine/Plugins/Editor/FacialAnimation/Binaries/Win64/UE4Editor-FacialAnimation.dll (API version 3944462).
LogModuleManager: Display: Found up-to-date module file ../../../Engine/Plugins/Editor/FacialAnimation/Binaries/Win64/UE4Editor-FacialAnimationEditor.dll (API version 3944462).
LogModuleManager: Display: Found up-to-date module file ../../../Engine/Plugins/Editor/GameplayTagsEditor/Binaries/Win64/UE4Editor-GameplayTagsEditor.dll (API version 3944462).
LogModuleManager: Display: Found up-to-date module file ../../../Engine/Plugins/Editor/MobileLauncherProfileWizard/Binaries/Win64/UE4Editor-MobileLauncherProfileWizard.dll (API version 3944462).
LogModuleManager: Display: Found up-to-date module file ../../../Engine/Plugins/Editor/PluginBrowser/Binaries/Win64/UE4Editor-PluginBrowser.dll (API version 3944462).
LogModuleManager: Display: Found up-to-date module file ../../../Engine/Plugins/Editor/SpeedTreeImporter/Binaries/Win64/UE4Editor-SpeedTreeImporter.dll (API version 3944462).
LogModuleManager: Display: Found up-to-date module file ../../../Engine/Plugins/Enterprise/DatasmithContent/Binaries/Win64/UE4Editor-DatasmithContent.dll (API version 3944462).
LogModuleManager: Display: Found up-to-date module file ../../../Engine/Plugins/Experimental/AlembicImporter/Binaries/Win64/UE4Editor-AlembicImporter.dll (API version 3944462).
LogModuleManager: Display: Found up-to-date module file ../../../Engine/Plugins/Experimental/AlembicImporter/Binaries/Win64/UE4Editor-AlembicLibrary.dll (API version 3944462).
LogModuleManager: Display: Found up-to-date module file ../../../Engine/Plugins/Experimental/CharacterAI/Binaries/Win64/UE4Editor-CharacterAI.dll (API version 3944462).
LogModuleManager: Display: Found up-to-date module file ../../../Engine/Plugins/Experimental/HTML5Networking/Binaries/Win64/UE4Editor-HTML5Networking.dll (API version 3944462).
LogModuleManager: Display: Found up-to-date module file ../../../Engine/Plugins/Media/AndroidMedia/Binaries/Win64/UE4Editor-AndroidMediaEditor.dll (API version 3944462).
LogModuleManager: Display: Found up-to-date module file ../../../Engine/Plugins/Media/AndroidMedia/Binaries/Win64/UE4Editor-AndroidMediaFactory.dll (API version 3944462).
LogModuleManager: Display: Found up-to-date module file ../../../Engine/Plugins/Media/AvfMedia/Binaries/Win64/UE4Editor-AvfMediaEditor.dll (API version 3944462).
LogModuleManager: Display: Found up-to-date module file ../../../Engine/Plugins/Media/AvfMedia/Binaries/Win64/UE4Editor-AvfMediaFactory.dll (API version 3944462).
LogModuleManager: Display: Found up-to-date module file ../../../Engine/Plugins/Media/AvfMedia/Binaries/Win64/UE4Editor-AvfMediaFactory.dll (API version 3944462).
LogModuleManager: Display: Found up-to-date module file ../../../Engine/Plugins/Media/ImgMedia/Binaries/Win64/UE4Editor-ImgMedia.dll (API version 3944462).
LogModuleManager: Display: Found up-to-date module file ../../../Engine/Plugins/Media/ImgMedia/Binaries/Win64/UE4Editor-ImgMediaEditor.dll (API version 3944462).
LogModuleManager: Display: Found up-to-date module file ../../../Engine/Plugins/Media/ImgMedia/Binaries/Win64/UE4Editor-ImgMediaFactory.dll (API version 3944462).
LogModuleManager: Display: Found up-to-date module file ../../../Engine/Plugins/Media/ImgMedia/Binaries/Win64/UE4Editor-ImgMediaFactory.dll (API version 3944462).
LogModuleManager: Display: Found up-to-date module file ../../../Engine/Plugins/Media/ImgMedia/Binaries/Win64/UE4Editor-OpenExrWrapper.dll (API version 3944462).
LogModuleManager: Display: Found up-to-date module file ../../../Engine/Plugins/Media/LinearTimecode/Binaries/Win64/UE4Editor-LinearTimecode.dll (API version 3944462).
LogModuleManager: Display: Found up-to-date module file ../../../Engine/Plugins/Media/MediaCompositing/Binaries/Win64/UE4Editor-MediaCompositing.dll (API version 3944462).
LogModuleManager: Display: Found up-to-date module file ../../../Engine/Plugins/Media/MediaCompositing/Binaries/Win64/UE4Editor-MediaCompositingEditor.dll (API version 3944462).
LogModuleManager: Display: Found up-to-date module file ../../../Engine/Plugins/Media/MediaPlayerEditor/Binaries/Win64/UE4Editor-MediaPlayerEditor.dll (API version 3944462).
LogModuleManager: Display: Found up-to-date module file ../../../Engine/Plugins/Media/WmfMedia/Binaries/Win64/UE4Editor-WmfMedia.dll (API version 3944462).
LogModuleManager: Display: Found up-to-date module file ../../../Engine/Plugins/Media/WmfMedia/Binaries/Win64/UE4Editor-WmfMediaEditor.dll (API version 3944462).
LogModuleManager: Display: Found up-to-date module file ../../../Engine/Plugins/Media/WmfMedia/Binaries/Win64/UE4Editor-WmfMediaFactory.dll (API version 3944462).
LogModuleManager: Display: Found up-to-date module file ../../../Engine/Plugins/Media/WmfMedia/Binaries/Win64/UE4Editor-WmfMediaFactory.dll (API version 3944462).
LogModuleManager: Display: Found up-to-date module file ../../../Engine/Plugins/Messaging/TcpMessaging/Binaries/Win64/UE4Editor-TcpMessaging.dll (API version 3944462).
LogModuleManager: Display: Found up-to-date module file ../../../Engine/Plugins/Messaging/UdpMessaging/Binaries/Win64/UE4Editor-UdpMessaging.dll (API version 3944462).
LogModuleManager: Display: Found up-to-date module file ../../../Engine/Plugins/MovieScene/ActorSequence/Binaries/Win64/UE4Editor-ActorSequence.dll (API version 3944462).
LogModuleManager: Display: Found up-to-date module file ../../../Engine/Plugins/MovieScene/LevelSequenceEditor/Binaries/Win64/UE4Editor-LevelSequenceEditor.dll (API version 3944462).
LogModuleManager: Display: Found up-to-date module file ../../../Engine/Plugins/MovieScene/MatineeToLevelSequence/Binaries/Win64/UE4Editor-MatineeToLevelSequence.dll (API version 3944462).
LogModuleManager: Display: Found up-to-date module file ../../../Engine/Plugins/NetcodeUnitTest/NetcodeUnitTest/Binaries/Win64/UE4Editor-NetcodeUnitTest.dll (API version 3944462).
LogModuleManager: Display: Found up-to-date module file ../../../Engine/Plugins/NetcodeUnitTest/NUTUnrealEngine4/Binaries/Win64/UE4Editor-NUTUnrealEngine4.dll (API version 3944462).
LogModuleManager: Display: Found up-to-date module file ../../../Engine/Plugins/Online/OnlineSubsystem/Binaries/Win64/UE4Editor-OnlineSubsystem.dll (API version 3944462).
LogModuleManager: Display: Found up-to-date module file ../../../Engine/Plugins/Online/OnlineSubsystemNull/Binaries/Win64/UE4Editor-OnlineSubsystemNull.dll (API version 3944462).
LogModuleManager: Display: Found up-to-date module file ../../../Engine/Plugins/Online/OnlineSubsystemUtils/Binaries/Win64/UE4Editor-OnlineSubsystemUtils.dll (API version 3944462).
LogModuleManager: Display: Found up-to-date module file ../../../Engine/Plugins/Online/OnlineSubsystemUtils/Binaries/Win64/UE4Editor-OnlineBlueprintSupport.dll (API version 3944462).
LogModuleManager: Display: Found up-to-date module file ../../../Engine/Plugins/Runtime/AndroidDeviceProfileSelector/Binaries/Win64/UE4Editor-AndroidDeviceProfileSelector.dll (API version 3944462).
LogModuleManager: Display: Found up-to-date module file ../../../Engine/Plugins/Runtime/AndroidPermission/Binaries/Win64/UE4Editor-AndroidPermission.dll (API version 3944462).
LogModuleManager: Display: Found up-to-date module file ../../../Engine/Plugins/Runtime/AppleARKit/Binaries/Win64/UE4Editor-AppleARKit.dll (API version 3944462).
LogModuleManager: Display: Found up-to-date module file ../../../Engine/Plugins/Runtime/ArchVisCharacter/Binaries/Win64/UE4Editor-ArchVisCharacter.dll (API version 3944462).
LogModuleManager: Display: Found up-to-date module file ../../../Engine/Plugins/Runtime/AudioCapture/Binaries/Win64/UE4Editor-AudioCapture.dll (API version 3944462).
LogModuleManager: Display: Found up-to-date module file ../../../Engine/Plugins/Runtime/AudioCapture/Binaries/Win64/UE4Editor-AudioCaptureEditor.dll (API version 3944462).
LogModuleManager: Display: Found up-to-date module file ../../../Engine/Plugins/Runtime/CableComponent/Binaries/Win64/UE4Editor-CableComponent.dll (API version 3944462).
LogModuleManager: Display: Found up-to-date module file ../../../Engine/Plugins/Runtime/CustomMeshComponent/Binaries/Win64/UE4Editor-CustomMeshComponent.dll (API version 3944462).
LogModuleManager: Display: Found up-to-date module file ../../../Engine/Plugins/Runtime/ExampleDeviceProfileSelector/Binaries/Win64/UE4Editor-ExampleDeviceProfileSelector.dll (API version 3944462).
LogModuleManager: Display: Found up-to-date module file ../../../Engine/Plugins/Runtime/ImmediatePhysics/Binaries/Win64/UE4Editor-ImmediatePhysics.dll (API version 3944462).
LogModuleManager: Display: Found up-to-date module file ../../../Engine/Plugins/Runtime/ImmediatePhysics/Binaries/Win64/UE4Editor-ImmediatePhysicsEditor.dll (API version 3944462).
LogModuleManager: Display: Found up-to-date module file ../../../Engine/Plugins/Runtime/LocationServicesBPLibrary/Binaries/Win64/UE4Editor-LocationServicesBPLibrary.dll (API version 3944462).
LogModuleManager: Display: Found up-to-date module file ../../../Engine/Plugins/Runtime/MobilePatchingUtils/Binaries/Win64/UE4Editor-MobilePatchingUtils.dll (API version 3944462).
LogModuleManager: Display: Found up-to-date module file ../../../Engine/Plugins/Runtime/Oculus/OculusVR/Binaries/Win64/UE4Editor-OculusHMD.dll (API version 3944462).
LogModuleManager: Display: Found up-to-date module file ../../../Engine/Plugins/Runtime/Oculus/OculusVR/Binaries/Win64/UE4Editor-OculusInput.dll (API version 3944462).
LogModuleManager: Display: Found up-to-date module file ../../../Engine/Plugins/Runtime/Oculus/OculusVR/Binaries/Win64/UE4Editor-OculusEditor.dll (API version 3944462).
LogModuleManager: Display: Found up-to-date module file ../../../Engine/Plugins/Runtime/PhysXVehicles/Binaries/Win64/UE4Editor-PhysXVehicles.dll (API version 3944462).
LogModuleManager: Display: Found up-to-date module file ../../../Engine/Plugins/Runtime/PhysXVehicles/Binaries/Win64/UE4Editor-PhysXVehiclesEditor.dll (API version 3944462).
LogModuleManager: Display: Found up-to-date module file ../../../Engine/Plugins/Runtime/ProceduralMeshComponent/Binaries/Win64/UE4Editor-ProceduralMeshComponent.dll (API version 3944462).
LogModuleManager: Display: Found up-to-date module file ../../../Engine/Plugins/Runtime/ProceduralMeshComponent/Binaries/Win64/UE4Editor-ProceduralMeshComponentEditor.dll (API version 3944462).
LogModuleManager: Display: Found up-to-date module file ../../../Engine/Plugins/Runtime/RuntimePhysXCooking/Binaries/Win64/UE4Editor-RuntimePhysXCooking.dll (API version 3944462).
LogModuleManager: Display: Found up-to-date module file ../../../Engine/Plugins/Runtime/Steam/SteamVR/Binaries/Win64/UE4Editor-SteamVR.dll (API version 3944462).
LogModuleManager: Display: Found up-to-date module file ../../../Engine/Plugins/Runtime/Steam/SteamVR/Binaries/Win64/UE4Editor-SteamVRController.dll (API version 3944462).
LogModuleManager: Display: Found up-to-date module file ../../../Engine/Plugins/Runtime/WindowsMoviePlayer/Binaries/Win64/UE4Editor-WindowsMoviePlayer.dll (API version 3944462).
LogInit: Using libcurl 7.47.1
LogInit:  - built for x86_64-pc-win32
LogInit:  - supports SSL with OpenSSL/1.0.2g
LogInit:  - supports HTTP deflate (compression) using libz 1.2.8
LogInit:  - other features:
LogInit:      CURL_VERSION_SSL
LogInit:      CURL_VERSION_LIBZ
LogInit:      CURL_VERSION_IPV6
LogInit:      CURL_VERSION_ASYNCHDNS
LogInit:      CURL_VERSION_LARGEFILE
LogInit:      CURL_VERSION_IDN
LogInit:  CurlRequestOptions (configurable via config and command line):
LogInit:  - bVerifyPeer = false  - Libcurl will NOT verify peer certificate
LogInit:  - bUseHttpProxy = false  - Libcurl will NOT use HTTP proxy
LogInit:  - bDontReuseConnections = false  - Libcurl will reuse connections
LogInit:  - CertBundlePath = nullptr  - Libcurl will use whatever was configured at build time.
LogInit:  - MaxHostConnections = 16  - Libcurl will limit the number of connections to a host
LogInit:  - LocalHostAddr = Default
LogInit: WinSock: version 1.1 (2.2), MaxSocks=32767, MaxUdp=65467
LogInit: WinSock: I am DESKTOP-72G2J6N (192.168.1.19:0)
LogInit: Build: ++UE4+Release-4.19-CL-4033788
LogInit: Engine Version: 4.19.2-4033788+++UE4+Release-4.19
LogInit: Compatible Engine Version: 4.19.0-3944462+++UE4+Release-4.19
LogInit: Net CL: 3944462
LogDevObjectVersion: Number of dev versions registered: 18
LogDevObjectVersion:   Dev-Blueprints (B0D832E4-1F89-4F0D-ACCF-7EB736FD4AA2): 10
LogDevObjectVersion:   Dev-Build (E1C64328-A22C-4D53-A36C-8E866417BD8C): 0
LogDevObjectVersion:   Dev-Core (375EC13C-06E4-48FB-B500-84F0262A717E): 2
LogDevObjectVersion:   Dev-Editor (E4B068ED-F494-42E9-A231-DA0B2E46BB41): 23
LogDevObjectVersion:   Dev-Framework (CFFC743F-43B0-4480-9391-14DF171D2073): 33
LogDevObjectVersion:   Dev-Mobile (B02B49B5-BB20-44E9-A304-32B752E40360): 2
LogDevObjectVersion:   Dev-Networking (A4E4105C-59A1-49B5-A7C5-40C4547EDFEE): 0
LogDevObjectVersion:   Dev-Online (39C831C9-5AE6-47DC-9A44-9C173E1C8E7C): 0
LogDevObjectVersion:   Dev-Physics (78F01B33-EBEA-4F98-B9B4-84EACCB95AA2): 0
LogDevObjectVersion:   Dev-Platform (6631380F-2D4D-43E0-8009-CF276956A95A): 0
LogDevObjectVersion:   Dev-Rendering (12F88B9F-8875-4AFC-A67C-D90C383ABD29): 25
LogDevObjectVersion:   Dev-Sequencer (7B5AE74C-D270-4C10-A958-57980B212A5A): 6
LogDevObjectVersion:   Dev-VR (D7296918-1DD6-4BDD-9DE2-64A83CC13884): 1
LogDevObjectVersion:   Dev-LoadTimes (C2A15278-BFE7-4AFE-6C17-90FF531DF755): 1
LogDevObjectVersion:   Private-Geometry (6EACA3D4-40EC-4CC1-B786-8BED09428FC5): 2
LogDevObjectVersion:   Dev-AnimPhys (29E575DD-E0A3-4627-9D10-D276232CDCEA): 16
LogDevObjectVersion:   Dev-ReflectionCapture (6B266CEC-1EC7-4B8F-A30B-E4D90942FC07): 1
LogDevObjectVersion:   Dev-Automation (0DF73D61-A23F-47EA-B727-89E90C41499A): 1
LogInit: Compiled (64-bit): Apr 27 2018 02:06:57
LogInit: Compiled with Visual C++: 19.00.24215.01
LogInit: Build Configuration: Development
LogInit: Branch Name: ++UE4+Release-4.19
LogInit: Command Line: 
LogInit: Base Directory: D:/Epic Games/Unreal Engine/UE_4.19/Engine/Binaries/Win64/
LogInit: Installed Engine Build: 1
LogStreaming: Display: Took  0.001s to delete old logs.
LogInit: Presizing for max 8388607 objects, including 0 objects not considered by GC, pre-allocating 0 bytes for permanent pool.
LogInit: Object subsystem initialized
[2018.07.23-19.09.24:985][  0]LogInit: Selected Device Profile: [Windows]
[2018.07.23-19.09.24:985][  0]LogInit: Applying CVar settings loaded from the selected device profile: [Windows]
[2018.07.23-19.09.24:996][  0]LogInit: Computer: DESKTOP-72G2J6N
[2018.07.23-19.09.24:996][  0]LogInit: User: CaleCurry
[2018.07.23-19.09.24:996][  0]LogInit: CPU Page size=4096, Cores=4
[2018.07.23-19.09.24:996][  0]LogInit: High frequency timer resolution =2.835939 MHz
[2018.07.23-19.09.24:996][  0]LogMemory: Memory total: Physical=31.9GB (32GB approx)
[2018.07.23-19.09.24:996][  0]LogMemory: Platform Memory Stats for Windows
[2018.07.23-19.09.24:996][  0]LogMemory: Process Physical Memory: 274.25 MB used, 274.25 MB peak
[2018.07.23-19.09.24:996][  0]LogMemory: Process Virtual Memory: 264.80 MB used, 264.80 MB peak
[2018.07.23-19.09.24:996][  0]LogMemory: Physical Memory: 10344.20 MB used,  22293.27 MB free, 32637.47 MB total
[2018.07.23-19.09.24:996][  0]LogMemory: Virtual Memory: 4775.13 MB used,  22293.27 MB free, 134217728.00 MB total
[2018.07.23-19.09.25:024][  0]LogInit: Using OS detected language (en-US).
[2018.07.23-19.09.25:024][  0]LogInit: Using OS detected locale (en-US).
[2018.07.23-19.09.25:027][  0]LogTextLocalizationManager: No specific localization for 'en-US' exists, so the 'en' localization will be used.
[2018.07.23-19.09.25:426][  0]LogStreaming: Display: Took  0.402s to EndInitTextLocalization.
[2018.07.23-19.09.25:426][  0]LogInit: Setting process to per monitor DPI aware
[2018.07.23-19.09.25:469][  0]LogSlate: New Slate User Created.  User Index 0, Is Virtual User: 0
[2018.07.23-19.09.25:469][  0]LogSlate: Slate User Registered.  User Index 0, Is Virtual User: 0
[2018.07.23-19.09.25:717][  0]LogD3D11RHI: D3D11 adapters:
[2018.07.23-19.09.25:796][  0]LogD3D11RHI:    0. 'NVIDIA GeForce GTX 1080' (Feature Level 11_0)
[2018.07.23-19.09.25:796][  0]LogD3D11RHI:       8079/0/16318 MB DedicatedVideo/DedicatedSystem/SharedSystem, Outputs:1, VendorId:0x10de
[2018.07.23-19.09.25:807][  0]LogD3D11RHI:    1. 'Intel(R) HD Graphics 630' (Feature Level 11_0)
[2018.07.23-19.09.25:807][  0]LogD3D11RHI:       128/0/16318 MB DedicatedVideo/DedicatedSystem/SharedSystem, Outputs:0, VendorId:0x8086
[2018.07.23-19.09.25:809][  0]LogD3D11RHI:    2. 'Microsoft Basic Render Driver' (Feature Level 11_0)
[2018.07.23-19.09.25:809][  0]LogD3D11RHI:       0/0/16318 MB DedicatedVideo/DedicatedSystem/SharedSystem, Outputs:0, VendorId:0x1414
[2018.07.23-19.09.25:809][  0]LogD3D11RHI: Chosen D3D11 Adapter: 0
[2018.07.23-19.09.25:840][  0]LogD3D11RHI: Creating new Direct3DDevice
[2018.07.23-19.09.25:840][  0]LogD3D11RHI:     GPU DeviceId: 0x1ba0 (for the marketing name, search the web for "GPU Device Id")
[2018.07.23-19.09.25:840][  0]LogWindows: EnumDisplayDevices:
[2018.07.23-19.09.25:840][  0]LogWindows:    0. 'Intel(R) HD Graphics 630' (P:1 D:1)
[2018.07.23-19.09.25:840][  0]LogWindows:    1. 'Intel(R) HD Graphics 630' (P:0 D:0)
[2018.07.23-19.09.25:841][  0]LogWindows:    2. 'Intel(R) HD Graphics 630' (P:0 D:0)
[2018.07.23-19.09.25:841][  0]LogWindows:    3. 'NVIDIA GeForce GTX 1080' (P:0 D:0)
[2018.07.23-19.09.25:841][  0]LogWindows:    4. 'NVIDIA GeForce GTX 1080' (P:0 D:0)
[2018.07.23-19.09.25:841][  0]LogWindows:    5. 'NVIDIA GeForce GTX 1080' (P:0 D:0)
[2018.07.23-19.09.25:841][  0]LogWindows:    6. 'NVIDIA GeForce GTX 1080' (P:0 D:0)
[2018.07.23-19.09.25:841][  0]LogWindows: DebugString: GetVideoDriverDetailsInvalid PrimaryIsNotTheChoosenAdapter GetVideoDriverDetailsInvalid PrimaryIsNotTheChoosenAdapter GetVideoDriverDetailsInvalid PrimaryIsNotTheChoosenAdapter GetVideoDriverDetailsInvalid PrimaryIsNotTheChoosenAdapter GetVideoDriverDetailsInvalid PrimaryIsNotTheChoosenAdapter GetVideoDriverDetailsInvalid PrimaryIsNotTheChoosenAdapter GetVideoDriverDetailsInvalid PrimaryIsNotTheChoosenAdapter FoundDriverCount:0 
[2018.07.23-19.09.25:841][  0]LogD3D11RHI:     Adapter Name: NVIDIA GeForce GTX 1080
[2018.07.23-19.09.25:841][  0]LogD3D11RHI:   Driver Version: Unknown (internal:Unknown, unified:Unknown)
[2018.07.23-19.09.25:842][  0]LogD3D11RHI:      Driver Date: Unknown
[2018.07.23-19.09.25:842][  0]LogRHI: Texture pool is 5655 MB (70% of 8079 MB)
[2018.07.23-19.09.25:888][  0]LogD3D11RHI: [Aftermath] Aftermath enabled and primed
[2018.07.23-19.09.25:888][  0]LogD3D11RHI: [Aftermath] Aftermath enabled and primed
[2018.07.23-19.09.25:888][  0]LogD3D11RHI: Async texture creation enabled
[2018.07.23-19.09.25:906][  0]LogD3D11RHI: GPU Timing Frequency: 1000.000000 (Debug: 2 2)
[2018.07.23-19.09.25:908][  0]LogShaderCompilers: Guid format shader working directory is -47 characters bigger than the processId version (../../../../../../2018_Class_Content/Unreal_And_C++/Section_03/UE4_Building-Escape/BuildingEscape/Intermediate/Shaders/WorkingDirectory/54068/).
[2018.07.23-19.09.25:908][  0]LogShaderCompilers: Cleaned the shader compiler working directory 'C:/Users/Cale Curry/AppData/Local/Temp/UnrealShaderWorkingDir/78F7C81745C91EA4D426B4922527C55F/'.
[2018.07.23-19.09.26:177][  0]LogTemp: Display: Loaded TP AllDesktopTargetPlatform
[2018.07.23-19.09.26:190][  0]LogTemp: Display: Loaded TP MacClientTargetPlatform
[2018.07.23-19.09.26:203][  0]LogTemp: Display: Loaded TP MacNoEditorTargetPlatform
[2018.07.23-19.09.26:218][  0]LogTemp: Display: Loaded TP MacServerTargetPlatform
[2018.07.23-19.09.26:237][  0]LogTemp: Display: Loaded TP MacTargetPlatform
[2018.07.23-19.09.26:250][  0]LogTemp: Display: Loaded TP WindowsClientTargetPlatform
[2018.07.23-19.09.26:263][  0]LogTemp: Display: Loaded TP WindowsNoEditorTargetPlatform
[2018.07.23-19.09.26:277][  0]LogTemp: Display: Loaded TP WindowsServerTargetPlatform
[2018.07.23-19.09.26:284][  0]LogTemp: Display: Loaded TP WindowsTargetPlatform
[2018.07.23-19.09.26:295][  0]LogTemp: Display: Loaded TP Android_ASTCTargetPlatform
[2018.07.23-19.09.26:307][  0]LogTemp: Display: Loaded TP Android_ATCTargetPlatform
[2018.07.23-19.09.26:319][  0]LogTemp: Display: Loaded TP Android_DXTTargetPlatform
[2018.07.23-19.09.26:331][  0]LogTemp: Display: Loaded TP Android_ETC1aTargetPlatform
[2018.07.23-19.09.26:342][  0]LogTemp: Display: Loaded TP Android_ETC1TargetPlatform
[2018.07.23-19.09.26:353][  0]LogTemp: Display: Loaded TP Android_ETC2TargetPlatform
[2018.07.23-19.09.26:378][  0]LogTemp: Display: Loaded TP Android_MultiTargetPlatform
[2018.07.23-19.09.26:378][  0]LogTemp: Display: Loaded TP Android_PVRTCTargetPlatform
[2018.07.23-19.09.26:390][  0]LogTemp: Display: Loaded TP AndroidTargetPlatform
[2018.07.23-19.09.26:391][  0]LogTemp: Display: Loaded TP HTML5TargetPlatform
[2018.07.23-19.09.26:428][  0]LogTemp: Display: Loaded TP IOSTargetPlatform
[2018.07.23-19.09.26:440][  0]LogTemp: Display: Loaded TP TVOSTargetPlatform
[2018.07.23-19.09.26:451][  0]LogTemp: Display: Loaded TP LinuxClientTargetPlatform
[2018.07.23-19.09.26:463][  0]LogTemp: Display: Loaded TP LinuxNoEditorTargetPlatform
[2018.07.23-19.09.26:474][  0]LogTemp: Display: Loaded TP LinuxServerTargetPlatform
[2018.07.23-19.09.26:486][  0]LogTemp: Display: Loaded TP LinuxTargetPlatform
[2018.07.23-19.09.26:486][  0]LogTargetPlatformManager: Display: Building Assets For Windows
[2018.07.23-19.09.26:607][  0]LogXGEController: Cannot use XGE Controller as Incredibuild is not installed on this machine.
[2018.07.23-19.09.26:607][  0]LogShaderCompilers: Cannot use XGE Shader Compiler as Incredibuild is not installed on this machine.
[2018.07.23-19.09.26:607][  0]LogShaderCompilers: Display: Using Local Shader Compiler.
[2018.07.23-19.09.27:274][  0]LogDerivedDataCache: Display: Max Cache Size: 512 MB
[2018.07.23-19.09.27:347][  0]LogDerivedDataCache: Loaded boot cache 0.07s 74MB C:/Users/Cale Curry/AppData/Local/UnrealEngine/4.19/DerivedDataCache/Boot.ddc.
[2018.07.23-19.09.27:347][  0]LogDerivedDataCache: Display: Loaded Boot cache: C:/Users/Cale Curry/AppData/Local/UnrealEngine/4.19/DerivedDataCache/Boot.ddc
[2018.07.23-19.09.27:347][  0]LogDerivedDataCache: FDerivedDataBackendGraph:  Pak pak cache file ../../../../../../2018_Class_Content/Unreal_And_C++/Section_03/UE4_Building-Escape/BuildingEscape/DerivedDataCache/DDC.ddp not found, will not use a pak cache.
[2018.07.23-19.09.27:347][  0]LogDerivedDataCache: Unable to find inner node Pak for hierarchical cache Hierarchy.
[2018.07.23-19.09.27:347][  0]LogDerivedDataCache: FDerivedDataBackendGraph:  CompressedPak pak cache file ../../../../../../2018_Class_Content/Unreal_And_C++/Section_03/UE4_Building-Escape/BuildingEscape/DerivedDataCache/Compressed.ddp not found, will not use a pak cache.
[2018.07.23-19.09.27:347][  0]LogDerivedDataCache: Unable to find inner node CompressedPak for hierarchical cache Hierarchy.
[2018.07.23-19.09.27:363][  0]LogDerivedDataCache: Display: Pak cache opened for reading ../../../Engine/DerivedDataCache/Compressed.ddp.
[2018.07.23-19.09.27:376][  0]LogDerivedDataCache: Using Local data cache path C:/Users/Cale Curry/AppData/Local/UnrealEngine/Common/DerivedDataCache: Writable
[2018.07.23-19.09.27:376][  0]LogDerivedDataCache: Shared data cache path not found in *engine.ini, will not use an Shared cache.
[2018.07.23-19.09.27:376][  0]LogDerivedDataCache: Unable to find inner node Shared for hierarchical cache Hierarchy.
[2018.07.23-19.09.27:388][  0]LogMaterial: Verifying Global Shaders for PCD3D_SM5
[2018.07.23-19.09.27:388][  0]LogSlate: Using Freetype 2.6.0
[2018.07.23-19.09.27:389][  0]LogSlate: SlateFontCache - WITH_FREETYPE: 1, WITH_HARFBUZZ: 1
[2018.07.23-19.09.27:389][  0]LogSlate: SlateFontCache - WITH_FREETYPE: 1, WITH_HARFBUZZ: 1
[2018.07.23-19.09.27:522][  0]LogAssetRegistry: FAssetRegistry took 0.0258 seconds to start up
[2018.07.23-19.09.27:804][  0]LogInit: Selected Device Profile: [Windows]
[2018.07.23-19.09.27:969][  0]LogSimplygon: Simplygon DLL not present - disabling.
[2018.07.23-19.09.27:971][  0]LogMeshReduction: Using SimplygonSwarm for distributed automatic mesh merging
[2018.07.23-19.09.27:971][  0]LogMeshReduction: Using QuadricMeshReduction for automatic static mesh reduction
[2018.07.23-19.09.27:971][  0]LogMeshReduction: No automatic skeletal mesh reduction module available
[2018.07.23-19.09.27:971][  0]LogMeshReduction: No automatic mesh merging module available
[2018.07.23-19.09.27:971][  0]LogMeshMerging: No automatic mesh merging module available
[2018.07.23-19.09.28:006][  0]LogNetVersion: BuildingEscape , NetCL: 3944462, EngineNetVer: 2, GameNetVer: 0 (Checksum: 4285820645)
[2018.07.23-19.09.28:453][  0]LogPackageLocalizationCache: Processed 9 localized package path(s) for 2 prioritized culture(s) in 0.102321 seconds
[2018.07.23-19.09.28:459][  0]LogUObjectArray: 36728 objects as part of root set at end of initial load.
[2018.07.23-19.09.28:459][  0]LogUObjectAllocator: 7314312 out of 0 bytes used by permanent object pool.
[2018.07.23-19.09.28:459][  0]LogUObjectArray: CloseDisregardForGC: 0/0 objects in disregard for GC pool
[2018.07.23-19.09.30:243][  0]LogTcpMessaging: Initializing TcpMessaging bridge
[2018.07.23-19.09.30:275][  0]LogUdpMessaging: Initializing bridge on interface 0.0.0.0:0 to multicast group 230.0.0.1:6666.
[2018.07.23-19.09.30:707][  0]SourceControl: Source control is disabled
[2018.07.23-19.09.30:707][  0]SourceControl: Source control is disabled
[2018.07.23-19.09.30:733][  0]SourceControl: Source control is disabled
[2018.07.23-19.09.30:756][  0]SourceControl: Source control is disabled
[2018.07.23-19.09.31:364][  0]LogAndroidPermission: UAndroidPermissionCallbackProxy::GetInstance
[2018.07.23-19.09.31:551][  0]LogOcInput: OculusInput pre-init called
[2018.07.23-19.09.31:677][  0]LogEngine: Initializing Engine...
[2018.07.23-19.09.31:679][  0]LogHMD: Failed to initialize OpenVR with code 110
[2018.07.23-19.09.31:680][  0]LogStats: UGameplayTagsManager::ConstructGameplayTagTree: Construct from data asset -  0.000 s
[2018.07.23-19.09.31:680][  0]LogStats: UGameplayTagsManager::ConstructGameplayTagTree: GameplayTagTreeChangedEvent.Broadcast -  0.000 s
[2018.07.23-19.09.31:900][  0]LogAIModule: Creating AISystem for world Untitled
[2018.07.23-19.09.31:919][  0]LogInit: XAudio2 using 'Speakers / Headphones (Realtek Audio)' : 2 channels at 48 kHz using 32 bits per sample (channel mask 0x3)
[2018.07.23-19.09.32:955][  0]LogInit: FAudioDevice initialized.
[2018.07.23-19.09.33:005][  0]LogDerivedDataCache: Saved boot cache 0.05s 74MB C:/Users/Cale Curry/AppData/Local/UnrealEngine/4.19/DerivedDataCache/Boot.ddc.
[2018.07.23-19.09.33:013][  0]LogInit: Texture streaming: Enabled
[2018.07.23-19.09.33:031][  0]LogEngineSessionManager: EngineSessionManager initialized
[2018.07.23-19.09.33:047][  0]LogInit: Transaction tracking system initialized
[2018.07.23-19.09.33:075][  0]BlueprintLog: New page: Editor Load
[2018.07.23-19.09.33:154][  0]LocalizationService: Localization service is disabled
[2018.07.23-19.09.33:264][  0]LogConsoleResponse: Display: 
[2018.07.23-19.09.33:417][  0]LogCook: Display: Max memory allowance for cook 16384mb min free memory 0mb
[2018.07.23-19.09.33:417][  0]LogCook: Display: Mobile HDR setting 1
[2018.07.23-19.09.33:417][  0]LogGameplayTags: Display: UGameplayTagsManager::DoneAddingNativeTags. DelegateIsBound: 0
[2018.07.23-19.09.33:417][  0]LogStats: UGameplayTagsManager::ConstructGameplayTagTree: Construct from data asset -  0.000 s
[2018.07.23-19.09.33:417][  0]LogStats: UGameplayTagsManager::ConstructGameplayTagTree: GameplayTagTreeChangedEvent.Broadcast -  0.000 s
[2018.07.23-19.09.33:839][  0]LogFileCache: Scanning file cache for directory 'D:/2018_Class_Content/Unreal_And_C++/Section_03/UE4_Building-Escape/BuildingEscape/Content/' took 0.01s
[2018.07.23-19.09.33:839][  0]SourceControl: Source control is disabled
[2018.07.23-19.09.33:839][  0]Cmd: MAP LOAD FILE="../../../../../../2018_Class_Content/Unreal_And_C++/Section_03/UE4_Building-Escape/BuildingEscape/Content/NewMap.umap" TEMPLATE=0 SHOWPROGRESS=1 FEATURELEVEL=3
[2018.07.23-19.09.33:839][  0]LightingResults: New page: Lighting Build
[2018.07.23-19.09.33:842][  0]MapCheck: New page: Map Check
[2018.07.23-19.09.33:842][  0]LightingResults: New page: Lighting Build
[2018.07.23-19.09.34:081][  0]LogAIModule: Creating AISystem for world NewMap
[2018.07.23-19.09.34:087][  0]LogEditorServer: Finished looking for orphan Actors (0.000 secs)
[2018.07.23-19.09.34:098][  0]Cmd: MAP CHECKDEP NOCLEARLOG
[2018.07.23-19.09.34:154][  0]MapCheck: Map check complete: 0 Error(s), 0 Warning(s), took 55.772ms to complete.
[2018.07.23-19.09.34:154][  0]LogFileHelpers: Loading map 'NewMap' took 0.316
[2018.07.23-19.09.34:338][  0]LogCollectionManager: Loaded 0 collections in 0.002349 seconds
[2018.07.23-19.09.34:384][  0]LogFileCache: Scanning file cache for directory 'D:/2018_Class_Content/Unreal_And_C++/Section_03/UE4_Building-Escape/BuildingEscape/Saved/Collections/' took 0.01s
[2018.07.23-19.09.34:384][  0]LogFileCache: Scanning file cache for directory 'D:/2018_Class_Content/Unreal_And_C++/Section_03/UE4_Building-Escape/BuildingEscape/Content/Developers/CaleCurry/Collections/' took 0.01s
[2018.07.23-19.09.34:384][  0]LogFileCache: Scanning file cache for directory 'D:/2018_Class_Content/Unreal_And_C++/Section_03/UE4_Building-Escape/BuildingEscape/Content/Collections/' took 0.01s
[2018.07.23-19.09.34:384][  0]LogCollectionManager: Rebuilt the GUID cache for 0 collections in 0.000000 seconds
[2018.07.23-19.09.34:395][  0]LogContentBrowser: Native class hierarchy populated in 0.0105 seconds. Added 2454 classes and 560 folders.
[2018.07.23-19.09.34:402][  0]LogContentBrowser: Native class hierarchy updated for 'WidgetCarousel' in 0.0009 seconds. Added 0 classes and 0 folders.
[2018.07.23-19.09.34:463][  0]LogContentBrowser: Native class hierarchy updated for 'AddContentDialog' in 0.0008 seconds. Added 0 classes and 0 folders.
[2018.07.23-19.09.34:470][  0]LogContentBrowser: Native class hierarchy updated for 'SceneOutliner' in 0.0010 seconds. Added 1 classes and 2 folders.
[2018.07.23-19.09.34:523][  0]LogContentBrowser: Native class hierarchy updated for 'HierarchicalLODOutliner' in 0.0010 seconds. Added 0 classes and 0 folders.
[2018.07.23-19.09.34:523][  0]LogLoad: (Engine Initialization) Total time: 12.95 seconds
[2018.07.23-19.09.34:523][  0]LogLoad: (Engine Initialization) Total Blueprint compile time: 0.00 seconds
[2018.07.23-19.09.34:542][  0]LogWindowsTextInputMethodSystem: Display: IME system now deactivated.
[2018.07.23-19.09.34:564][  0]LogContentStreaming: Texture pool size now 1000 MB
[2018.07.23-19.09.34:566][  0]LogSlate: Took 0.000259 seconds to synchronously load lazily loaded font '../../../Engine/Content/Slate/Fonts/Roboto-Regular.ttf' (155K)
[2018.07.23-19.09.34:568][  0]LogSlate: Took 0.000162 seconds to synchronously load lazily loaded font '../../../Engine/Content/Slate/Fonts/Roboto-Bold.ttf' (160K)
[2018.07.23-19.09.34:574][  0]LogSlate: Took 0.000211 seconds to synchronously load lazily loaded font '../../../Engine/Content/Editor/Slate/Fonts/FontAwesome.ttf' (139K)
[2018.07.23-19.09.34:662][  0]LogSlate: Took 0.000273 seconds to synchronously load lazily loaded font '../../../Engine/Content/Slate/Fonts/Roboto-Light.ttf' (167K)
[2018.07.23-19.09.34:697][  1]LogAssetRegistry: Asset discovery search completed in 7.1975 seconds
[2018.07.23-19.09.34:699][  1]LogCollectionManager: Rebuilt the object cache for 0 collections in 0.000000 seconds (found 0 objects)
[2018.07.23-19.09.34:699][  1]LogCollectionManager: Fixed up redirectors for 0 collections in 0.000059 seconds (updated 0 objects)
[2018.07.23-19.09.34:723][  2]LogRenderer: Reallocating scene render targets to support 780x476 Format 10 NumSamples 1 (Frame:1).
[2018.07.23-19.09.39:524][247]LogSlate: FSceneViewport::OnFocusLost() reason 0
[2018.07.23-19.09.39:575][249]Candidate modules for hot reload:
[2018.07.23-19.09.39:575][249]  BuildingEscape
[2018.07.23-19.09.39:575][249]Launching UnrealBuildTool... [D:/Epic Games/Unreal Engine/UE_4.19/Engine/Binaries/DotNET/UnrealBuildTool.exe BuildingEscape -ModuleWithSuffix=BuildingEscape,6076 Win64 Development -editorrecompile -canskiplink "D:/2018_Class_Content/Unreal_And_C++/Section_03/UE4_Building-Escape/BuildingEscape/BuildingEscape.uproject" ]
[2018.07.23-19.09.39:578][249]Warning: Starting HotReload took  0.0s.
[2018.07.23-19.09.46:564][669]CompilerResultsLog: New page: Compilation - Jul 23, 2018, 9:09:46 AM
[2018.07.23-19.09.46:564][669]CompilerResultsLog: Using 'git status' to determine working set for adaptive non-unity build.
[2018.07.23-19.09.46:564][669]CompilerResultsLog: Creating makefile for hot reloading BuildingEscape (no existing makefile)
[2018.07.23-19.09.46:564][669]CompilerResultsLog: Compiling game modules for hot reload
[2018.07.23-19.09.46:564][669]CompilerResultsLog: Performing 1 actions (4 in parallel)
[2018.07.23-19.09.46:564][669]CompilerResultsLog: [1/1] Link UE4Editor-BuildingEscape-6076.dll
[2018.07.23-19.09.46:564][669]CompilerResultsLog:    Creating library D:\2018_Class_Content\Unreal_And_C++\Section_03\UE4_Building-Escape\BuildingEscape\Intermediate\Build\Win64\UE4Editor\Development\UE4Editor-BuildingEscape-6076.suppressed.lib and object D:\2018_Class_Content\Unreal_And_C++\Section_03\UE4_Building-Escape\BuildingEscape\Intermediate\Build\Win64\UE4Editor\Development\UE4Editor-BuildingEscape-6076.suppressed.exp
[2018.07.23-19.09.46:564][669]CompilerResultsLog: Total build time: 6.73 seconds (Local executor: 1.02 seconds)
[2018.07.23-19.09.46:564][669]LogMainFrame: MainFrame: Module compiling took 6.994 seconds
[2018.07.23-19.09.46:590][669]LogContentBrowser: Native class hierarchy updated for 'BuildingEscape' in 0.0012 seconds. Added 2 classes and 2 folders.
[2018.07.23-19.09.46:593][669]Display: HotReload successful (0 functions remapped  0 scriptstructs remapped)
[2018.07.23-19.09.46:759][669]LogContentBrowser: Native class hierarchy populated in 0.0103 seconds. Added 2455 classes and 562 folders.
[2018.07.23-19.09.46:759][669]Display: HotReload took  7.2s.
[2018.07.23-19.09.49:926][859]LogTemp: Repeating last play command: Selected Viewport
[2018.07.23-19.09.49:937][859]LogPlayLevel: PlayLevel: No blueprints needed recompiling
[2018.07.23-19.09.49:938][859]PIE: New page: PIE session: NewMap (Jul 23, 2018, 9:09:49 AM)
[2018.07.23-19.09.49:938][859]LogPlayLevel: Creating play world package: /Game/UEDPIE_0_NewMap
[2018.07.23-19.09.49:940][859]LogPlayLevel: PIE: StaticDuplicateObject took: (0.002402s)
[2018.07.23-19.09.49:941][859]LogAIModule: Creating AISystem for world NewMap
[2018.07.23-19.09.49:941][859]LogPlayLevel: PIE: World Init took: (0.000953s)
[2018.07.23-19.09.49:941][859]LogPlayLevel: PIE: Created PIE world by copying editor world from /Game/NewMap.NewMap to /Game/UEDPIE_0_NewMap.NewMap (0.003615s)
[2018.07.23-19.09.49:954][859]LogInit: XAudio2 using 'Speakers / Headphones (Realtek Audio)' : 2 channels at 48 kHz using 32 bits per sample (channel mask 0x3)
[2018.07.23-19.09.50:012][859]LogInit: FAudioDevice initialized.
[2018.07.23-19.09.50:054][859]LogUObjectGlobals: Warning: Failed to find object 'Class /Script/BuildingEscape.BuildingEscapeGameMode'
[2018.07.23-19.09.50:054][859]LogLoad: Game class is 'GameModeBase'
[2018.07.23-19.09.50:056][859]LogWorld: Bringing World /Game/UEDPIE_0_NewMap.NewMap up for play (max tick rate 60) at 2018.07.23-14.09.50
[2018.07.23-19.09.50:056][859]LogWorld: Bringing up level for play took: 0.000659
[2018.07.23-19.09.50:085][859]LogContentBrowser: Native class hierarchy updated for 'MovieSceneCapture' in 0.0011 seconds. Added 11 classes and 0 folders.
[2018.07.23-19.09.50:086][859]LogTemp: Warning: SM_Chair_2 is at -310.000000,410.000000,20.000000|0.000000,0.000000,0.000000|1.000000,1.000000,1.000000
[2018.07.23-19.09.50:086][859]LogTemp: Warning: SM_Couch_11 is at -340.000000,190.000000,20.000000|0.000000,0.000000,0.000000|1.000000,1.000000,1.000000
[2018.07.23-19.09.50:086][859]PIE: Play in editor start time for /Game/UEDPIE_0_NewMap -0.682
[2018.07.23-19.09.51:282][929]LogSlate: Took 0.000195 seconds to synchronously load lazily loaded font '../../../Engine/Content/Slate/Fonts/DroidSansMono.ttf' (77K)
[2018.07.23-19.10.26:525][ 15]LogSlate: Took 0.019687 seconds to synchronously load lazily loaded font '../../../Engine/Content/Slate/Fonts/Roboto-Italic.ttf' (157K)
[2018.07.23-19.11.08:659][ 57]Cmd: SELECT NONE
[2018.07.23-19.11.16:436][516]LogSlate: Took 0.000298 seconds to synchronously load lazily loaded font '../../../Engine/Content/Slate/Fonts/Roboto-Light.ttf' (167K)
[2018.07.23-19.11.16:439][516]LogSlate: FSceneViewport::OnFocusLost() reason 2
[2018.07.23-19.11.16:510][516]LogSavePackage: Save=32.82ms
[2018.07.23-19.11.16:510][516]LogSavePackage: Moving '../../../../../../2018_Class_Content/Unreal_And_C++/Section_03/UE4_Building-Escape/BuildingEscape/Saved/NewMap0BE1F7F343F2459920A039A27C40DA08.tmp' to '../../../../../../2018_Class_Content/Unreal_And_C++/Section_03/UE4_Building-Escape/BuildingEscape/Content/NewMap.umap'
[2018.07.23-19.11.16:513][516]LogSavePackage: Display: Finished SavePackage ../../../../../../2018_Class_Content/Unreal_And_C++/Section_03/UE4_Building-Escape/BuildingEscape/Content/NewMap.umap
[2018.07.23-19.11.16:535][516]Cmd: OBJ SAVEPACKAGE PACKAGE="/Game/NewMap_BuiltData" FILE="../../../../../../2018_Class_Content/Unreal_And_C++/Section_03/UE4_Building-Escape/BuildingEscape/Content/NewMap_BuiltData.uasset" SILENT=true
[2018.07.23-19.11.16:580][516]LogSavePackage: Save=37.67ms
[2018.07.23-19.11.16:580][516]LogSavePackage: Moving '../../../../../../2018_Class_Content/Unreal_And_C++/Section_03/UE4_Building-Escape/BuildingEscape/Saved/NewMap_BuiltData0C74D97243ABDC5FA8B4ADB038A6FB14.tmp' to '../../../../../../2018_Class_Content/Unreal_And_C++/Section_03/UE4_Building-Escape/BuildingEscape/Content/NewMap_BuiltData.uasset'
[2018.07.23-19.11.16:584][516]LogSavePackage: Display: Finished SavePackage ../../../../../../2018_Class_Content/Unreal_And_C++/Section_03/UE4_Building-Escape/BuildingEscape/Content/NewMap_BuiltData.uasset
[2018.07.23-19.14.38:600][394]LogHotReload: New module detected: UE4Editor-BuildingEscape-430.dll
[2018.07.23-19.14.39:286][397]LogHotReload: Starting Hot-Reload from IDE
[2018.07.23-19.14.39:339][397]LogContentBrowser: Native class hierarchy updated for 'BuildingEscape' in 0.0012 seconds. Added 2 classes and 2 folders.
[2018.07.23-19.14.39:342][397]Display: HotReload successful (0 functions remapped  0 scriptstructs remapped)
[2018.07.23-19.14.39:392][397]LogContentBrowser: Native class hierarchy populated in 0.0113 seconds. Added 2455 classes and 562 folders.
[2018.07.23-19.14.39:397][397]Display: HotReload took  0.1s.
[2018.07.23-19.14.44:312][547]LogSlate: FSceneViewport::OnFocusLost() reason 0
[2018.07.23-19.14.44:378][551]LogTemp: Repeating last play command: Selected Viewport
[2018.07.23-19.14.44:390][551]LogPlayLevel: PlayLevel: No blueprints needed recompiling
[2018.07.23-19.14.44:391][551]PIE: New page: PIE session: NewMap (Jul 23, 2018, 9:14:44 AM)
[2018.07.23-19.14.44:391][551]LogPlayLevel: Creating play world package: /Game/UEDPIE_0_NewMap
[2018.07.23-19.14.44:394][551]LogPlayLevel: PIE: StaticDuplicateObject took: (0.003445s)
[2018.07.23-19.14.44:396][551]LogAIModule: Creating AISystem for world NewMap
[2018.07.23-19.14.44:396][551]LogPlayLevel: PIE: World Init took: (0.001657s)
[2018.07.23-19.14.44:397][551]LogPlayLevel: PIE: Created PIE world by copying editor world from /Game/NewMap.NewMap to /Game/UEDPIE_0_NewMap.NewMap (0.005706s)
[2018.07.23-19.14.44:412][551]LogInit: XAudio2 using 'Speakers / Headphones (Realtek Audio)' : 2 channels at 48 kHz using 32 bits per sample (channel mask 0x3)
[2018.07.23-19.14.44:479][551]LogInit: FAudioDevice initialized.
[2018.07.23-19.14.44:519][551]LogLoad: Game class is 'GameModeBase'
[2018.07.23-19.14.44:521][551]LogWorld: Bringing World /Game/UEDPIE_0_NewMap.NewMap up for play (max tick rate 60) at 2018.07.23-14.14.44
[2018.07.23-19.14.44:521][551]LogWorld: Bringing up level for play took: 0.000774
[2018.07.23-19.14.44:522][551]LogTemp: Warning: SM_Chair_2 is at X=-310.000 Y=410.000 Z=20.000
[2018.07.23-19.14.44:522][551]LogTemp: Warning: SM_Couch_11 is at X=-340.000 Y=190.000 Z=20.000
[2018.07.23-19.14.44:522][551]PIE: Play in editor start time for /Game/UEDPIE_0_NewMap -0.245
[2018.07.23-19.43.10:396][583]LogSlate: FSceneViewport::OnFocusLost() reason 0
[2018.07.23-19.43.10:478][587]Candidate modules for hot reload:
[2018.07.23-19.43.10:478][587]  BuildingEscape
[2018.07.23-19.43.10:478][587]Launching UnrealBuildTool... [D:/Epic Games/Unreal Engine/UE_4.19/Engine/Binaries/DotNET/UnrealBuildTool.exe BuildingEscape -ModuleWithSuffix=BuildingEscape,6974 Win64 Development -editorrecompile -canskiplink "D:/2018_Class_Content/Unreal_And_C++/Section_03/UE4_Building-Escape/BuildingEscape/BuildingEscape.uproject" ]
[2018.07.23-19.43.10:482][587]Warning: Starting HotReload took  0.0s.
[2018.07.23-19.43.16:428][945]CompilerResultsLog: New page: Compilation - Jul 23, 2018, 9:43:16 AM
[2018.07.23-19.43.16:428][945]CompilerResultsLog: Using 'git status' to determine working set for adaptive non-unity build.
[2018.07.23-19.43.16:429][945]CompilerResultsLog: Creating makefile for hot reloading BuildingEscape (modules to compile have changed)
[2018.07.23-19.43.16:429][945]CompilerResultsLog: Compiling game modules for hot reload
[2018.07.23-19.43.16:429][945]CompilerResultsLog: Target is up to date
[2018.07.23-19.43.16:429][945]CompilerResultsLog: Total build time: 5.69 seconds (NoActionsToExecute executor: 0.00 seconds)
[2018.07.23-19.43.16:429][945]LogMainFrame: MainFrame: Module compiling took 5.955 seconds
[2018.07.23-19.43.16:454][945]LogContentBrowser: Native class hierarchy populated in 0.0099 seconds. Added 2455 classes and 562 folders.
[2018.07.23-19.43.16:454][945]Display: HotReload took  6.0s.
