Log file open, 07/26/18 15:36:03
LogWindows: Failed to load 'aqProf.dll' (GetLastError=126)
LogWindows: File 'aqProf.dll' does not exist
LogWindows: Failed to load 'VtuneApi.dll' (GetLastError=126)
LogWindows: File 'VtuneApi.dll' does not exist
LogWindows: Failed to load 'VtuneApi32e.dll' (GetLastError=126)
LogWindows: File 'VtuneApi32e.dll' does not exist
LogInit: Display: Running engine for game: BuildingEscape
LogPlatformFile: Not using cached read wrapper
LogInit: Display: RandInit(758621460) SRandInit(758621460).
LogInit: Read version file with build ID '3944462'
LogInit: Overriding engine version to CL 4033788, compatible CL 3944462
LogInit: Registered custom module enumerator with build ID '3944462'
LogTaskGraph: Started task graph with 5 named threads and 23 total threads with 3 sets of task threads.
LogStats: Stats thread started at 0.286185
LogD3D11RHI: Aftermath initialized
LogICUInternationalization: Display: ICU TimeZone Detection - Raw Offset: -6:00, Platform Override: ''
LogPluginManager: Mounting plugin Paper2D
LogPluginManager: Mounting plugin LiveLink
LogPluginManager: Mounting plugin LightPropagationVolume
LogPluginManager: Mounting plugin CLionSourceCodeAccess
LogPluginManager: Mounting plugin CodeLiteSourceCodeAccess
LogPluginManager: Mounting plugin GitSourceControl
LogPluginManager: Mounting plugin KDevelopSourceCodeAccess
LogPluginManager: Mounting plugin NullSourceCodeAccess
LogPluginManager: Mounting plugin PerforceSourceControl
LogPluginManager: Mounting plugin SubversionSourceControl
LogPluginManager: Mounting plugin UObjectPlugin
LogPluginManager: Mounting plugin VisualStudioCodeSourceCodeAccess
LogPluginManager: Mounting plugin VisualStudioSourceCodeAccess
LogPluginManager: Mounting plugin XCodeSourceCodeAccess
LogPluginManager: Mounting plugin AssetManagerEditor
LogPluginManager: Mounting plugin CryptoKeys
LogPluginManager: Mounting plugin DataValidation
LogPluginManager: Mounting plugin FacialAnimation
LogPluginManager: Mounting plugin GameplayTagsEditor
LogPluginManager: Mounting plugin MobileLauncherProfileWizard
LogPluginManager: Mounting plugin PluginBrowser
LogPluginManager: Mounting plugin SpeedTreeImporter
LogPluginManager: Mounting plugin DatasmithContent
LogPluginManager: Mounting plugin AlembicImporter
LogPluginManager: Mounting plugin CharacterAI
LogPluginManager: Mounting plugin HTML5Networking
LogPluginManager: Mounting plugin AndroidMedia
LogPluginManager: Mounting plugin AvfMedia
LogPluginManager: Mounting plugin ImgMedia
LogPluginManager: Mounting plugin LinearTimecode
LogPluginManager: Mounting plugin MediaCompositing
LogPluginManager: Mounting plugin MediaPlayerEditor
LogPluginManager: Mounting plugin WmfMedia
LogPluginManager: Mounting plugin TcpMessaging
LogPluginManager: Mounting plugin UdpMessaging
LogPluginManager: Mounting plugin ActorSequence
LogPluginManager: Mounting plugin LevelSequenceEditor
LogPluginManager: Mounting plugin MatineeToLevelSequence
LogPluginManager: Mounting plugin NetcodeUnitTest
LogPluginManager: Mounting plugin NUTUnrealEngine4
LogPluginManager: Mounting plugin OnlineSubsystemGooglePlay
LogPluginManager: Mounting plugin OnlineSubsystemIOS
LogPluginManager: Mounting plugin OnlineSubsystem
LogPluginManager: Mounting plugin OnlineSubsystemNull
LogPluginManager: Mounting plugin OnlineSubsystemUtils
LogPluginManager: Mounting plugin AndroidDeviceProfileSelector
LogPluginManager: Mounting plugin AndroidMoviePlayer
LogPluginManager: Mounting plugin AndroidPermission
LogPluginManager: Mounting plugin AppleARKit
LogPluginManager: Mounting plugin AppleMoviePlayer
LogPluginManager: Mounting plugin ArchVisCharacter
LogPluginManager: Mounting plugin AudioCapture
LogPluginManager: Mounting plugin CableComponent
LogPluginManager: Mounting plugin CustomMeshComponent
LogPluginManager: Mounting plugin ExampleDeviceProfileSelector
LogPluginManager: Mounting plugin GoogleCloudMessaging
LogPluginManager: Mounting plugin ImmediatePhysics
LogPluginManager: Mounting plugin IOSDeviceProfileSelector
LogPluginManager: Mounting plugin LinuxDeviceProfileSelector
LogPluginManager: Mounting plugin LocationServicesBPLibrary
LogPluginManager: Mounting plugin MobilePatchingUtils
LogPluginManager: Mounting plugin OculusVR
LogPluginManager: Plugin shader directory ../../../Engine/Plugins/Runtime/Oculus/OculusVR/Shaders found
LogPluginManager: Mapping shader source directory ../../../Engine/Plugins/Runtime/Oculus/OculusVR/Shaders to virtual directory /Plugin/OculusVR
LogPluginManager: Mounting plugin PhysXVehicles
LogPluginManager: Mounting plugin ProceduralMeshComponent
LogPluginManager: Mounting plugin RuntimePhysXCooking
LogPluginManager: Mounting plugin SteamVR
LogPluginManager: Mounting plugin WindowsMoviePlayer
LogStreaming: Display: Took  0.155s to configure plugins.
LogModuleManager: Display: Found up-to-date module file ../../../../../../2018_Class_Content/Unreal_And_C++/Section_03/UE4_Building-Escape/BuildingEscape/Binaries/Win64/UE4Editor-BuildingEscape-6641.dll (API version 3944462).
LogModuleManager: Display: Found up-to-date module file ../../../Engine/Plugins/2D/Paper2D/Binaries/Win64/UE4Editor-Paper2D.dll (API version 3944462).
LogModuleManager: Display: Found up-to-date module file ../../../Engine/Plugins/2D/Paper2D/Binaries/Win64/UE4Editor-Paper2DEditor.dll (API version 3944462).
LogModuleManager: Display: Found up-to-date module file ../../../Engine/Plugins/2D/Paper2D/Binaries/Win64/UE4Editor-PaperSpriteSheetImporter.dll (API version 3944462).
LogModuleManager: Display: Found up-to-date module file ../../../Engine/Plugins/2D/Paper2D/Binaries/Win64/UE4Editor-PaperTiledImporter.dll (API version 3944462).
LogModuleManager: Display: Found up-to-date module file ../../../Engine/Plugins/2D/Paper2D/Binaries/Win64/UE4Editor-SmartSnapping.dll (API version 3944462).
LogModuleManager: Display: Found up-to-date module file ../../../Engine/Plugins/Animation/LiveLink/Binaries/Win64/UE4Editor-LiveLink.dll (API version 3944462).
LogModuleManager: Display: Found up-to-date module file ../../../Engine/Plugins/Animation/LiveLink/Binaries/Win64/UE4Editor-LiveLinkEditor.dll (API version 3944462).
LogModuleManager: Display: Found up-to-date module file ../../../Engine/Plugins/Blendables/LightPropagationVolume/Binaries/Win64/UE4Editor-LightPropagationVolumeRuntime.dll (API version 3944462).
LogModuleManager: Display: Found up-to-date module file ../../../Engine/Plugins/Blendables/LightPropagationVolume/Binaries/Win64/UE4Editor-LightPropagationVolumeEditor.dll (API version 3944462).
LogModuleManager: Display: Found up-to-date module file ../../../Engine/Plugins/Developer/CLionSourceCodeAccess/Binaries/Win64/UE4Editor-CLionSourceCodeAccess.dll (API version 3944462).
LogModuleManager: Display: Found up-to-date module file ../../../Engine/Plugins/Developer/GitSourceControl/Binaries/Win64/UE4Editor-GitSourceControl.dll (API version 3944462).
LogModuleManager: Display: Found up-to-date module file ../../../Engine/Plugins/Developer/PerforceSourceControl/Binaries/Win64/UE4Editor-PerforceSourceControl.dll (API version 3944462).
LogModuleManager: Display: Found up-to-date module file ../../../Engine/Plugins/Developer/SubversionSourceControl/Binaries/Win64/UE4Editor-SubversionSourceControl.dll (API version 3944462).
LogModuleManager: Display: Found up-to-date module file ../../../Engine/Plugins/Developer/UObjectPlugin/Binaries/Win64/UE4Editor-UObjectPlugin.dll (API version 3944462).
LogModuleManager: Display: Found up-to-date module file ../../../Engine/Plugins/Developer/VisualStudioCodeSourceCodeAccess/Binaries/Win64/UE4Editor-VisualStudioCodeSourceCodeAccess.dll (API version 3944462).
LogModuleManager: Display: Found up-to-date module file ../../../Engine/Plugins/Developer/VisualStudioSourceCodeAccess/Binaries/Win64/UE4Editor-VisualStudioSourceCodeAccess.dll (API version 3944462).
LogModuleManager: Display: Found up-to-date module file ../../../Engine/Plugins/Editor/AssetManagerEditor/Binaries/Win64/UE4Editor-AssetManagerEditor.dll (API version 3944462).
LogModuleManager: Display: Found up-to-date module file ../../../Engine/Plugins/Editor/CryptoKeys/Binaries/Win64/UE4Editor-CryptoKeys.dll (API version 3944462).
LogModuleManager: Display: Found up-to-date module file ../../../Engine/Plugins/Editor/CryptoKeys/Binaries/Win64/UE4Editor-CryptoKeysOpenSSL.dll (API version 3944462).
LogModuleManager: Display: Found up-to-date module file ../../../Engine/Plugins/Editor/DataValidation/Binaries/Win64/UE4Editor-DataValidation.dll (API version 3944462).
LogModuleManager: Display: Found up-to-date module file ../../../Engine/Plugins/Editor/FacialAnimation/Binaries/Win64/UE4Editor-FacialAnimation.dll (API version 3944462).
LogModuleManager: Display: Found up-to-date module file ../../../Engine/Plugins/Editor/FacialAnimation/Binaries/Win64/UE4Editor-FacialAnimationEditor.dll (API version 3944462).
LogModuleManager: Display: Found up-to-date module file ../../../Engine/Plugins/Editor/GameplayTagsEditor/Binaries/Win64/UE4Editor-GameplayTagsEditor.dll (API version 3944462).
LogModuleManager: Display: Found up-to-date module file ../../../Engine/Plugins/Editor/MobileLauncherProfileWizard/Binaries/Win64/UE4Editor-MobileLauncherProfileWizard.dll (API version 3944462).
LogModuleManager: Display: Found up-to-date module file ../../../Engine/Plugins/Editor/PluginBrowser/Binaries/Win64/UE4Editor-PluginBrowser.dll (API version 3944462).
LogModuleManager: Display: Found up-to-date module file ../../../Engine/Plugins/Editor/SpeedTreeImporter/Binaries/Win64/UE4Editor-SpeedTreeImporter.dll (API version 3944462).
LogModuleManager: Display: Found up-to-date module file ../../../Engine/Plugins/Enterprise/DatasmithContent/Binaries/Win64/UE4Editor-DatasmithContent.dll (API version 3944462).
LogModuleManager: Display: Found up-to-date module file ../../../Engine/Plugins/Experimental/AlembicImporter/Binaries/Win64/UE4Editor-AlembicImporter.dll (API version 3944462).
LogModuleManager: Display: Found up-to-date module file ../../../Engine/Plugins/Experimental/AlembicImporter/Binaries/Win64/UE4Editor-AlembicLibrary.dll (API version 3944462).
LogModuleManager: Display: Found up-to-date module file ../../../Engine/Plugins/Experimental/CharacterAI/Binaries/Win64/UE4Editor-CharacterAI.dll (API version 3944462).
LogModuleManager: Display: Found up-to-date module file ../../../Engine/Plugins/Experimental/HTML5Networking/Binaries/Win64/UE4Editor-HTML5Networking.dll (API version 3944462).
LogModuleManager: Display: Found up-to-date module file ../../../Engine/Plugins/Media/AndroidMedia/Binaries/Win64/UE4Editor-AndroidMediaEditor.dll (API version 3944462).
LogModuleManager: Display: Found up-to-date module file ../../../Engine/Plugins/Media/AndroidMedia/Binaries/Win64/UE4Editor-AndroidMediaFactory.dll (API version 3944462).
LogModuleManager: Display: Found up-to-date module file ../../../Engine/Plugins/Media/AvfMedia/Binaries/Win64/UE4Editor-AvfMediaEditor.dll (API version 3944462).
LogModuleManager: Display: Found up-to-date module file ../../../Engine/Plugins/Media/AvfMedia/Binaries/Win64/UE4Editor-AvfMediaFactory.dll (API version 3944462).
LogModuleManager: Display: Found up-to-date module file ../../../Engine/Plugins/Media/AvfMedia/Binaries/Win64/UE4Editor-AvfMediaFactory.dll (API version 3944462).
LogModuleManager: Display: Found up-to-date module file ../../../Engine/Plugins/Media/ImgMedia/Binaries/Win64/UE4Editor-ImgMedia.dll (API version 3944462).
LogModuleManager: Display: Found up-to-date module file ../../../Engine/Plugins/Media/ImgMedia/Binaries/Win64/UE4Editor-ImgMediaEditor.dll (API version 3944462).
LogModuleManager: Display: Found up-to-date module file ../../../Engine/Plugins/Media/ImgMedia/Binaries/Win64/UE4Editor-ImgMediaFactory.dll (API version 3944462).
LogModuleManager: Display: Found up-to-date module file ../../../Engine/Plugins/Media/ImgMedia/Binaries/Win64/UE4Editor-ImgMediaFactory.dll (API version 3944462).
LogModuleManager: Display: Found up-to-date module file ../../../Engine/Plugins/Media/ImgMedia/Binaries/Win64/UE4Editor-OpenExrWrapper.dll (API version 3944462).
LogModuleManager: Display: Found up-to-date module file ../../../Engine/Plugins/Media/LinearTimecode/Binaries/Win64/UE4Editor-LinearTimecode.dll (API version 3944462).
LogModuleManager: Display: Found up-to-date module file ../../../Engine/Plugins/Media/MediaCompositing/Binaries/Win64/UE4Editor-MediaCompositing.dll (API version 3944462).
LogModuleManager: Display: Found up-to-date module file ../../../Engine/Plugins/Media/MediaCompositing/Binaries/Win64/UE4Editor-MediaCompositingEditor.dll (API version 3944462).
LogModuleManager: Display: Found up-to-date module file ../../../Engine/Plugins/Media/MediaPlayerEditor/Binaries/Win64/UE4Editor-MediaPlayerEditor.dll (API version 3944462).
LogModuleManager: Display: Found up-to-date module file ../../../Engine/Plugins/Media/WmfMedia/Binaries/Win64/UE4Editor-WmfMedia.dll (API version 3944462).
LogModuleManager: Display: Found up-to-date module file ../../../Engine/Plugins/Media/WmfMedia/Binaries/Win64/UE4Editor-WmfMediaEditor.dll (API version 3944462).
LogModuleManager: Display: Found up-to-date module file ../../../Engine/Plugins/Media/WmfMedia/Binaries/Win64/UE4Editor-WmfMediaFactory.dll (API version 3944462).
LogModuleManager: Display: Found up-to-date module file ../../../Engine/Plugins/Media/WmfMedia/Binaries/Win64/UE4Editor-WmfMediaFactory.dll (API version 3944462).
LogModuleManager: Display: Found up-to-date module file ../../../Engine/Plugins/Messaging/TcpMessaging/Binaries/Win64/UE4Editor-TcpMessaging.dll (API version 3944462).
LogModuleManager: Display: Found up-to-date module file ../../../Engine/Plugins/Messaging/UdpMessaging/Binaries/Win64/UE4Editor-UdpMessaging.dll (API version 3944462).
LogModuleManager: Display: Found up-to-date module file ../../../Engine/Plugins/MovieScene/ActorSequence/Binaries/Win64/UE4Editor-ActorSequence.dll (API version 3944462).
LogModuleManager: Display: Found up-to-date module file ../../../Engine/Plugins/MovieScene/LevelSequenceEditor/Binaries/Win64/UE4Editor-LevelSequenceEditor.dll (API version 3944462).
LogModuleManager: Display: Found up-to-date module file ../../../Engine/Plugins/MovieScene/MatineeToLevelSequence/Binaries/Win64/UE4Editor-MatineeToLevelSequence.dll (API version 3944462).
LogModuleManager: Display: Found up-to-date module file ../../../Engine/Plugins/NetcodeUnitTest/NetcodeUnitTest/Binaries/Win64/UE4Editor-NetcodeUnitTest.dll (API version 3944462).
LogModuleManager: Display: Found up-to-date module file ../../../Engine/Plugins/NetcodeUnitTest/NUTUnrealEngine4/Binaries/Win64/UE4Editor-NUTUnrealEngine4.dll (API version 3944462).
LogModuleManager: Display: Found up-to-date module file ../../../Engine/Plugins/Online/OnlineSubsystem/Binaries/Win64/UE4Editor-OnlineSubsystem.dll (API version 3944462).
LogModuleManager: Display: Found up-to-date module file ../../../Engine/Plugins/Online/OnlineSubsystemNull/Binaries/Win64/UE4Editor-OnlineSubsystemNull.dll (API version 3944462).
LogModuleManager: Display: Found up-to-date module file ../../../Engine/Plugins/Online/OnlineSubsystemUtils/Binaries/Win64/UE4Editor-OnlineSubsystemUtils.dll (API version 3944462).
LogModuleManager: Display: Found up-to-date module file ../../../Engine/Plugins/Online/OnlineSubsystemUtils/Binaries/Win64/UE4Editor-OnlineBlueprintSupport.dll (API version 3944462).
LogModuleManager: Display: Found up-to-date module file ../../../Engine/Plugins/Runtime/AndroidDeviceProfileSelector/Binaries/Win64/UE4Editor-AndroidDeviceProfileSelector.dll (API version 3944462).
LogModuleManager: Display: Found up-to-date module file ../../../Engine/Plugins/Runtime/AndroidPermission/Binaries/Win64/UE4Editor-AndroidPermission.dll (API version 3944462).
LogModuleManager: Display: Found up-to-date module file ../../../Engine/Plugins/Runtime/AppleARKit/Binaries/Win64/UE4Editor-AppleARKit.dll (API version 3944462).
LogModuleManager: Display: Found up-to-date module file ../../../Engine/Plugins/Runtime/ArchVisCharacter/Binaries/Win64/UE4Editor-ArchVisCharacter.dll (API version 3944462).
LogModuleManager: Display: Found up-to-date module file ../../../Engine/Plugins/Runtime/AudioCapture/Binaries/Win64/UE4Editor-AudioCapture.dll (API version 3944462).
LogModuleManager: Display: Found up-to-date module file ../../../Engine/Plugins/Runtime/AudioCapture/Binaries/Win64/UE4Editor-AudioCaptureEditor.dll (API version 3944462).
LogModuleManager: Display: Found up-to-date module file ../../../Engine/Plugins/Runtime/CableComponent/Binaries/Win64/UE4Editor-CableComponent.dll (API version 3944462).
LogModuleManager: Display: Found up-to-date module file ../../../Engine/Plugins/Runtime/CustomMeshComponent/Binaries/Win64/UE4Editor-CustomMeshComponent.dll (API version 3944462).
LogModuleManager: Display: Found up-to-date module file ../../../Engine/Plugins/Runtime/ExampleDeviceProfileSelector/Binaries/Win64/UE4Editor-ExampleDeviceProfileSelector.dll (API version 3944462).
LogModuleManager: Display: Found up-to-date module file ../../../Engine/Plugins/Runtime/ImmediatePhysics/Binaries/Win64/UE4Editor-ImmediatePhysics.dll (API version 3944462).
LogModuleManager: Display: Found up-to-date module file ../../../Engine/Plugins/Runtime/ImmediatePhysics/Binaries/Win64/UE4Editor-ImmediatePhysicsEditor.dll (API version 3944462).
LogModuleManager: Display: Found up-to-date module file ../../../Engine/Plugins/Runtime/LocationServicesBPLibrary/Binaries/Win64/UE4Editor-LocationServicesBPLibrary.dll (API version 3944462).
LogModuleManager: Display: Found up-to-date module file ../../../Engine/Plugins/Runtime/MobilePatchingUtils/Binaries/Win64/UE4Editor-MobilePatchingUtils.dll (API version 3944462).
LogModuleManager: Display: Found up-to-date module file ../../../Engine/Plugins/Runtime/Oculus/OculusVR/Binaries/Win64/UE4Editor-OculusHMD.dll (API version 3944462).
LogModuleManager: Display: Found up-to-date module file ../../../Engine/Plugins/Runtime/Oculus/OculusVR/Binaries/Win64/UE4Editor-OculusInput.dll (API version 3944462).
LogModuleManager: Display: Found up-to-date module file ../../../Engine/Plugins/Runtime/Oculus/OculusVR/Binaries/Win64/UE4Editor-OculusEditor.dll (API version 3944462).
LogModuleManager: Display: Found up-to-date module file ../../../Engine/Plugins/Runtime/PhysXVehicles/Binaries/Win64/UE4Editor-PhysXVehicles.dll (API version 3944462).
LogModuleManager: Display: Found up-to-date module file ../../../Engine/Plugins/Runtime/PhysXVehicles/Binaries/Win64/UE4Editor-PhysXVehiclesEditor.dll (API version 3944462).
LogModuleManager: Display: Found up-to-date module file ../../../Engine/Plugins/Runtime/ProceduralMeshComponent/Binaries/Win64/UE4Editor-ProceduralMeshComponent.dll (API version 3944462).
LogModuleManager: Display: Found up-to-date module file ../../../Engine/Plugins/Runtime/ProceduralMeshComponent/Binaries/Win64/UE4Editor-ProceduralMeshComponentEditor.dll (API version 3944462).
LogModuleManager: Display: Found up-to-date module file ../../../Engine/Plugins/Runtime/RuntimePhysXCooking/Binaries/Win64/UE4Editor-RuntimePhysXCooking.dll (API version 3944462).
LogModuleManager: Display: Found up-to-date module file ../../../Engine/Plugins/Runtime/Steam/SteamVR/Binaries/Win64/UE4Editor-SteamVR.dll (API version 3944462).
LogModuleManager: Display: Found up-to-date module file ../../../Engine/Plugins/Runtime/Steam/SteamVR/Binaries/Win64/UE4Editor-SteamVRController.dll (API version 3944462).
LogModuleManager: Display: Found up-to-date module file ../../../Engine/Plugins/Runtime/WindowsMoviePlayer/Binaries/Win64/UE4Editor-WindowsMoviePlayer.dll (API version 3944462).
LogInit: Using libcurl 7.47.1
LogInit:  - built for x86_64-pc-win32
LogInit:  - supports SSL with OpenSSL/1.0.2g
LogInit:  - supports HTTP deflate (compression) using libz 1.2.8
LogInit:  - other features:
LogInit:      CURL_VERSION_SSL
LogInit:      CURL_VERSION_LIBZ
LogInit:      CURL_VERSION_IPV6
LogInit:      CURL_VERSION_ASYNCHDNS
LogInit:      CURL_VERSION_LARGEFILE
LogInit:      CURL_VERSION_IDN
LogInit:  CurlRequestOptions (configurable via config and command line):
LogInit:  - bVerifyPeer = false  - Libcurl will NOT verify peer certificate
LogInit:  - bUseHttpProxy = false  - Libcurl will NOT use HTTP proxy
LogInit:  - bDontReuseConnections = false  - Libcurl will reuse connections
LogInit:  - CertBundlePath = nullptr  - Libcurl will use whatever was configured at build time.
LogInit:  - MaxHostConnections = 16  - Libcurl will limit the number of connections to a host
LogInit:  - LocalHostAddr = Default
LogInit: WinSock: version 1.1 (2.2), MaxSocks=32767, MaxUdp=65467
LogInit: WinSock: I am DESKTOP-72G2J6N (192.168.1.10:0)
LogInit: Build: ++UE4+Release-4.19-CL-4033788
LogInit: Engine Version: 4.19.2-4033788+++UE4+Release-4.19
LogInit: Compatible Engine Version: 4.19.0-3944462+++UE4+Release-4.19
LogInit: Net CL: 3944462
LogDevObjectVersion: Number of dev versions registered: 18
LogDevObjectVersion:   Dev-Blueprints (B0D832E4-1F89-4F0D-ACCF-7EB736FD4AA2): 10
LogDevObjectVersion:   Dev-Build (E1C64328-A22C-4D53-A36C-8E866417BD8C): 0
LogDevObjectVersion:   Dev-Core (375EC13C-06E4-48FB-B500-84F0262A717E): 2
LogDevObjectVersion:   Dev-Editor (E4B068ED-F494-42E9-A231-DA0B2E46BB41): 23
LogDevObjectVersion:   Dev-Framework (CFFC743F-43B0-4480-9391-14DF171D2073): 33
LogDevObjectVersion:   Dev-Mobile (B02B49B5-BB20-44E9-A304-32B752E40360): 2
LogDevObjectVersion:   Dev-Networking (A4E4105C-59A1-49B5-A7C5-40C4547EDFEE): 0
LogDevObjectVersion:   Dev-Online (39C831C9-5AE6-47DC-9A44-9C173E1C8E7C): 0
LogDevObjectVersion:   Dev-Physics (78F01B33-EBEA-4F98-B9B4-84EACCB95AA2): 0
LogDevObjectVersion:   Dev-Platform (6631380F-2D4D-43E0-8009-CF276956A95A): 0
LogDevObjectVersion:   Dev-Rendering (12F88B9F-8875-4AFC-A67C-D90C383ABD29): 25
LogDevObjectVersion:   Dev-Sequencer (7B5AE74C-D270-4C10-A958-57980B212A5A): 6
LogDevObjectVersion:   Dev-VR (D7296918-1DD6-4BDD-9DE2-64A83CC13884): 1
LogDevObjectVersion:   Dev-LoadTimes (C2A15278-BFE7-4AFE-6C17-90FF531DF755): 1
LogDevObjectVersion:   Private-Geometry (6EACA3D4-40EC-4CC1-B786-8BED09428FC5): 2
LogDevObjectVersion:   Dev-AnimPhys (29E575DD-E0A3-4627-9D10-D276232CDCEA): 16
LogDevObjectVersion:   Dev-ReflectionCapture (6B266CEC-1EC7-4B8F-A30B-E4D90942FC07): 1
LogDevObjectVersion:   Dev-Automation (0DF73D61-A23F-47EA-B727-89E90C41499A): 1
LogInit: Compiled (64-bit): Apr 27 2018 02:06:57
LogInit: Compiled with Visual C++: 19.00.24215.01
LogInit: Build Configuration: Development
LogInit: Branch Name: ++UE4+Release-4.19
LogInit: Command Line: 
LogInit: Base Directory: D:/Epic Games/Unreal Engine/UE_4.19/Engine/Binaries/Win64/
LogInit: Installed Engine Build: 1
LogStreaming: Display: Took  0.002s to delete old logs.
LogInit: Presizing for max 8388607 objects, including 0 objects not considered by GC, pre-allocating 0 bytes for permanent pool.
LogInit: Object subsystem initialized
[2018.07.26-20.36.06:338][  0]LogInit: Selected Device Profile: [Windows]
[2018.07.26-20.36.06:338][  0]LogInit: Applying CVar settings loaded from the selected device profile: [Windows]
[2018.07.26-20.36.06:351][  0]LogInit: Computer: DESKTOP-72G2J6N
[2018.07.26-20.36.06:351][  0]LogInit: User: CaleCurry
[2018.07.26-20.36.06:351][  0]LogInit: CPU Page size=4096, Cores=4
[2018.07.26-20.36.06:351][  0]LogInit: High frequency timer resolution =2.835938 MHz
[2018.07.26-20.36.06:351][  0]LogMemory: Memory total: Physical=31.9GB (32GB approx)
[2018.07.26-20.36.06:351][  0]LogMemory: Platform Memory Stats for Windows
[2018.07.26-20.36.06:351][  0]LogMemory: Process Physical Memory: 273.72 MB used, 273.72 MB peak
[2018.07.26-20.36.06:351][  0]LogMemory: Process Virtual Memory: 264.89 MB used, 264.89 MB peak
[2018.07.26-20.36.06:351][  0]LogMemory: Physical Memory: 9694.14 MB used,  22943.33 MB free, 32637.47 MB total
[2018.07.26-20.36.06:351][  0]LogMemory: Virtual Memory: 4775.13 MB used,  22943.33 MB free, 134217728.00 MB total
[2018.07.26-20.36.06:387][  0]LogInit: Using OS detected language (en-US).
[2018.07.26-20.36.06:387][  0]LogInit: Using OS detected locale (en-US).
[2018.07.26-20.36.06:391][  0]LogTextLocalizationManager: No specific localization for 'en-US' exists, so the 'en' localization will be used.
[2018.07.26-20.36.06:833][  0]LogStreaming: Display: Took  0.446s to EndInitTextLocalization.
[2018.07.26-20.36.06:833][  0]LogInit: Setting process to per monitor DPI aware
[2018.07.26-20.36.06:874][  0]LogSlate: New Slate User Created.  User Index 0, Is Virtual User: 0
[2018.07.26-20.36.06:875][  0]LogSlate: Slate User Registered.  User Index 0, Is Virtual User: 0
[2018.07.26-20.36.07:127][  0]LogD3D11RHI: D3D11 adapters:
[2018.07.26-20.36.07:559][  0]LogD3D11RHI:    0. 'NVIDIA GeForce GTX 1080' (Feature Level 11_0)
[2018.07.26-20.36.07:559][  0]LogD3D11RHI:       8079/0/16318 MB DedicatedVideo/DedicatedSystem/SharedSystem, Outputs:1, VendorId:0x10de
[2018.07.26-20.36.07:569][  0]LogD3D11RHI:    1. 'Intel(R) HD Graphics 630' (Feature Level 11_0)
[2018.07.26-20.36.07:569][  0]LogD3D11RHI:       128/0/16318 MB DedicatedVideo/DedicatedSystem/SharedSystem, Outputs:0, VendorId:0x8086
[2018.07.26-20.36.07:571][  0]LogD3D11RHI:    2. 'Microsoft Basic Render Driver' (Feature Level 11_0)
[2018.07.26-20.36.07:571][  0]LogD3D11RHI:       0/0/16318 MB DedicatedVideo/DedicatedSystem/SharedSystem, Outputs:0, VendorId:0x1414
[2018.07.26-20.36.07:571][  0]LogD3D11RHI: Chosen D3D11 Adapter: 0
[2018.07.26-20.36.07:600][  0]LogD3D11RHI: Creating new Direct3DDevice
[2018.07.26-20.36.07:600][  0]LogD3D11RHI:     GPU DeviceId: 0x1ba0 (for the marketing name, search the web for "GPU Device Id")
[2018.07.26-20.36.07:600][  0]LogWindows: EnumDisplayDevices:
[2018.07.26-20.36.07:600][  0]LogWindows:    0. 'Intel(R) HD Graphics 630' (P:1 D:1)
[2018.07.26-20.36.07:601][  0]LogWindows:    1. 'Intel(R) HD Graphics 630' (P:0 D:0)
[2018.07.26-20.36.07:601][  0]LogWindows:    2. 'Intel(R) HD Graphics 630' (P:0 D:0)
[2018.07.26-20.36.07:601][  0]LogWindows:    3. 'NVIDIA GeForce GTX 1080' (P:0 D:0)
[2018.07.26-20.36.07:601][  0]LogWindows:    4. 'NVIDIA GeForce GTX 1080' (P:0 D:0)
[2018.07.26-20.36.07:602][  0]LogWindows:    5. 'NVIDIA GeForce GTX 1080' (P:0 D:0)
[2018.07.26-20.36.07:602][  0]LogWindows:    6. 'NVIDIA GeForce GTX 1080' (P:0 D:0)
[2018.07.26-20.36.07:602][  0]LogWindows: DebugString: GetVideoDriverDetailsInvalid PrimaryIsNotTheChoosenAdapter GetVideoDriverDetailsInvalid PrimaryIsNotTheChoosenAdapter GetVideoDriverDetailsInvalid PrimaryIsNotTheChoosenAdapter GetVideoDriverDetailsInvalid PrimaryIsNotTheChoosenAdapter GetVideoDriverDetailsInvalid PrimaryIsNotTheChoosenAdapter GetVideoDriverDetailsInvalid PrimaryIsNotTheChoosenAdapter GetVideoDriverDetailsInvalid PrimaryIsNotTheChoosenAdapter FoundDriverCount:0 
[2018.07.26-20.36.07:602][  0]LogD3D11RHI:     Adapter Name: NVIDIA GeForce GTX 1080
[2018.07.26-20.36.07:602][  0]LogD3D11RHI:   Driver Version: Unknown (internal:Unknown, unified:Unknown)
[2018.07.26-20.36.07:602][  0]LogD3D11RHI:      Driver Date: Unknown
[2018.07.26-20.36.07:602][  0]LogRHI: Texture pool is 5655 MB (70% of 8079 MB)
[2018.07.26-20.36.07:649][  0]LogD3D11RHI: [Aftermath] Aftermath enabled and primed
[2018.07.26-20.36.07:649][  0]LogD3D11RHI: [Aftermath] Aftermath enabled and primed
[2018.07.26-20.36.07:649][  0]LogD3D11RHI: Async texture creation enabled
[2018.07.26-20.36.07:668][  0]LogD3D11RHI: GPU Timing Frequency: 1000.000000 (Debug: 2 2)
[2018.07.26-20.36.07:669][  0]LogShaderCompilers: Guid format shader working directory is -47 characters bigger than the processId version (../../../../../../2018_Class_Content/Unreal_And_C++/Section_03/UE4_Building-Escape/BuildingEscape/Intermediate/Shaders/WorkingDirectory/11936/).
[2018.07.26-20.36.07:669][  0]LogShaderCompilers: Cleaned the shader compiler working directory 'C:/Users/Cale Curry/AppData/Local/Temp/UnrealShaderWorkingDir/C3B526FB4CE07EEEB43BF3AE3A773707/'.
[2018.07.26-20.36.07:932][  0]LogTemp: Display: Loaded TP AllDesktopTargetPlatform
[2018.07.26-20.36.07:946][  0]LogTemp: Display: Loaded TP MacClientTargetPlatform
[2018.07.26-20.36.07:960][  0]LogTemp: Display: Loaded TP MacNoEditorTargetPlatform
[2018.07.26-20.36.07:976][  0]LogTemp: Display: Loaded TP MacServerTargetPlatform
[2018.07.26-20.36.07:993][  0]LogTemp: Display: Loaded TP MacTargetPlatform
[2018.07.26-20.36.08:009][  0]LogTemp: Display: Loaded TP WindowsClientTargetPlatform
[2018.07.26-20.36.08:023][  0]LogTemp: Display: Loaded TP WindowsNoEditorTargetPlatform
[2018.07.26-20.36.08:039][  0]LogTemp: Display: Loaded TP WindowsServerTargetPlatform
[2018.07.26-20.36.08:048][  0]LogTemp: Display: Loaded TP WindowsTargetPlatform
[2018.07.26-20.36.08:063][  0]LogTemp: Display: Loaded TP Android_ASTCTargetPlatform
[2018.07.26-20.36.08:081][  0]LogTemp: Display: Loaded TP Android_ATCTargetPlatform
[2018.07.26-20.36.08:094][  0]LogTemp: Display: Loaded TP Android_DXTTargetPlatform
[2018.07.26-20.36.08:107][  0]LogTemp: Display: Loaded TP Android_ETC1aTargetPlatform
[2018.07.26-20.36.08:123][  0]LogTemp: Display: Loaded TP Android_ETC1TargetPlatform
[2018.07.26-20.36.08:135][  0]LogTemp: Display: Loaded TP Android_ETC2TargetPlatform
[2018.07.26-20.36.08:160][  0]LogTemp: Display: Loaded TP Android_MultiTargetPlatform
[2018.07.26-20.36.08:160][  0]LogTemp: Display: Loaded TP Android_PVRTCTargetPlatform
[2018.07.26-20.36.08:172][  0]LogTemp: Display: Loaded TP AndroidTargetPlatform
[2018.07.26-20.36.08:173][  0]LogTemp: Display: Loaded TP HTML5TargetPlatform
[2018.07.26-20.36.08:214][  0]LogTemp: Display: Loaded TP IOSTargetPlatform
[2018.07.26-20.36.08:226][  0]LogTemp: Display: Loaded TP TVOSTargetPlatform
[2018.07.26-20.36.08:238][  0]LogTemp: Display: Loaded TP LinuxClientTargetPlatform
[2018.07.26-20.36.08:251][  0]LogTemp: Display: Loaded TP LinuxNoEditorTargetPlatform
[2018.07.26-20.36.08:266][  0]LogTemp: Display: Loaded TP LinuxServerTargetPlatform
[2018.07.26-20.36.08:280][  0]LogTemp: Display: Loaded TP LinuxTargetPlatform
[2018.07.26-20.36.08:280][  0]LogTargetPlatformManager: Display: Building Assets For Windows
[2018.07.26-20.36.08:412][  0]LogXGEController: Cleaning working directory: C:/Users/Cale Curry/AppData/Local/Temp/UnrealXGEWorkingDir/
[2018.07.26-20.36.08:412][  0]LogXGEController: Cannot use XGE Controller as Incredibuild is not installed on this machine.
[2018.07.26-20.36.08:412][  0]LogShaderCompilers: Cannot use XGE Shader Compiler as Incredibuild is not installed on this machine.
[2018.07.26-20.36.08:412][  0]LogShaderCompilers: Display: Using Local Shader Compiler.
[2018.07.26-20.36.09:080][  0]LogDerivedDataCache: Display: Max Cache Size: 512 MB
[2018.07.26-20.36.09:144][  0]LogDerivedDataCache: Loaded boot cache 0.06s 74MB C:/Users/Cale Curry/AppData/Local/UnrealEngine/4.19/DerivedDataCache/Boot.ddc.
[2018.07.26-20.36.09:144][  0]LogDerivedDataCache: Display: Loaded Boot cache: C:/Users/Cale Curry/AppData/Local/UnrealEngine/4.19/DerivedDataCache/Boot.ddc
[2018.07.26-20.36.09:144][  0]LogDerivedDataCache: FDerivedDataBackendGraph:  Pak pak cache file ../../../../../../2018_Class_Content/Unreal_And_C++/Section_03/UE4_Building-Escape/BuildingEscape/DerivedDataCache/DDC.ddp not found, will not use a pak cache.
[2018.07.26-20.36.09:144][  0]LogDerivedDataCache: Unable to find inner node Pak for hierarchical cache Hierarchy.
[2018.07.26-20.36.09:144][  0]LogDerivedDataCache: FDerivedDataBackendGraph:  CompressedPak pak cache file ../../../../../../2018_Class_Content/Unreal_And_C++/Section_03/UE4_Building-Escape/BuildingEscape/DerivedDataCache/Compressed.ddp not found, will not use a pak cache.
[2018.07.26-20.36.09:144][  0]LogDerivedDataCache: Unable to find inner node CompressedPak for hierarchical cache Hierarchy.
[2018.07.26-20.36.09:159][  0]LogDerivedDataCache: Display: Pak cache opened for reading ../../../Engine/DerivedDataCache/Compressed.ddp.
[2018.07.26-20.36.09:173][  0]LogDerivedDataCache: Using Local data cache path C:/Users/Cale Curry/AppData/Local/UnrealEngine/Common/DerivedDataCache: Writable
[2018.07.26-20.36.09:173][  0]LogDerivedDataCache: Shared data cache path not found in *engine.ini, will not use an Shared cache.
[2018.07.26-20.36.09:173][  0]LogDerivedDataCache: Unable to find inner node Shared for hierarchical cache Hierarchy.
[2018.07.26-20.36.09:184][  0]LogMaterial: Verifying Global Shaders for PCD3D_SM5
[2018.07.26-20.36.09:184][  0]LogSlate: Using Freetype 2.6.0
[2018.07.26-20.36.09:185][  0]LogSlate: SlateFontCache - WITH_FREETYPE: 1, WITH_HARFBUZZ: 1
[2018.07.26-20.36.09:185][  0]LogSlate: SlateFontCache - WITH_FREETYPE: 1, WITH_HARFBUZZ: 1
[2018.07.26-20.36.09:325][  0]LogAssetRegistry: FAssetRegistry took 0.0262 seconds to start up
[2018.07.26-20.36.09:645][  0]LogInit: Selected Device Profile: [Windows]
[2018.07.26-20.36.09:795][  0]LogSimplygon: Simplygon DLL not present - disabling.
[2018.07.26-20.36.09:798][  0]LogMeshReduction: Using SimplygonSwarm for distributed automatic mesh merging
[2018.07.26-20.36.09:798][  0]LogMeshReduction: Using QuadricMeshReduction for automatic static mesh reduction
[2018.07.26-20.36.09:798][  0]LogMeshReduction: No automatic skeletal mesh reduction module available
[2018.07.26-20.36.09:798][  0]LogMeshReduction: No automatic mesh merging module available
[2018.07.26-20.36.09:798][  0]LogMeshMerging: No automatic mesh merging module available
[2018.07.26-20.36.09:835][  0]LogNetVersion: BuildingEscape , NetCL: 3944462, EngineNetVer: 2, GameNetVer: 0 (Checksum: 4285820645)
[2018.07.26-20.36.10:305][  0]LogPackageLocalizationCache: Processed 9 localized package path(s) for 2 prioritized culture(s) in 0.106217 seconds
[2018.07.26-20.36.10:314][  0]LogUObjectArray: 36728 objects as part of root set at end of initial load.
[2018.07.26-20.36.10:314][  0]LogUObjectAllocator: 7314304 out of 0 bytes used by permanent object pool.
[2018.07.26-20.36.10:314][  0]LogUObjectArray: CloseDisregardForGC: 0/0 objects in disregard for GC pool
[2018.07.26-20.36.12:155][  0]LogTcpMessaging: Initializing TcpMessaging bridge
[2018.07.26-20.36.12:189][  0]LogUdpMessaging: Initializing bridge on interface 0.0.0.0:0 to multicast group 230.0.0.1:6666.
[2018.07.26-20.36.12:639][  0]SourceControl: Source control is disabled
[2018.07.26-20.36.12:639][  0]SourceControl: Source control is disabled
[2018.07.26-20.36.12:664][  0]SourceControl: Source control is disabled
[2018.07.26-20.36.12:687][  0]SourceControl: Source control is disabled
[2018.07.26-20.36.13:285][  0]LogAndroidPermission: UAndroidPermissionCallbackProxy::GetInstance
[2018.07.26-20.36.13:478][  0]LogOcInput: OculusInput pre-init called
[2018.07.26-20.36.13:604][  0]LogEngine: Initializing Engine...
[2018.07.26-20.36.13:606][  0]LogHMD: Failed to initialize OpenVR with code 110
[2018.07.26-20.36.13:608][  0]LogStats: UGameplayTagsManager::ConstructGameplayTagTree: Construct from data asset -  0.000 s
[2018.07.26-20.36.13:608][  0]LogStats: UGameplayTagsManager::ConstructGameplayTagTree: GameplayTagTreeChangedEvent.Broadcast -  0.000 s
[2018.07.26-20.36.13:857][  0]LogAIModule: Creating AISystem for world Untitled
[2018.07.26-20.36.13:866][  0]LogInit: XAudio2 using 'Speakers / Headphones (Realtek Audio)' : 2 channels at 48 kHz using 32 bits per sample (channel mask 0x3)
[2018.07.26-20.36.14:885][  0]LogInit: FAudioDevice initialized.
[2018.07.26-20.36.14:936][  0]LogDerivedDataCache: Saved boot cache 0.05s 74MB C:/Users/Cale Curry/AppData/Local/UnrealEngine/4.19/DerivedDataCache/Boot.ddc.
[2018.07.26-20.36.14:941][  0]LogInit: Texture streaming: Enabled
[2018.07.26-20.36.14:961][  0]LogEngineSessionManager: EngineSessionManager initialized
[2018.07.26-20.36.14:962][  0]LogEngineSessionManager: EngineSessionManager sent abnormal shutdown report. Type=Crashed, SessionId={7E7C43D9-45B5-6FEC-89E9-4A8E5933CBCF}
[2018.07.26-20.36.14:982][  0]LogInit: Transaction tracking system initialized
[2018.07.26-20.36.15:005][  0]BlueprintLog: New page: Editor Load
[2018.07.26-20.36.15:095][  0]LocalizationService: Localization service is disabled
[2018.07.26-20.36.15:201][  0]LogConsoleResponse: Display: 
[2018.07.26-20.36.15:369][  0]LogCook: Display: Max memory allowance for cook 16384mb min free memory 0mb
[2018.07.26-20.36.15:369][  0]LogCook: Display: Mobile HDR setting 1
[2018.07.26-20.36.15:369][  0]LogGameplayTags: Display: UGameplayTagsManager::DoneAddingNativeTags. DelegateIsBound: 0
[2018.07.26-20.36.15:369][  0]LogStats: UGameplayTagsManager::ConstructGameplayTagTree: Construct from data asset -  0.000 s
[2018.07.26-20.36.15:369][  0]LogStats: UGameplayTagsManager::ConstructGameplayTagTree: GameplayTagTreeChangedEvent.Broadcast -  0.000 s
[2018.07.26-20.36.15:821][  0]LogFileCache: Scanning file cache for directory 'D:/2018_Class_Content/Unreal_And_C++/Section_03/UE4_Building-Escape/BuildingEscape/Content/' took 0.01s
[2018.07.26-20.36.15:821][  0]SourceControl: Source control is disabled
[2018.07.26-20.36.15:821][  0]Cmd: MAP LOAD FILE="../../../../../../2018_Class_Content/Unreal_And_C++/Section_03/UE4_Building-Escape/BuildingEscape/Content/NewMap.umap" TEMPLATE=0 SHOWPROGRESS=1 FEATURELEVEL=3
[2018.07.26-20.36.15:823][  0]LightingResults: New page: Lighting Build
[2018.07.26-20.36.15:825][  0]MapCheck: New page: Map Check
[2018.07.26-20.36.15:825][  0]LightingResults: New page: Lighting Build
[2018.07.26-20.36.16:270][  0]LogAIModule: Creating AISystem for world NewMap
[2018.07.26-20.36.16:277][  0]LogEditorServer: Finished looking for orphan Actors (0.000 secs)
[2018.07.26-20.36.16:294][  0]Cmd: MAP CHECKDEP NOCLEARLOG
[2018.07.26-20.36.16:365][  0]MapCheck: Map check complete: 0 Error(s), 0 Warning(s), took 70.322ms to complete.
[2018.07.26-20.36.16:365][  0]LogFileHelpers: Loading map 'NewMap' took 0.543
[2018.07.26-20.36.16:501][  0]LogCollectionManager: Loaded 0 collections in 0.001654 seconds
[2018.07.26-20.36.16:547][  0]LogFileCache: Scanning file cache for directory 'D:/2018_Class_Content/Unreal_And_C++/Section_03/UE4_Building-Escape/BuildingEscape/Saved/Collections/' took 0.01s
[2018.07.26-20.36.16:547][  0]LogFileCache: Scanning file cache for directory 'D:/2018_Class_Content/Unreal_And_C++/Section_03/UE4_Building-Escape/BuildingEscape/Content/Developers/CaleCurry/Collections/' took 0.01s
[2018.07.26-20.36.16:547][  0]LogFileCache: Scanning file cache for directory 'D:/2018_Class_Content/Unreal_And_C++/Section_03/UE4_Building-Escape/BuildingEscape/Content/Collections/' took 0.01s
[2018.07.26-20.36.16:547][  0]LogCollectionManager: Rebuilt the GUID cache for 0 collections in 0.000000 seconds
[2018.07.26-20.36.16:559][  0]LogContentBrowser: Native class hierarchy populated in 0.0120 seconds. Added 2456 classes and 560 folders.
[2018.07.26-20.36.16:566][  0]LogContentBrowser: Native class hierarchy updated for 'WidgetCarousel' in 0.0008 seconds. Added 0 classes and 0 folders.
[2018.07.26-20.36.16:630][  0]LogContentBrowser: Native class hierarchy updated for 'AddContentDialog' in 0.0008 seconds. Added 0 classes and 0 folders.
[2018.07.26-20.36.16:638][  0]LogContentBrowser: Native class hierarchy updated for 'SceneOutliner' in 0.0008 seconds. Added 1 classes and 2 folders.
[2018.07.26-20.36.16:692][  0]LogContentBrowser: Native class hierarchy updated for 'HierarchicalLODOutliner' in 0.0012 seconds. Added 0 classes and 0 folders.
[2018.07.26-20.36.16:693][  0]LogLoad: (Engine Initialization) Total time: 14.02 seconds
[2018.07.26-20.36.16:693][  0]LogLoad: (Engine Initialization) Total Blueprint compile time: 0.00 seconds
[2018.07.26-20.36.16:712][  0]LogWindowsTextInputMethodSystem: Display: IME system now deactivated.
[2018.07.26-20.36.16:732][  0]LogContentStreaming: Texture pool size now 1000 MB
[2018.07.26-20.36.16:733][  0]LogSlate: Took 0.000284 seconds to synchronously load lazily loaded font '../../../Engine/Content/Slate/Fonts/Roboto-Regular.ttf' (155K)
[2018.07.26-20.36.16:736][  0]LogSlate: Took 0.000196 seconds to synchronously load lazily loaded font '../../../Engine/Content/Slate/Fonts/Roboto-Bold.ttf' (160K)
[2018.07.26-20.36.16:742][  0]LogSlate: Took 0.000169 seconds to synchronously load lazily loaded font '../../../Engine/Content/Editor/Slate/Fonts/FontAwesome.ttf' (139K)
[2018.07.26-20.36.16:743][  0]LogSlate: Took 0.000172 seconds to synchronously load lazily loaded font '../../../Engine/Content/Slate/Fonts/DroidSansMono.ttf' (77K)
[2018.07.26-20.36.16:909][  1]LogAssetRegistry: Asset discovery search completed in 7.6070 seconds
[2018.07.26-20.36.16:912][  1]LogCollectionManager: Rebuilt the object cache for 0 collections in 0.000000 seconds (found 0 objects)
[2018.07.26-20.36.16:912][  1]LogCollectionManager: Fixed up redirectors for 0 collections in 0.000237 seconds (updated 0 objects)
[2018.07.26-20.36.16:939][  2]LogRenderer: Reallocating scene render targets to support 628x500 Format 10 NumSamples 1 (Frame:1).
[2018.07.26-20.36.19:521][152]LogSlate: FSceneViewport::OnFocusLost() reason 0
[2018.07.26-20.36.50:585][588]Candidate modules for hot reload:
[2018.07.26-20.36.50:585][588]  BuildingEscape
[2018.07.26-20.36.50:585][588]Launching UnrealBuildTool... [D:/Epic Games/Unreal Engine/UE_4.19/Engine/Binaries/DotNET/UnrealBuildTool.exe BuildingEscape -ModuleWithSuffix=BuildingEscape,2450 Win64 Development -editorrecompile -canskiplink "D:/2018_Class_Content/Unreal_And_C++/Section_03/UE4_Building-Escape/BuildingEscape/BuildingEscape.uproject" ]
[2018.07.26-20.36.50:590][588]Warning: Starting HotReload took  0.0s.
[2018.07.26-20.36.59:560][127]CompilerResultsLog: New page: Compilation - Jul 26, 2018, 10:36:59 AM
[2018.07.26-20.36.59:560][127]CompilerResultsLog: Using 'git status' to determine working set for adaptive non-unity build.
[2018.07.26-20.36.59:560][127]CompilerResultsLog: Compiling game modules for hot reload
[2018.07.26-20.36.59:560][127]CompilerResultsLog: Performing 3 actions (4 in parallel)
[2018.07.26-20.36.59:560][127]CompilerResultsLog: OpenDoor.cpp
[2018.07.26-20.36.59:561][127]CompilerResultsLog: [2/3] Link UE4Editor-BuildingEscape-2450.dll
[2018.07.26-20.36.59:561][127]CompilerResultsLog: [3/3] Link UE4Editor-BuildingEscape-2450.lib
[2018.07.26-20.36.59:561][127]CompilerResultsLog:    Creating library D:\2018_Class_Content\Unreal_And_C++\Section_03\UE4_Building-Escape\BuildingEscape\Intermediate\Build\Win64\UE4Editor\Development\UE4Editor-BuildingEscape-2450.lib and object D:\2018_Class_Content\Unreal_And_C++\Section_03\UE4_Building-Escape\BuildingEscape\Intermediate\Build\Win64\UE4Editor\Development\UE4Editor-BuildingEscape-2450.exp
[2018.07.26-20.36.59:561][127]CompilerResultsLog:    Creating library D:\2018_Class_Content\Unreal_And_C++\Section_03\UE4_Building-Escape\BuildingEscape\Intermediate\Build\Win64\UE4Editor\Development\UE4Editor-BuildingEscape-2450.suppressed.lib and object D:\2018_Class_Content\Unreal_And_C++\Section_03\UE4_Building-Escape\BuildingEscape\Intermediate\Build\Win64\UE4Editor\Development\UE4Editor-BuildingEscape-2450.suppressed.exp
[2018.07.26-20.36.59:562][127]CompilerResultsLog: Total build time: 8.70 seconds (Local executor: 7.97 seconds)
[2018.07.26-20.36.59:562][127]LogMainFrame: MainFrame: Module compiling took 8.983 seconds
[2018.07.26-20.36.59:583][127]LogContentBrowser: Native class hierarchy updated for 'BuildingEscape' in 0.0010 seconds. Added 4 classes and 2 folders.
[2018.07.26-20.36.59:584][127]Display: HotReload successful (0 functions remapped  0 scriptstructs remapped)
[2018.07.26-20.36.59:690][127]LogContentBrowser: Native class hierarchy populated in 0.0099 seconds. Added 2457 classes and 562 folders.
[2018.07.26-20.36.59:691][127]Display: HotReload took  9.1s.
[2018.07.26-20.37.01:125][213]LogTemp: Repeating last play command: Selected Viewport
[2018.07.26-20.37.01:139][213]LogPlayLevel: PlayLevel: No blueprints needed recompiling
[2018.07.26-20.37.01:139][213]PIE: New page: PIE session: NewMap (Jul 26, 2018, 10:37:01 AM)
[2018.07.26-20.37.01:140][213]LogPlayLevel: Creating play world package: /Game/UEDPIE_0_NewMap
[2018.07.26-20.37.01:145][213]LogPlayLevel: PIE: StaticDuplicateObject took: (0.004851s)
[2018.07.26-20.37.01:145][213]LogAIModule: Creating AISystem for world NewMap
[2018.07.26-20.37.01:146][213]LogPlayLevel: PIE: World Init took: (0.000774s)
[2018.07.26-20.37.01:146][213]LogPlayLevel: PIE: Created PIE world by copying editor world from /Game/NewMap.NewMap to /Game/UEDPIE_0_NewMap.NewMap (0.006166s)
[2018.07.26-20.37.01:162][213]LogInit: XAudio2 using 'Speakers / Headphones (Realtek Audio)' : 2 channels at 48 kHz using 32 bits per sample (channel mask 0x3)
[2018.07.26-20.37.01:222][213]LogInit: FAudioDevice initialized.
[2018.07.26-20.37.01:289][213]LogLoad: Game class is 'BuildingEscapeGameModeBP_C'
[2018.07.26-20.37.01:291][213]LogWorld: Bringing World /Game/UEDPIE_0_NewMap.NewMap up for play (max tick rate 60) at 2018.07.26-15.37.01
[2018.07.26-20.37.01:292][213]LogWorld: Bringing up level for play took: 0.001831
[2018.07.26-20.37.01:317][213]LogContentBrowser: Native class hierarchy updated for 'MovieSceneCapture' in 0.0008 seconds. Added 11 classes and 0 folders.
[2018.07.26-20.37.01:318][213]PIE: Play in editor start time for /Game/UEDPIE_0_NewMap 1.176
[2018.07.26-20.37.08:619][593]LogWindows: Error: === Critical error: ===
[2018.07.26-20.37.08:619][593]LogWindows: Error: 
[2018.07.26-20.37.08:619][593]LogWindows: Error: Fatal error!
[2018.07.26-20.37.08:619][593]LogWindows: Error: 
[2018.07.26-20.37.08:619][593]LogWindows: Error: Unhandled Exception: EXCEPTION_ACCESS_VIOLATION reading address 0xfffffffe
[2018.07.26-20.37.08:619][593]LogWindows: Error: 
[2018.07.26-20.37.08:619][593]LogWindows: Error: [Callstack] 0x00000000A12910E0 ucrtbase.dll!UnknownFunction []
[2018.07.26-20.37.08:619][593]LogWindows: Error: [Callstack] 0x00000000A128265A ucrtbase.dll!UnknownFunction []
[2018.07.26-20.37.08:619][593]LogWindows: Error: [Callstack] 0x00000000A1281A11 ucrtbase.dll!UnknownFunction []
[2018.07.26-20.37.08:619][593]LogWindows: Error: [Callstack] 0x0000000051307BFA UE4Editor-Core.dll!UnknownFunction []
[2018.07.26-20.37.08:619][593]LogWindows: Error: [Callstack] 0x000000002CF835AB UE4Editor-BuildingEscape-2450.dll!UOpenDoor::GetTotalMassOfActorsOnPlate() [d:\2018_class_content\unreal_and_c++\section_03\ue4_building-escape\buildingescape\source\buildingescape\opendoor.cpp:76]
[2018.07.26-20.37.08:619][593]LogWindows: Error: [Callstack] 0x000000002CF8369C UE4Editor-BuildingEscape-2450.dll!UOpenDoor::TickComponent() [d:\2018_class_content\unreal_and_c++\section_03\ue4_building-escape\buildingescape\source\buildingescape\opendoor.cpp:51]
[2018.07.26-20.37.08:619][593]LogWindows: Error: [Callstack] 0x00000000441AD828 UE4Editor-Engine.dll!UnknownFunction []
[2018.07.26-20.37.08:620][593]LogWindows: Error: [Callstack] 0x00000000441E0394 UE4Editor-Engine.dll!UnknownFunction []
[2018.07.26-20.37.08:620][593]LogWindows: Error: [Callstack] 0x0000000044EB70BB UE4Editor-Engine.dll!UnknownFunction []
[2018.07.26-20.37.08:620][593]LogWindows: Error: [Callstack] 0x0000000044EBC793 UE4Editor-Engine.dll!UnknownFunction []
[2018.07.26-20.37.08:620][593]LogWindows: Error: [Callstack] 0x000000005121B713 UE4Editor-Core.dll!UnknownFunction []
[2018.07.26-20.37.08:620][593]LogWindows: Error: [Callstack] 0x000000005121BA50 UE4Editor-Core.dll!UnknownFunction []
[2018.07.26-20.37.08:620][593]LogWindows: Error: [Callstack] 0x0000000044EDD4E5 UE4Editor-Engine.dll!UnknownFunction []
[2018.07.26-20.37.08:620][593]LogWindows: Error: [Callstack] 0x0000000044EE3292 UE4Editor-Engine.dll!UnknownFunction []
[2018.07.26-20.37.08:620][593]LogWindows: Error: [Callstack] 0x000000004473C304 UE4Editor-Engine.dll!UnknownFunction []
[2018.07.26-20.37.08:620][593]LogWindows: Error: [Callstack] 0x0000000044747829 UE4Editor-Engine.dll!UnknownFunction []
[2018.07.26-20.37.08:620][593]LogWindows: Error: [Callstack] 0x00000000423AD781 UE4Editor-UnrealEd.dll!UnknownFunction []
[2018.07.26-20.37.08:620][593]LogWindows: Error: [Callstack] 0x0000000042C49626 UE4Editor-UnrealEd.dll!UnknownFunction []
[2018.07.26-20.37.08:620][593]LogWindows: Error: [Callstack] 0x000000009F425EAC UE4Editor.exe!UnknownFunction []
[2018.07.26-20.37.08:620][593]LogWindows: Error: [Callstack] 0x000000009F436BD0 UE4Editor.exe!UnknownFunction []
[2018.07.26-20.37.08:620][593]LogWindows: Error: [Callstack] 0x000000009F436C4A UE4Editor.exe!UnknownFunction []
[2018.07.26-20.37.08:620][593]LogWindows: Error: [Callstack] 0x000000009F444177 UE4Editor.exe!UnknownFunction []
[2018.07.26-20.37.08:620][593]LogWindows: Error: [Callstack] 0x000000009F445B87 UE4Editor.exe!UnknownFunction []
[2018.07.26-20.37.08:620][593]LogWindows: Error: [Callstack] 0x00000000A4C03034 KERNEL32.DLL!UnknownFunction []
[2018.07.26-20.37.08:620][593]LogWindows: Error: [Callstack] 0x00000000A4F11431 ntdll.dll!UnknownFunction []
[2018.07.26-20.37.08:620][593]LogWindows: Error: [Callstack] 0x00000000A4F11431 ntdll.dll!UnknownFunction []
[2018.07.26-20.37.08:620][593]LogWindows: Error: 
[2018.07.26-20.37.08:630][593]LogExit: Executing StaticShutdownAfterError
[2018.07.26-20.37.08:632][593]LogWindows: FPlatformMisc::RequestExit(1)
[2018.07.26-20.37.08:632][593]Log file closed, 07/26/18 15:37:08
